cl : command line warning D9035: option 'Gm' has been deprecated and will be removed in a future release
  example1.cpp
D:\Do Hoa May Tinh\ThucHanh_BTVN\De chinh sua\LamLai\BaiTHso3_2_project_Cube\GLSLExperiment\example1.cpp(133,42): warning C4305: 'argument': truncation from 'double' to 'const GLfloat'
D:\Do Hoa May Tinh\ThucHanh_BTVN\De chinh sua\LamLai\BaiTHso3_2_project_Cube\GLSLExperiment\example1.cpp(134,23): warning C4305: 'argument': truncation from 'double' to 'GLfloat'
D:\Do Hoa May Tinh\ThucHanh_BTVN\De chinh sua\LamLai\BaiTHso3_2_project_Cube\GLSLExperiment\example1.cpp(136,41): warning C4305: 'argument': truncation from 'double' to 'const GLfloat'
D:\Do Hoa May Tinh\ThucHanh_BTVN\De chinh sua\LamLai\BaiTHso3_2_project_Cube\GLSLExperiment\example1.cpp(137,24): warning C4305: 'argument': truncation from 'double' to 'GLfloat'
D:\Do Hoa May Tinh\ThucHanh_BTVN\De chinh sua\LamLai\BaiTHso3_2_project_Cube\GLSLExperiment\example1.cpp(139,41): warning C4305: 'argument': truncation from 'double' to 'const GLfloat'
D:\Do Hoa May Tinh\ThucHanh_BTVN\De chinh sua\LamLai\BaiTHso3_2_project_Cube\GLSLExperiment\example1.cpp(140,24): warning C4305: 'argument': truncation from 'double' to 'GLfloat'
D:\Do Hoa May Tinh\ThucHanh_BTVN\De chinh sua\LamLai\BaiTHso3_2_project_Cube\GLSLExperiment\example1.cpp(142,40): warning C4305: 'argument': truncation from 'double' to 'const GLfloat'
D:\Do Hoa May Tinh\ThucHanh_BTVN\De chinh sua\LamLai\BaiTHso3_2_project_Cube\GLSLExperiment\example1.cpp(143,24): warning C4305: 'argument': truncation from 'double' to 'GLfloat'
D:\Do Hoa May Tinh\ThucHanh_BTVN\De chinh sua\LamLai\BaiTHso3_2_project_Cube\GLSLExperiment\example1.cpp(145,39): warning C4305: 'argument': truncation from 'double' to 'const GLfloat'
D:\Do Hoa May Tinh\ThucHanh_BTVN\De chinh sua\LamLai\BaiTHso3_2_project_Cube\GLSLExperiment\example1.cpp(146,23): warning C4305: 'argument': truncation from 'double' to 'GLfloat'
D:\Do Hoa May Tinh\ThucHanh_BTVN\De chinh sua\LamLai\BaiTHso3_2_project_Cube\GLSLExperiment\example1.cpp(149,24): warning C4305: 'argument': truncation from 'double' to 'GLfloat'
D:\Do Hoa May Tinh\ThucHanh_BTVN\De chinh sua\LamLai\BaiTHso3_2_project_Cube\GLSLExperiment\example1.cpp(151,43): warning C4305: 'argument': truncation from 'double' to 'const GLfloat'
D:\Do Hoa May Tinh\ThucHanh_BTVN\De chinh sua\LamLai\BaiTHso3_2_project_Cube\GLSLExperiment\example1.cpp(152,24): warning C4305: 'argument': truncation from 'double' to 'GLfloat'
D:\Do Hoa May Tinh\ThucHanh_BTVN\De chinh sua\LamLai\BaiTHso3_2_project_Cube\GLSLExperiment\example1.cpp(154,35): warning C4305: 'argument': truncation from 'double' to 'const GLfloat'
D:\Do Hoa May Tinh\ThucHanh_BTVN\De chinh sua\LamLai\BaiTHso3_2_project_Cube\GLSLExperiment\example1.cpp(154,47): warning C4244: 'argument': conversion from 'GLdouble' to 'const GLfloat', possible loss of data
D:\Do Hoa May Tinh\ThucHanh_BTVN\De chinh sua\LamLai\BaiTHso3_2_project_Cube\GLSLExperiment\example1.cpp(154,76): warning C4305: 'argument': truncation from 'double' to 'const GLfloat'
D:\Do Hoa May Tinh\ThucHanh_BTVN\De chinh sua\LamLai\BaiTHso3_2_project_Cube\GLSLExperiment\example1.cpp(155,52): warning C4305: 'argument': truncation from 'double' to 'const GLfloat'
D:\Do Hoa May Tinh\ThucHanh_BTVN\De chinh sua\LamLai\BaiTHso3_2_project_Cube\GLSLExperiment\example1.cpp(156,26): warning C4305: 'argument': truncation from 'double' to 'GLfloat'
D:\Do Hoa May Tinh\ThucHanh_BTVN\De chinh sua\LamLai\BaiTHso3_2_project_Cube\GLSLExperiment\example1.cpp(169,37): warning C4305: 'argument': truncation from 'double' to 'const GLfloat'
D:\Do Hoa May Tinh\ThucHanh_BTVN\De chinh sua\LamLai\BaiTHso3_2_project_Cube\GLSLExperiment\example1.cpp(170,22): warning C4305: 'argument': truncation from 'double' to 'GLfloat'
D:\Do Hoa May Tinh\ThucHanh_BTVN\De chinh sua\LamLai\BaiTHso3_2_project_Cube\GLSLExperiment\example1.cpp(172,37): warning C4305: 'argument': truncation from 'double' to 'const GLfloat'
D:\Do Hoa May Tinh\ThucHanh_BTVN\De chinh sua\LamLai\BaiTHso3_2_project_Cube\GLSLExperiment\example1.cpp(173,20): warning C4305: 'argument': truncation from 'double' to 'GLfloat'
D:\Do Hoa May Tinh\ThucHanh_BTVN\De chinh sua\LamLai\BaiTHso3_2_project_Cube\GLSLExperiment\example1.cpp(176,38): warning C4305: 'argument': truncation from 'double' to 'const GLfloat'
D:\Do Hoa May Tinh\ThucHanh_BTVN\De chinh sua\LamLai\BaiTHso3_2_project_Cube\GLSLExperiment\example1.cpp(177,20): warning C4305: 'argument': truncation from 'double' to 'GLfloat'
D:\Do Hoa May Tinh\ThucHanh_BTVN\De chinh sua\LamLai\BaiTHso3_2_project_Cube\GLSLExperiment\example1.cpp(179,35): warning C4305: 'argument': truncation from 'double' to 'const GLfloat'
D:\Do Hoa May Tinh\ThucHanh_BTVN\De chinh sua\LamLai\BaiTHso3_2_project_Cube\GLSLExperiment\example1.cpp(180,19): warning C4305: 'argument': truncation from 'double' to 'GLfloat'
D:\Do Hoa May Tinh\ThucHanh_BTVN\De chinh sua\LamLai\BaiTHso3_2_project_Cube\GLSLExperiment\example1.cpp(182,36): warning C4305: 'argument': truncation from 'double' to 'const GLfloat'
D:\Do Hoa May Tinh\ThucHanh_BTVN\De chinh sua\LamLai\BaiTHso3_2_project_Cube\GLSLExperiment\example1.cpp(183,21): warning C4305: 'argument': truncation from 'double' to 'GLfloat'
D:\Do Hoa May Tinh\ThucHanh_BTVN\De chinh sua\LamLai\BaiTHso3_2_project_Cube\GLSLExperiment\example1.cpp(185,36): warning C4305: 'argument': truncation from 'double' to 'const GLfloat'
D:\Do Hoa May Tinh\ThucHanh_BTVN\De chinh sua\LamLai\BaiTHso3_2_project_Cube\GLSLExperiment\example1.cpp(186,18): warning C4305: 'argument': truncation from 'double' to 'GLfloat'
D:\Do Hoa May Tinh\ThucHanh_BTVN\De chinh sua\LamLai\BaiTHso3_2_project_Cube\GLSLExperiment\example1.cpp(198,38): warning C4244: 'argument': conversion from 'int' to 'const GLfloat', possible loss of data
D:\Do Hoa May Tinh\ThucHanh_BTVN\De chinh sua\LamLai\BaiTHso3_2_project_Cube\GLSLExperiment\example1.cpp(202,38): warning C4244: 'argument': conversion from 'int' to 'const GLfloat', possible loss of data
D:\Do Hoa May Tinh\ThucHanh_BTVN\De chinh sua\LamLai\BaiTHso3_2_project_Cube\GLSLExperiment\example1.cpp(210,39): warning C4305: 'argument': truncation from 'double' to 'const GLfloat'
D:\Do Hoa May Tinh\ThucHanh_BTVN\De chinh sua\LamLai\BaiTHso3_2_project_Cube\GLSLExperiment\example1.cpp(211,26): warning C4305: 'argument': truncation from 'double' to 'GLfloat'
D:\Do Hoa May Tinh\ThucHanh_BTVN\De chinh sua\LamLai\BaiTHso3_2_project_Cube\GLSLExperiment\example1.cpp(213,40): warning C4305: 'argument': truncation from 'double' to 'const GLfloat'
D:\Do Hoa May Tinh\ThucHanh_BTVN\De chinh sua\LamLai\BaiTHso3_2_project_Cube\GLSLExperiment\example1.cpp(214,26): warning C4305: 'argument': truncation from 'double' to 'GLfloat'
D:\Do Hoa May Tinh\ThucHanh_BTVN\De chinh sua\LamLai\BaiTHso3_2_project_Cube\GLSLExperiment\example1.cpp(216,40): warning C4305: 'argument': truncation from 'double' to 'const GLfloat'
D:\Do Hoa May Tinh\ThucHanh_BTVN\De chinh sua\LamLai\BaiTHso3_2_project_Cube\GLSLExperiment\example1.cpp(217,28): warning C4305: 'argument': truncation from 'double' to 'GLfloat'
D:\Do Hoa May Tinh\ThucHanh_BTVN\De chinh sua\LamLai\BaiTHso3_2_project_Cube\GLSLExperiment\example1.cpp(219,39): warning C4305: 'argument': truncation from 'double' to 'const GLfloat'
D:\Do Hoa May Tinh\ThucHanh_BTVN\De chinh sua\LamLai\BaiTHso3_2_project_Cube\GLSLExperiment\example1.cpp(220,28): warning C4305: 'argument': truncation from 'double' to 'GLfloat'
D:\Do Hoa May Tinh\ThucHanh_BTVN\De chinh sua\LamLai\BaiTHso3_2_project_Cube\GLSLExperiment\example1.cpp(237,23): warning C4244: 'argument': conversion from 'GLdouble' to 'const GLfloat', possible loss of data
D:\Do Hoa May Tinh\ThucHanh_BTVN\De chinh sua\LamLai\BaiTHso3_2_project_Cube\GLSLExperiment\example1.cpp(239,25): warning C4305: 'argument': truncation from 'double' to 'GLfloat'
D:\Do Hoa May Tinh\ThucHanh_BTVN\De chinh sua\LamLai\BaiTHso3_2_project_Cube\GLSLExperiment\example1.cpp(242,25): warning C4305: 'argument': truncation from 'double' to 'GLfloat'
D:\Do Hoa May Tinh\ThucHanh_BTVN\De chinh sua\LamLai\BaiTHso3_2_project_Cube\GLSLExperiment\example1.cpp(245,25): warning C4305: 'argument': truncation from 'double' to 'GLfloat'
D:\Do Hoa May Tinh\ThucHanh_BTVN\De chinh sua\LamLai\BaiTHso3_2_project_Cube\GLSLExperiment\example1.cpp(247,36): warning C4305: 'argument': truncation from 'double' to 'const GLfloat'
D:\Do Hoa May Tinh\ThucHanh_BTVN\De chinh sua\LamLai\BaiTHso3_2_project_Cube\GLSLExperiment\example1.cpp(248,24): warning C4305: 'argument': truncation from 'double' to 'GLfloat'
D:\Do Hoa May Tinh\ThucHanh_BTVN\De chinh sua\LamLai\BaiTHso3_2_project_Cube\GLSLExperiment\example1.cpp(263,16): warning C4244: 'argument': conversion from 'GLdouble' to 'const GLfloat', possible loss of data
D:\Do Hoa May Tinh\ThucHanh_BTVN\De chinh sua\LamLai\BaiTHso3_2_project_Cube\GLSLExperiment\example1.cpp(286,21): warning C4305: '-=': truncation from 'double' to 'GLfloat'
  GLSLExperiment.vcxproj -> D:\Do Hoa May Tinh\ThucHanh_BTVN\De chinh sua\LamLai\BaiTHso3_2_project_Cube\Debug\GLSLExperiment.exe
