cl : command line warning D9035: option 'Gm' has been deprecated and will be removed in a future release
  example1.cpp
D:\Do Hoa May Tinh\ThucHanh_BTVN\De chinh sua\LamLai\CHINHSUA_BANGV\BaiTHso3_2_project_Cube\GLSLExperiment\example1.cpp(40,21): error C2086: 'Angel::mat4 ctm': redefinition
D:\Do Hoa May Tinh\ThucHanh_BTVN\De chinh sua\LamLai\CHINHSUA_BANGV\BaiTHso3_2_project_Cube\GLSLExperiment\example1.cpp(36): message : see declaration of 'ctm'
D:\Do Hoa May Tinh\ThucHanh_BTVN\De chinh sua\LamLai\CHINHSUA_BANGV\BaiTHso3_2_project_Cube\GLSLExperiment\example1.cpp(43,17): warning C4305: 'initializing': truncation from 'double' to 'GLfloat'
D:\Do Hoa May Tinh\ThucHanh_BTVN\De chinh sua\LamLai\CHINHSUA_BANGV\BaiTHso3_2_project_Cube\GLSLExperiment\example1.cpp(43,26): warning C4305: 'initializing': truncation from 'double' to 'GLfloat'
D:\Do Hoa May Tinh\ThucHanh_BTVN\De chinh sua\LamLai\CHINHSUA_BANGV\BaiTHso3_2_project_Cube\GLSLExperiment\example1.cpp(44,33): warning C4305: 'initializing': truncation from 'double' to 'GLfloat'
D:\Do Hoa May Tinh\ThucHanh_BTVN\De chinh sua\LamLai\CHINHSUA_BANGV\BaiTHso3_2_project_Cube\GLSLExperiment\example1.cpp(141,34): warning C4305: 'argument': truncation from 'double' to 'const GLfloat'
D:\Do Hoa May Tinh\ThucHanh_BTVN\De chinh sua\LamLai\CHINHSUA_BANGV\BaiTHso3_2_project_Cube\GLSLExperiment\example1.cpp(145,44): warning C4305: 'argument': truncation from 'double' to 'const GLfloat'
D:\Do Hoa May Tinh\ThucHanh_BTVN\De chinh sua\LamLai\CHINHSUA_BANGV\BaiTHso3_2_project_Cube\GLSLExperiment\example1.cpp(145,69): warning C4305: 'argument': truncation from 'double' to 'const GLfloat'
D:\Do Hoa May Tinh\ThucHanh_BTVN\De chinh sua\LamLai\CHINHSUA_BANGV\BaiTHso3_2_project_Cube\GLSLExperiment\example1.cpp(149,43): warning C4305: 'argument': truncation from 'double' to 'const GLfloat'
D:\Do Hoa May Tinh\ThucHanh_BTVN\De chinh sua\LamLai\CHINHSUA_BANGV\BaiTHso3_2_project_Cube\GLSLExperiment\example1.cpp(149,68): warning C4305: 'argument': truncation from 'double' to 'const GLfloat'
D:\Do Hoa May Tinh\ThucHanh_BTVN\De chinh sua\LamLai\CHINHSUA_BANGV\BaiTHso3_2_project_Cube\GLSLExperiment\example1.cpp(153,43): warning C4305: 'argument': truncation from 'double' to 'const GLfloat'
D:\Do Hoa May Tinh\ThucHanh_BTVN\De chinh sua\LamLai\CHINHSUA_BANGV\BaiTHso3_2_project_Cube\GLSLExperiment\example1.cpp(153,68): warning C4305: 'argument': truncation from 'double' to 'const GLfloat'
D:\Do Hoa May Tinh\ThucHanh_BTVN\De chinh sua\LamLai\CHINHSUA_BANGV\BaiTHso3_2_project_Cube\GLSLExperiment\example1.cpp(157,42): warning C4305: 'argument': truncation from 'double' to 'const GLfloat'
D:\Do Hoa May Tinh\ThucHanh_BTVN\De chinh sua\LamLai\CHINHSUA_BANGV\BaiTHso3_2_project_Cube\GLSLExperiment\example1.cpp(157,67): warning C4305: 'argument': truncation from 'double' to 'const GLfloat'
D:\Do Hoa May Tinh\ThucHanh_BTVN\De chinh sua\LamLai\CHINHSUA_BANGV\BaiTHso3_2_project_Cube\GLSLExperiment\example1.cpp(162,38): warning C4305: 'argument': truncation from 'double' to 'const GLfloat'
D:\Do Hoa May Tinh\ThucHanh_BTVN\De chinh sua\LamLai\CHINHSUA_BANGV\BaiTHso3_2_project_Cube\GLSLExperiment\example1.cpp(162,62): warning C4305: 'argument': truncation from 'double' to 'const GLfloat'
D:\Do Hoa May Tinh\ThucHanh_BTVN\De chinh sua\LamLai\CHINHSUA_BANGV\BaiTHso3_2_project_Cube\GLSLExperiment\example1.cpp(166,36): warning C4305: 'argument': truncation from 'double' to 'const GLfloat'
D:\Do Hoa May Tinh\ThucHanh_BTVN\De chinh sua\LamLai\CHINHSUA_BANGV\BaiTHso3_2_project_Cube\GLSLExperiment\example1.cpp(166,60): warning C4305: 'argument': truncation from 'double' to 'const GLfloat'
D:\Do Hoa May Tinh\ThucHanh_BTVN\De chinh sua\LamLai\CHINHSUA_BANGV\BaiTHso3_2_project_Cube\GLSLExperiment\example1.cpp(170,37): warning C4305: 'argument': truncation from 'double' to 'const GLfloat'
D:\Do Hoa May Tinh\ThucHanh_BTVN\De chinh sua\LamLai\CHINHSUA_BANGV\BaiTHso3_2_project_Cube\GLSLExperiment\example1.cpp(170,61): warning C4305: 'argument': truncation from 'double' to 'const GLfloat'
D:\Do Hoa May Tinh\ThucHanh_BTVN\De chinh sua\LamLai\CHINHSUA_BANGV\BaiTHso3_2_project_Cube\GLSLExperiment\example1.cpp(179,34): warning C4305: 'argument': truncation from 'double' to 'const GLfloat'
D:\Do Hoa May Tinh\ThucHanh_BTVN\De chinh sua\LamLai\CHINHSUA_BANGV\BaiTHso3_2_project_Cube\GLSLExperiment\example1.cpp(179,59): warning C4305: 'argument': truncation from 'double' to 'const GLfloat'
D:\Do Hoa May Tinh\ThucHanh_BTVN\De chinh sua\LamLai\CHINHSUA_BANGV\BaiTHso3_2_project_Cube\GLSLExperiment\example1.cpp(183,33): warning C4305: 'argument': truncation from 'double' to 'const GLfloat'
D:\Do Hoa May Tinh\ThucHanh_BTVN\De chinh sua\LamLai\CHINHSUA_BANGV\BaiTHso3_2_project_Cube\GLSLExperiment\example1.cpp(183,58): warning C4305: 'argument': truncation from 'double' to 'const GLfloat'
D:\Do Hoa May Tinh\ThucHanh_BTVN\De chinh sua\LamLai\CHINHSUA_BANGV\BaiTHso3_2_project_Cube\GLSLExperiment\example1.cpp(188,33): warning C4305: 'argument': truncation from 'double' to 'const GLfloat'
D:\Do Hoa May Tinh\ThucHanh_BTVN\De chinh sua\LamLai\CHINHSUA_BANGV\BaiTHso3_2_project_Cube\GLSLExperiment\example1.cpp(188,58): warning C4305: 'argument': truncation from 'double' to 'const GLfloat'
D:\Do Hoa May Tinh\ThucHanh_BTVN\De chinh sua\LamLai\CHINHSUA_BANGV\BaiTHso3_2_project_Cube\GLSLExperiment\example1.cpp(193,33): warning C4305: 'argument': truncation from 'double' to 'const GLfloat'
D:\Do Hoa May Tinh\ThucHanh_BTVN\De chinh sua\LamLai\CHINHSUA_BANGV\BaiTHso3_2_project_Cube\GLSLExperiment\example1.cpp(193,56): warning C4305: 'argument': truncation from 'double' to 'const GLfloat'
D:\Do Hoa May Tinh\ThucHanh_BTVN\De chinh sua\LamLai\CHINHSUA_BANGV\BaiTHso3_2_project_Cube\GLSLExperiment\example1.cpp(197,34): warning C4305: 'argument': truncation from 'double' to 'const GLfloat'
D:\Do Hoa May Tinh\ThucHanh_BTVN\De chinh sua\LamLai\CHINHSUA_BANGV\BaiTHso3_2_project_Cube\GLSLExperiment\example1.cpp(197,59): warning C4305: 'argument': truncation from 'double' to 'const GLfloat'
D:\Do Hoa May Tinh\ThucHanh_BTVN\De chinh sua\LamLai\CHINHSUA_BANGV\BaiTHso3_2_project_Cube\GLSLExperiment\example1.cpp(202,34): warning C4305: 'argument': truncation from 'double' to 'const GLfloat'
D:\Do Hoa May Tinh\ThucHanh_BTVN\De chinh sua\LamLai\CHINHSUA_BANGV\BaiTHso3_2_project_Cube\GLSLExperiment\example1.cpp(202,46): warning C4244: 'argument': conversion from 'GLdouble' to 'const GLfloat', possible loss of data
D:\Do Hoa May Tinh\ThucHanh_BTVN\De chinh sua\LamLai\CHINHSUA_BANGV\BaiTHso3_2_project_Cube\GLSLExperiment\example1.cpp(202,78): warning C4305: 'argument': truncation from 'double' to 'const GLfloat'
D:\Do Hoa May Tinh\ThucHanh_BTVN\De chinh sua\LamLai\CHINHSUA_BANGV\BaiTHso3_2_project_Cube\GLSLExperiment\example1.cpp(210,34): warning C4305: 'argument': truncation from 'double' to 'const GLfloat'
D:\Do Hoa May Tinh\ThucHanh_BTVN\De chinh sua\LamLai\CHINHSUA_BANGV\BaiTHso3_2_project_Cube\GLSLExperiment\example1.cpp(210,58): warning C4305: 'argument': truncation from 'double' to 'const GLfloat'
D:\Do Hoa May Tinh\ThucHanh_BTVN\De chinh sua\LamLai\CHINHSUA_BANGV\BaiTHso3_2_project_Cube\GLSLExperiment\example1.cpp(214,33): warning C4305: 'argument': truncation from 'double' to 'const GLfloat'
D:\Do Hoa May Tinh\ThucHanh_BTVN\De chinh sua\LamLai\CHINHSUA_BANGV\BaiTHso3_2_project_Cube\GLSLExperiment\example1.cpp(214,57): warning C4305: 'argument': truncation from 'double' to 'const GLfloat'
D:\Do Hoa May Tinh\ThucHanh_BTVN\De chinh sua\LamLai\CHINHSUA_BANGV\BaiTHso3_2_project_Cube\GLSLExperiment\example1.cpp(218,33): warning C4305: 'argument': truncation from 'double' to 'const GLfloat'
D:\Do Hoa May Tinh\ThucHanh_BTVN\De chinh sua\LamLai\CHINHSUA_BANGV\BaiTHso3_2_project_Cube\GLSLExperiment\example1.cpp(218,57): warning C4305: 'argument': truncation from 'double' to 'const GLfloat'
D:\Do Hoa May Tinh\ThucHanh_BTVN\De chinh sua\LamLai\CHINHSUA_BANGV\BaiTHso3_2_project_Cube\GLSLExperiment\example1.cpp(222,34): warning C4305: 'argument': truncation from 'double' to 'const GLfloat'
D:\Do Hoa May Tinh\ThucHanh_BTVN\De chinh sua\LamLai\CHINHSUA_BANGV\BaiTHso3_2_project_Cube\GLSLExperiment\example1.cpp(222,58): warning C4305: 'argument': truncation from 'double' to 'const GLfloat'
D:\Do Hoa May Tinh\ThucHanh_BTVN\De chinh sua\LamLai\CHINHSUA_BANGV\BaiTHso3_2_project_Cube\GLSLExperiment\example1.cpp(229,33): warning C4305: 'argument': truncation from 'double' to 'const GLfloat'
D:\Do Hoa May Tinh\ThucHanh_BTVN\De chinh sua\LamLai\CHINHSUA_BANGV\BaiTHso3_2_project_Cube\GLSLExperiment\example1.cpp(234,36): warning C4305: 'argument': truncation from 'double' to 'const GLfloat'
D:\Do Hoa May Tinh\ThucHanh_BTVN\De chinh sua\LamLai\CHINHSUA_BANGV\BaiTHso3_2_project_Cube\GLSLExperiment\example1.cpp(234,46): warning C4244: 'argument': conversion from 'GLdouble' to 'const GLfloat', possible loss of data
D:\Do Hoa May Tinh\ThucHanh_BTVN\De chinh sua\LamLai\CHINHSUA_BANGV\BaiTHso3_2_project_Cube\GLSLExperiment\example1.cpp(234,77): warning C4305: 'argument': truncation from 'double' to 'const GLfloat'
D:\Do Hoa May Tinh\ThucHanh_BTVN\De chinh sua\LamLai\CHINHSUA_BANGV\BaiTHso3_2_project_Cube\GLSLExperiment\example1.cpp(241,37): warning C4305: 'argument': truncation from 'double' to 'const GLfloat'
D:\Do Hoa May Tinh\ThucHanh_BTVN\De chinh sua\LamLai\CHINHSUA_BANGV\BaiTHso3_2_project_Cube\GLSLExperiment\example1.cpp(241,61): warning C4305: 'argument': truncation from 'double' to 'const GLfloat'
D:\Do Hoa May Tinh\ThucHanh_BTVN\De chinh sua\LamLai\CHINHSUA_BANGV\BaiTHso3_2_project_Cube\GLSLExperiment\example1.cpp(245,36): warning C4305: 'argument': truncation from 'double' to 'const GLfloat'
D:\Do Hoa May Tinh\ThucHanh_BTVN\De chinh sua\LamLai\CHINHSUA_BANGV\BaiTHso3_2_project_Cube\GLSLExperiment\example1.cpp(245,60): warning C4305: 'argument': truncation from 'double' to 'const GLfloat'
D:\Do Hoa May Tinh\ThucHanh_BTVN\De chinh sua\LamLai\CHINHSUA_BANGV\BaiTHso3_2_project_Cube\GLSLExperiment\example1.cpp(249,36): warning C4305: 'argument': truncation from 'double' to 'const GLfloat'
D:\Do Hoa May Tinh\ThucHanh_BTVN\De chinh sua\LamLai\CHINHSUA_BANGV\BaiTHso3_2_project_Cube\GLSLExperiment\example1.cpp(249,60): warning C4305: 'argument': truncation from 'double' to 'const GLfloat'
D:\Do Hoa May Tinh\ThucHanh_BTVN\De chinh sua\LamLai\CHINHSUA_BANGV\BaiTHso3_2_project_Cube\GLSLExperiment\example1.cpp(253,33): warning C4305: 'argument': truncation from 'double' to 'const GLfloat'
D:\Do Hoa May Tinh\ThucHanh_BTVN\De chinh sua\LamLai\CHINHSUA_BANGV\BaiTHso3_2_project_Cube\GLSLExperiment\example1.cpp(263,29): warning C4244: 'argument': conversion from 'GLdouble' to 'const GLfloat', possible loss of data
D:\Do Hoa May Tinh\ThucHanh_BTVN\De chinh sua\LamLai\CHINHSUA_BANGV\BaiTHso3_2_project_Cube\GLSLExperiment\example1.cpp(263,25): warning C4244: 'argument': conversion from 'GLdouble' to 'const GLfloat', possible loss of data
D:\Do Hoa May Tinh\ThucHanh_BTVN\De chinh sua\LamLai\CHINHSUA_BANGV\BaiTHso3_2_project_Cube\GLSLExperiment\example1.cpp(263,21): warning C4244: 'argument': conversion from 'GLdouble' to 'const GLfloat', possible loss of data
D:\Do Hoa May Tinh\ThucHanh_BTVN\De chinh sua\LamLai\CHINHSUA_BANGV\BaiTHso3_2_project_Cube\GLSLExperiment\example1.cpp(264,48): warning C4305: 'argument': truncation from 'double' to 'const GLfloat'
D:\Do Hoa May Tinh\ThucHanh_BTVN\De chinh sua\LamLai\CHINHSUA_BANGV\BaiTHso3_2_project_Cube\GLSLExperiment\example1.cpp(267,32): warning C4244: 'argument': conversion from 'GLdouble' to 'const GLfloat', possible loss of data
D:\Do Hoa May Tinh\ThucHanh_BTVN\De chinh sua\LamLai\CHINHSUA_BANGV\BaiTHso3_2_project_Cube\GLSLExperiment\example1.cpp(267,27): warning C4244: 'argument': conversion from 'GLdouble' to 'const GLfloat', possible loss of data
D:\Do Hoa May Tinh\ThucHanh_BTVN\De chinh sua\LamLai\CHINHSUA_BANGV\BaiTHso3_2_project_Cube\GLSLExperiment\example1.cpp(267,22): warning C4244: 'argument': conversion from 'GLdouble' to 'const GLfloat', possible loss of data
D:\Do Hoa May Tinh\ThucHanh_BTVN\De chinh sua\LamLai\CHINHSUA_BANGV\BaiTHso3_2_project_Cube\GLSLExperiment\example1.cpp(270,47): warning C4305: 'argument': truncation from 'double' to 'const GLfloat'
D:\Do Hoa May Tinh\ThucHanh_BTVN\De chinh sua\LamLai\CHINHSUA_BANGV\BaiTHso3_2_project_Cube\GLSLExperiment\example1.cpp(272,47): warning C4305: 'argument': truncation from 'double' to 'const GLfloat'
D:\Do Hoa May Tinh\ThucHanh_BTVN\De chinh sua\LamLai\CHINHSUA_BANGV\BaiTHso3_2_project_Cube\GLSLExperiment\example1.cpp(272,58): warning C4244: 'argument': conversion from 'GLdouble' to 'const GLfloat', possible loss of data
D:\Do Hoa May Tinh\ThucHanh_BTVN\De chinh sua\LamLai\CHINHSUA_BANGV\BaiTHso3_2_project_Cube\GLSLExperiment\example1.cpp(272,86): warning C4305: 'argument': truncation from 'double' to 'const GLfloat'
D:\Do Hoa May Tinh\ThucHanh_BTVN\De chinh sua\LamLai\CHINHSUA_BANGV\BaiTHso3_2_project_Cube\GLSLExperiment\example1.cpp(276,43): warning C4305: 'argument': truncation from 'double' to 'const GLfloat'
D:\Do Hoa May Tinh\ThucHanh_BTVN\De chinh sua\LamLai\CHINHSUA_BANGV\BaiTHso3_2_project_Cube\GLSLExperiment\example1.cpp(282,33): warning C4305: 'argument': truncation from 'double' to 'const GLfloat'
D:\Do Hoa May Tinh\ThucHanh_BTVN\De chinh sua\LamLai\CHINHSUA_BANGV\BaiTHso3_2_project_Cube\GLSLExperiment\example1.cpp(286,44): warning C4305: 'argument': truncation from 'double' to 'const GLfloat'
D:\Do Hoa May Tinh\ThucHanh_BTVN\De chinh sua\LamLai\CHINHSUA_BANGV\BaiTHso3_2_project_Cube\GLSLExperiment\example1.cpp(286,69): warning C4305: 'argument': truncation from 'double' to 'const GLfloat'
D:\Do Hoa May Tinh\ThucHanh_BTVN\De chinh sua\LamLai\CHINHSUA_BANGV\BaiTHso3_2_project_Cube\GLSLExperiment\example1.cpp(290,43): warning C4305: 'argument': truncation from 'double' to 'const GLfloat'
D:\Do Hoa May Tinh\ThucHanh_BTVN\De chinh sua\LamLai\CHINHSUA_BANGV\BaiTHso3_2_project_Cube\GLSLExperiment\example1.cpp(290,68): warning C4305: 'argument': truncation from 'double' to 'const GLfloat'
D:\Do Hoa May Tinh\ThucHanh_BTVN\De chinh sua\LamLai\CHINHSUA_BANGV\BaiTHso3_2_project_Cube\GLSLExperiment\example1.cpp(294,43): warning C4305: 'argument': truncation from 'double' to 'const GLfloat'
D:\Do Hoa May Tinh\ThucHanh_BTVN\De chinh sua\LamLai\CHINHSUA_BANGV\BaiTHso3_2_project_Cube\GLSLExperiment\example1.cpp(294,68): warning C4305: 'argument': truncation from 'double' to 'const GLfloat'
D:\Do Hoa May Tinh\ThucHanh_BTVN\De chinh sua\LamLai\CHINHSUA_BANGV\BaiTHso3_2_project_Cube\GLSLExperiment\example1.cpp(298,42): warning C4305: 'argument': truncation from 'double' to 'const GLfloat'
D:\Do Hoa May Tinh\ThucHanh_BTVN\De chinh sua\LamLai\CHINHSUA_BANGV\BaiTHso3_2_project_Cube\GLSLExperiment\example1.cpp(298,67): warning C4305: 'argument': truncation from 'double' to 'const GLfloat'
D:\Do Hoa May Tinh\ThucHanh_BTVN\De chinh sua\LamLai\CHINHSUA_BANGV\BaiTHso3_2_project_Cube\GLSLExperiment\example1.cpp(306,37): warning C4305: 'argument': truncation from 'double' to 'const GLfloat'
D:\Do Hoa May Tinh\ThucHanh_BTVN\De chinh sua\LamLai\CHINHSUA_BANGV\BaiTHso3_2_project_Cube\GLSLExperiment\example1.cpp(306,62): warning C4305: 'argument': truncation from 'double' to 'const GLfloat'
D:\Do Hoa May Tinh\ThucHanh_BTVN\De chinh sua\LamLai\CHINHSUA_BANGV\BaiTHso3_2_project_Cube\GLSLExperiment\example1.cpp(310,36): warning C4305: 'argument': truncation from 'double' to 'const GLfloat'
D:\Do Hoa May Tinh\ThucHanh_BTVN\De chinh sua\LamLai\CHINHSUA_BANGV\BaiTHso3_2_project_Cube\GLSLExperiment\example1.cpp(310,61): warning C4305: 'argument': truncation from 'double' to 'const GLfloat'
D:\Do Hoa May Tinh\ThucHanh_BTVN\De chinh sua\LamLai\CHINHSUA_BANGV\BaiTHso3_2_project_Cube\GLSLExperiment\example1.cpp(314,35): warning C4305: 'argument': truncation from 'double' to 'const GLfloat'
D:\Do Hoa May Tinh\ThucHanh_BTVN\De chinh sua\LamLai\CHINHSUA_BANGV\BaiTHso3_2_project_Cube\GLSLExperiment\example1.cpp(314,60): warning C4305: 'argument': truncation from 'double' to 'const GLfloat'
D:\Do Hoa May Tinh\ThucHanh_BTVN\De chinh sua\LamLai\CHINHSUA_BANGV\BaiTHso3_2_project_Cube\GLSLExperiment\example1.cpp(320,43): warning C4244: 'argument': conversion from 'GLdouble' to 'const GLfloat', possible loss of data
D:\Do Hoa May Tinh\ThucHanh_BTVN\De chinh sua\LamLai\CHINHSUA_BANGV\BaiTHso3_2_project_Cube\GLSLExperiment\example1.cpp(320,34): warning C4244: 'argument': conversion from 'GLdouble' to 'const GLfloat', possible loss of data
D:\Do Hoa May Tinh\ThucHanh_BTVN\De chinh sua\LamLai\CHINHSUA_BANGV\BaiTHso3_2_project_Cube\GLSLExperiment\example1.cpp(320,25): warning C4244: 'argument': conversion from 'GLdouble' to 'const GLfloat', possible loss of data
D:\Do Hoa May Tinh\ThucHanh_BTVN\De chinh sua\LamLai\CHINHSUA_BANGV\BaiTHso3_2_project_Cube\GLSLExperiment\example1.cpp(321,39): warning C4305: 'argument': truncation from 'double' to 'const GLfloat'
D:\Do Hoa May Tinh\ThucHanh_BTVN\De chinh sua\LamLai\CHINHSUA_BANGV\BaiTHso3_2_project_Cube\GLSLExperiment\example1.cpp(321,51): warning C4244: 'argument': conversion from 'GLdouble' to 'const GLfloat', possible loss of data
D:\Do Hoa May Tinh\ThucHanh_BTVN\De chinh sua\LamLai\CHINHSUA_BANGV\BaiTHso3_2_project_Cube\GLSLExperiment\example1.cpp(324,39): warning C4305: 'argument': truncation from 'double' to 'const GLfloat'
D:\Do Hoa May Tinh\ThucHanh_BTVN\De chinh sua\LamLai\CHINHSUA_BANGV\BaiTHso3_2_project_Cube\GLSLExperiment\example1.cpp(324,51): warning C4244: 'argument': conversion from 'GLdouble' to 'const GLfloat', possible loss of data
D:\Do Hoa May Tinh\ThucHanh_BTVN\De chinh sua\LamLai\CHINHSUA_BANGV\BaiTHso3_2_project_Cube\GLSLExperiment\example1.cpp(324,84): warning C4305: 'argument': truncation from 'double' to 'const GLfloat'
D:\Do Hoa May Tinh\ThucHanh_BTVN\De chinh sua\LamLai\CHINHSUA_BANGV\BaiTHso3_2_project_Cube\GLSLExperiment\example1.cpp(331,33): warning C4305: 'argument': truncation from 'double' to 'const GLfloat'
D:\Do Hoa May Tinh\ThucHanh_BTVN\De chinh sua\LamLai\CHINHSUA_BANGV\BaiTHso3_2_project_Cube\GLSLExperiment\example1.cpp(335,34): warning C4305: 'argument': truncation from 'double' to 'const GLfloat'
D:\Do Hoa May Tinh\ThucHanh_BTVN\De chinh sua\LamLai\CHINHSUA_BANGV\BaiTHso3_2_project_Cube\GLSLExperiment\example1.cpp(335,59): warning C4305: 'argument': truncation from 'double' to 'const GLfloat'
D:\Do Hoa May Tinh\ThucHanh_BTVN\De chinh sua\LamLai\CHINHSUA_BANGV\BaiTHso3_2_project_Cube\GLSLExperiment\example1.cpp(339,33): warning C4305: 'argument': truncation from 'double' to 'const GLfloat'
D:\Do Hoa May Tinh\ThucHanh_BTVN\De chinh sua\LamLai\CHINHSUA_BANGV\BaiTHso3_2_project_Cube\GLSLExperiment\example1.cpp(339,58): warning C4305: 'argument': truncation from 'double' to 'const GLfloat'
D:\Do Hoa May Tinh\ThucHanh_BTVN\De chinh sua\LamLai\CHINHSUA_BANGV\BaiTHso3_2_project_Cube\GLSLExperiment\example1.cpp(343,33): warning C4305: 'argument': truncation from 'double' to 'const GLfloat'
D:\Do Hoa May Tinh\ThucHanh_BTVN\De chinh sua\LamLai\CHINHSUA_BANGV\BaiTHso3_2_project_Cube\GLSLExperiment\example1.cpp(343,58): warning C4305: 'argument': truncation from 'double' to 'const GLfloat'
D:\Do Hoa May Tinh\ThucHanh_BTVN\De chinh sua\LamLai\CHINHSUA_BANGV\BaiTHso3_2_project_Cube\GLSLExperiment\example1.cpp(348,34): warning C4305: 'argument': truncation from 'double' to 'const GLfloat'
D:\Do Hoa May Tinh\ThucHanh_BTVN\De chinh sua\LamLai\CHINHSUA_BANGV\BaiTHso3_2_project_Cube\GLSLExperiment\example1.cpp(348,59): warning C4305: 'argument': truncation from 'double' to 'const GLfloat'
D:\Do Hoa May Tinh\ThucHanh_BTVN\De chinh sua\LamLai\CHINHSUA_BANGV\BaiTHso3_2_project_Cube\GLSLExperiment\example1.cpp(356,34): warning C4305: 'argument': truncation from 'double' to 'const GLfloat'
D:\Do Hoa May Tinh\ThucHanh_BTVN\De chinh sua\LamLai\CHINHSUA_BANGV\BaiTHso3_2_project_Cube\GLSLExperiment\example1.cpp(364,35): warning C4305: 'argument': truncation from 'double' to 'const GLfloat'
D:\Do Hoa May Tinh\ThucHanh_BTVN\De chinh sua\LamLai\CHINHSUA_BANGV\BaiTHso3_2_project_Cube\GLSLExperiment\example1.cpp(366,34): warning C4305: 'argument': truncation from 'double' to 'const GLfloat'
D:\Do Hoa May Tinh\ThucHanh_BTVN\De chinh sua\LamLai\CHINHSUA_BANGV\BaiTHso3_2_project_Cube\GLSLExperiment\example1.cpp(366,46): warning C4244: 'argument': conversion from 'GLdouble' to 'const GLfloat', possible loss of data
D:\Do Hoa May Tinh\ThucHanh_BTVN\De chinh sua\LamLai\CHINHSUA_BANGV\BaiTHso3_2_project_Cube\GLSLExperiment\example1.cpp(366,75): warning C4305: 'argument': truncation from 'double' to 'const GLfloat'
D:\Do Hoa May Tinh\ThucHanh_BTVN\De chinh sua\LamLai\CHINHSUA_BANGV\BaiTHso3_2_project_Cube\GLSLExperiment\example1.cpp(368,42): warning C4305: 'argument': truncation from 'double' to 'const GLfloat'
D:\Do Hoa May Tinh\ThucHanh_BTVN\De chinh sua\LamLai\CHINHSUA_BANGV\BaiTHso3_2_project_Cube\GLSLExperiment\example1.cpp(375,35): warning C4305: 'argument': truncation from 'double' to 'const GLfloat'
D:\Do Hoa May Tinh\ThucHanh_BTVN\De chinh sua\LamLai\CHINHSUA_BANGV\BaiTHso3_2_project_Cube\GLSLExperiment\example1.cpp(377,41): warning C4305: 'argument': truncation from 'double' to 'const GLfloat'
D:\Do Hoa May Tinh\ThucHanh_BTVN\De chinh sua\LamLai\CHINHSUA_BANGV\BaiTHso3_2_project_Cube\GLSLExperiment\example1.cpp(390,26): warning C4305: 'argument': truncation from 'double' to 'GLfloat'
D:\Do Hoa May Tinh\ThucHanh_BTVN\De chinh sua\LamLai\CHINHSUA_BANGV\BaiTHso3_2_project_Cube\GLSLExperiment\example1.cpp(392,27): warning C4305: 'argument': truncation from 'double' to 'GLfloat'
D:\Do Hoa May Tinh\ThucHanh_BTVN\De chinh sua\LamLai\CHINHSUA_BANGV\BaiTHso3_2_project_Cube\GLSLExperiment\example1.cpp(394,27): warning C4305: 'argument': truncation from 'double' to 'GLfloat'
D:\Do Hoa May Tinh\ThucHanh_BTVN\De chinh sua\LamLai\CHINHSUA_BANGV\BaiTHso3_2_project_Cube\GLSLExperiment\example1.cpp(408,34): warning C4305: 'argument': truncation from 'double' to 'const GLfloat'
D:\Do Hoa May Tinh\ThucHanh_BTVN\De chinh sua\LamLai\CHINHSUA_BANGV\BaiTHso3_2_project_Cube\GLSLExperiment\example1.cpp(408,59): warning C4305: 'argument': truncation from 'double' to 'const GLfloat'
D:\Do Hoa May Tinh\ThucHanh_BTVN\De chinh sua\LamLai\CHINHSUA_BANGV\BaiTHso3_2_project_Cube\GLSLExperiment\example1.cpp(412,35): warning C4305: 'argument': truncation from 'double' to 'const GLfloat'
D:\Do Hoa May Tinh\ThucHanh_BTVN\De chinh sua\LamLai\CHINHSUA_BANGV\BaiTHso3_2_project_Cube\GLSLExperiment\example1.cpp(412,60): warning C4305: 'argument': truncation from 'double' to 'const GLfloat'
D:\Do Hoa May Tinh\ThucHanh_BTVN\De chinh sua\LamLai\CHINHSUA_BANGV\BaiTHso3_2_project_Cube\GLSLExperiment\example1.cpp(416,34): warning C4305: 'argument': truncation from 'double' to 'const GLfloat'
D:\Do Hoa May Tinh\ThucHanh_BTVN\De chinh sua\LamLai\CHINHSUA_BANGV\BaiTHso3_2_project_Cube\GLSLExperiment\example1.cpp(416,60): warning C4305: 'argument': truncation from 'double' to 'const GLfloat'
D:\Do Hoa May Tinh\ThucHanh_BTVN\De chinh sua\LamLai\CHINHSUA_BANGV\BaiTHso3_2_project_Cube\GLSLExperiment\example1.cpp(420,33): warning C4305: 'argument': truncation from 'double' to 'const GLfloat'
D:\Do Hoa May Tinh\ThucHanh_BTVN\De chinh sua\LamLai\CHINHSUA_BANGV\BaiTHso3_2_project_Cube\GLSLExperiment\example1.cpp(420,59): warning C4305: 'argument': truncation from 'double' to 'const GLfloat'
D:\Do Hoa May Tinh\ThucHanh_BTVN\De chinh sua\LamLai\CHINHSUA_BANGV\BaiTHso3_2_project_Cube\GLSLExperiment\example1.cpp(428,31): warning C4305: 'argument': truncation from 'double' to 'GLfloat'
