  InitShader.cpp
  main.cpp
D:\Do Hoa May Tinh\ThucHanh_BTVN\BTL_DHMT_Nhom08\OpenGL\main.cpp(39,23): warning C4305: 'initializing': truncation from 'double' to 'GLfloat'
D:\Do Hoa May Tinh\ThucHanh_BTVN\BTL_DHMT_Nhom08\OpenGL\main.cpp(147,41): warning C4305: 'argument': truncation from 'double' to 'GLfloat'
D:\Do Hoa May Tinh\ThucHanh_BTVN\BTL_DHMT_Nhom08\OpenGL\main.cpp(152,50): warning C4244: 'argument': conversion from 'double' to 'GLfloat', possible loss of data
D:\Do Hoa May Tinh\ThucHanh_BTVN\BTL_DHMT_Nhom08\OpenGL\main.cpp(152,39): warning C4244: 'argument': conversion from 'double' to 'GLfloat', possible loss of data
D:\Do Hoa May Tinh\ThucHanh_BTVN\BTL_DHMT_Nhom08\OpenGL\main.cpp(152,28): warning C4244: 'argument': conversion from 'double' to 'GLfloat', possible loss of data
D:\Do Hoa May Tinh\ThucHanh_BTVN\BTL_DHMT_Nhom08\OpenGL\main.cpp(179,23): warning C4305: 'argument': truncation from 'double' to 'GLfloat'
D:\Do Hoa May Tinh\ThucHanh_BTVN\BTL_DHMT_Nhom08\OpenGL\main.cpp(183,23): warning C4305: 'argument': truncation from 'double' to 'GLfloat'
D:\Do Hoa May Tinh\ThucHanh_BTVN\BTL_DHMT_Nhom08\OpenGL\main.cpp(187,26): warning C4305: 'argument': truncation from 'double' to 'GLfloat'
D:\Do Hoa May Tinh\ThucHanh_BTVN\BTL_DHMT_Nhom08\OpenGL\main.cpp(192,26): warning C4305: 'argument': truncation from 'double' to 'GLfloat'
D:\Do Hoa May Tinh\ThucHanh_BTVN\BTL_DHMT_Nhom08\OpenGL\main.cpp(197,27): warning C4305: 'argument': truncation from 'double' to 'GLfloat'
D:\Do Hoa May Tinh\ThucHanh_BTVN\BTL_DHMT_Nhom08\OpenGL\main.cpp(202,26): warning C4305: 'argument': truncation from 'double' to 'GLfloat'
D:\Do Hoa May Tinh\ThucHanh_BTVN\BTL_DHMT_Nhom08\OpenGL\main.cpp(205,26): warning C4305: 'argument': truncation from 'double' to 'GLfloat'
D:\Do Hoa May Tinh\ThucHanh_BTVN\BTL_DHMT_Nhom08\OpenGL\main.cpp(207,43): warning C4305: 'argument': truncation from 'double' to 'const GLfloat'
D:\Do Hoa May Tinh\ThucHanh_BTVN\BTL_DHMT_Nhom08\OpenGL\main.cpp(209,26): warning C4305: 'argument': truncation from 'double' to 'GLfloat'
D:\Do Hoa May Tinh\ThucHanh_BTVN\BTL_DHMT_Nhom08\OpenGL\main.cpp(210,46): warning C4305: 'argument': truncation from 'double' to 'const GLfloat'
D:\Do Hoa May Tinh\ThucHanh_BTVN\BTL_DHMT_Nhom08\OpenGL\main.cpp(212,26): warning C4305: 'argument': truncation from 'double' to 'GLfloat'
D:\Do Hoa May Tinh\ThucHanh_BTVN\BTL_DHMT_Nhom08\OpenGL\main.cpp(213,43): warning C4305: 'argument': truncation from 'double' to 'const GLfloat'
D:\Do Hoa May Tinh\ThucHanh_BTVN\BTL_DHMT_Nhom08\OpenGL\main.cpp(215,28): warning C4305: 'argument': truncation from 'double' to 'GLfloat'
D:\Do Hoa May Tinh\ThucHanh_BTVN\BTL_DHMT_Nhom08\OpenGL\main.cpp(218,28): warning C4305: 'argument': truncation from 'double' to 'GLfloat'
D:\Do Hoa May Tinh\ThucHanh_BTVN\BTL_DHMT_Nhom08\OpenGL\main.cpp(219,44): warning C4305: 'argument': truncation from 'double' to 'const GLfloat'
D:\Do Hoa May Tinh\ThucHanh_BTVN\BTL_DHMT_Nhom08\OpenGL\main.cpp(221,26): warning C4305: 'argument': truncation from 'double' to 'GLfloat'
D:\Do Hoa May Tinh\ThucHanh_BTVN\BTL_DHMT_Nhom08\OpenGL\main.cpp(224,41): warning C4305: 'argument': truncation from 'double' to 'const GLfloat'
D:\Do Hoa May Tinh\ThucHanh_BTVN\BTL_DHMT_Nhom08\OpenGL\main.cpp(227,42): warning C4305: 'argument': truncation from 'double' to 'const GLfloat'
D:\Do Hoa May Tinh\ThucHanh_BTVN\BTL_DHMT_Nhom08\OpenGL\main.cpp(250,91): warning C4305: 'argument': truncation from 'double' to 'const GLfloat'
D:\Do Hoa May Tinh\ThucHanh_BTVN\BTL_DHMT_Nhom08\OpenGL\main.cpp(252,31): warning C4305: 'argument': truncation from 'double' to 'float'
D:\Do Hoa May Tinh\ThucHanh_BTVN\BTL_DHMT_Nhom08\OpenGL\main.cpp(254,77): warning C4305: 'argument': truncation from 'double' to 'const GLfloat'
D:\Do Hoa May Tinh\ThucHanh_BTVN\BTL_DHMT_Nhom08\OpenGL\main.cpp(256,31): warning C4305: 'argument': truncation from 'double' to 'float'
D:\Do Hoa May Tinh\ThucHanh_BTVN\BTL_DHMT_Nhom08\OpenGL\main.cpp(258,78): warning C4305: 'argument': truncation from 'double' to 'const GLfloat'
D:\Do Hoa May Tinh\ThucHanh_BTVN\BTL_DHMT_Nhom08\OpenGL\main.cpp(260,32): warning C4305: 'argument': truncation from 'double' to 'float'
D:\Do Hoa May Tinh\ThucHanh_BTVN\BTL_DHMT_Nhom08\OpenGL\main.cpp(262,78): warning C4305: 'argument': truncation from 'double' to 'const GLfloat'
D:\Do Hoa May Tinh\ThucHanh_BTVN\BTL_DHMT_Nhom08\OpenGL\main.cpp(264,32): warning C4305: 'argument': truncation from 'double' to 'float'
D:\Do Hoa May Tinh\ThucHanh_BTVN\BTL_DHMT_Nhom08\OpenGL\main.cpp(266,74): warning C4305: 'argument': truncation from 'double' to 'const GLfloat'
D:\Do Hoa May Tinh\ThucHanh_BTVN\BTL_DHMT_Nhom08\OpenGL\main.cpp(268,32): warning C4305: 'argument': truncation from 'double' to 'float'
D:\Do Hoa May Tinh\ThucHanh_BTVN\BTL_DHMT_Nhom08\OpenGL\main.cpp(270,79): warning C4305: 'argument': truncation from 'double' to 'const GLfloat'
D:\Do Hoa May Tinh\ThucHanh_BTVN\BTL_DHMT_Nhom08\OpenGL\main.cpp(272,28): warning C4305: 'argument': truncation from 'double' to 'float'
D:\Do Hoa May Tinh\ThucHanh_BTVN\BTL_DHMT_Nhom08\OpenGL\main.cpp(274,80): warning C4305: 'argument': truncation from 'double' to 'const GLfloat'
D:\Do Hoa May Tinh\ThucHanh_BTVN\BTL_DHMT_Nhom08\OpenGL\main.cpp(276,29): warning C4305: 'argument': truncation from 'double' to 'float'
D:\Do Hoa May Tinh\ThucHanh_BTVN\BTL_DHMT_Nhom08\OpenGL\main.cpp(281,89): warning C4305: 'argument': truncation from 'double' to 'const GLfloat'
D:\Do Hoa May Tinh\ThucHanh_BTVN\BTL_DHMT_Nhom08\OpenGL\main.cpp(283,31): warning C4305: 'argument': truncation from 'double' to 'float'
D:\Do Hoa May Tinh\ThucHanh_BTVN\BTL_DHMT_Nhom08\OpenGL\main.cpp(285,77): warning C4305: 'argument': truncation from 'double' to 'const GLfloat'
D:\Do Hoa May Tinh\ThucHanh_BTVN\BTL_DHMT_Nhom08\OpenGL\main.cpp(287,32): warning C4305: 'argument': truncation from 'double' to 'float'
D:\Do Hoa May Tinh\ThucHanh_BTVN\BTL_DHMT_Nhom08\OpenGL\main.cpp(289,40): warning C4305: 'argument': truncation from 'double' to 'const GLfloat'
D:\Do Hoa May Tinh\ThucHanh_BTVN\BTL_DHMT_Nhom08\OpenGL\main.cpp(289,64): warning C4305: 'argument': truncation from 'double' to 'const GLfloat'
D:\Do Hoa May Tinh\ThucHanh_BTVN\BTL_DHMT_Nhom08\OpenGL\main.cpp(327,47): warning C4305: 'argument': truncation from 'double' to 'const GLfloat'
D:\Do Hoa May Tinh\ThucHanh_BTVN\BTL_DHMT_Nhom08\OpenGL\main.cpp(329,25): warning C4305: 'argument': truncation from 'double' to 'GLfloat'
D:\Do Hoa May Tinh\ThucHanh_BTVN\BTL_DHMT_Nhom08\OpenGL\main.cpp(331,46): warning C4305: 'argument': truncation from 'double' to 'const GLfloat'
D:\Do Hoa May Tinh\ThucHanh_BTVN\BTL_DHMT_Nhom08\OpenGL\main.cpp(333,25): warning C4305: 'argument': truncation from 'double' to 'GLfloat'
D:\Do Hoa May Tinh\ThucHanh_BTVN\BTL_DHMT_Nhom08\OpenGL\main.cpp(335,46): warning C4305: 'argument': truncation from 'double' to 'const GLfloat'
D:\Do Hoa May Tinh\ThucHanh_BTVN\BTL_DHMT_Nhom08\OpenGL\main.cpp(337,25): warning C4305: 'argument': truncation from 'double' to 'GLfloat'
D:\Do Hoa May Tinh\ThucHanh_BTVN\BTL_DHMT_Nhom08\OpenGL\main.cpp(339,45): warning C4305: 'argument': truncation from 'double' to 'const GLfloat'
D:\Do Hoa May Tinh\ThucHanh_BTVN\BTL_DHMT_Nhom08\OpenGL\main.cpp(341,25): warning C4305: 'argument': truncation from 'double' to 'GLfloat'
D:\Do Hoa May Tinh\ThucHanh_BTVN\BTL_DHMT_Nhom08\OpenGL\main.cpp(343,43): warning C4305: 'argument': truncation from 'double' to 'const GLfloat'
D:\Do Hoa May Tinh\ThucHanh_BTVN\BTL_DHMT_Nhom08\OpenGL\main.cpp(345,26): warning C4305: 'argument': truncation from 'double' to 'GLfloat'
D:\Do Hoa May Tinh\ThucHanh_BTVN\BTL_DHMT_Nhom08\OpenGL\main.cpp(346,42): warning C4305: 'argument': truncation from 'double' to 'const GLfloat'
D:\Do Hoa May Tinh\ThucHanh_BTVN\BTL_DHMT_Nhom08\OpenGL\main.cpp(348,26): warning C4305: 'argument': truncation from 'double' to 'GLfloat'
D:\Do Hoa May Tinh\ThucHanh_BTVN\BTL_DHMT_Nhom08\OpenGL\main.cpp(351,26): warning C4305: 'argument': truncation from 'double' to 'GLfloat'
D:\Do Hoa May Tinh\ThucHanh_BTVN\BTL_DHMT_Nhom08\OpenGL\main.cpp(353,46): warning C4305: 'argument': truncation from 'double' to 'const GLfloat'
D:\Do Hoa May Tinh\ThucHanh_BTVN\BTL_DHMT_Nhom08\OpenGL\main.cpp(357,52): warning C4305: 'argument': truncation from 'double' to 'const GLfloat'
D:\Do Hoa May Tinh\ThucHanh_BTVN\BTL_DHMT_Nhom08\OpenGL\main.cpp(359,25): warning C4305: 'argument': truncation from 'double' to 'GLfloat'
D:\Do Hoa May Tinh\ThucHanh_BTVN\BTL_DHMT_Nhom08\OpenGL\main.cpp(361,53): warning C4305: 'argument': truncation from 'double' to 'const GLfloat'
D:\Do Hoa May Tinh\ThucHanh_BTVN\BTL_DHMT_Nhom08\OpenGL\main.cpp(363,26): warning C4305: 'argument': truncation from 'double' to 'GLfloat'
D:\Do Hoa May Tinh\ThucHanh_BTVN\BTL_DHMT_Nhom08\OpenGL\main.cpp(365,42): warning C4305: 'argument': truncation from 'double' to 'const GLfloat'
D:\Do Hoa May Tinh\ThucHanh_BTVN\BTL_DHMT_Nhom08\OpenGL\main.cpp(367,24): warning C4305: 'argument': truncation from 'double' to 'GLfloat'
D:\Do Hoa May Tinh\ThucHanh_BTVN\BTL_DHMT_Nhom08\OpenGL\main.cpp(368,41): warning C4305: 'argument': truncation from 'double' to 'const GLfloat'
D:\Do Hoa May Tinh\ThucHanh_BTVN\BTL_DHMT_Nhom08\OpenGL\main.cpp(370,24): warning C4305: 'argument': truncation from 'double' to 'GLfloat'
D:\Do Hoa May Tinh\ThucHanh_BTVN\BTL_DHMT_Nhom08\OpenGL\main.cpp(371,40): warning C4305: 'argument': truncation from 'double' to 'const GLfloat'
D:\Do Hoa May Tinh\ThucHanh_BTVN\BTL_DHMT_Nhom08\OpenGL\main.cpp(373,24): warning C4305: 'argument': truncation from 'double' to 'GLfloat'
D:\Do Hoa May Tinh\ThucHanh_BTVN\BTL_DHMT_Nhom08\OpenGL\main.cpp(374,45): warning C4305: 'argument': truncation from 'double' to 'const GLfloat'
D:\Do Hoa May Tinh\ThucHanh_BTVN\BTL_DHMT_Nhom08\OpenGL\main.cpp(374,91): warning C4305: 'argument': truncation from 'double' to 'const GLfloat'
D:\Do Hoa May Tinh\ThucHanh_BTVN\BTL_DHMT_Nhom08\OpenGL\main.cpp(376,25): warning C4305: 'argument': truncation from 'double' to 'GLfloat'
D:\Do Hoa May Tinh\ThucHanh_BTVN\BTL_DHMT_Nhom08\OpenGL\main.cpp(378,32): warning C4244: 'argument': conversion from 'double' to 'const GLfloat', possible loss of data
D:\Do Hoa May Tinh\ThucHanh_BTVN\BTL_DHMT_Nhom08\OpenGL\main.cpp(382,20): warning C4305: 'initializing': truncation from 'double' to 'GLfloat'
D:\Do Hoa May Tinh\ThucHanh_BTVN\BTL_DHMT_Nhom08\OpenGL\main.cpp(383,18): warning C4305: 'initializing': truncation from 'double' to 'GLfloat'
D:\Do Hoa May Tinh\ThucHanh_BTVN\BTL_DHMT_Nhom08\OpenGL\main.cpp(386,53): warning C4305: 'argument': truncation from 'double' to 'const GLfloat'
D:\Do Hoa May Tinh\ThucHanh_BTVN\BTL_DHMT_Nhom08\OpenGL\main.cpp(392,55): warning C4305: 'argument': truncation from 'double' to 'const GLfloat'
D:\Do Hoa May Tinh\ThucHanh_BTVN\BTL_DHMT_Nhom08\OpenGL\main.cpp(398,56): warning C4305: 'argument': truncation from 'double' to 'const GLfloat'
D:\Do Hoa May Tinh\ThucHanh_BTVN\BTL_DHMT_Nhom08\OpenGL\main.cpp(404,54): warning C4305: 'argument': truncation from 'double' to 'const GLfloat'
D:\Do Hoa May Tinh\ThucHanh_BTVN\BTL_DHMT_Nhom08\OpenGL\main.cpp(433,25): warning C4305: 'argument': truncation from 'double' to 'GLfloat'
D:\Do Hoa May Tinh\ThucHanh_BTVN\BTL_DHMT_Nhom08\OpenGL\main.cpp(434,58): warning C4305: 'argument': truncation from 'double' to 'const GLfloat'
D:\Do Hoa May Tinh\ThucHanh_BTVN\BTL_DHMT_Nhom08\OpenGL\main.cpp(436,28): warning C4305: 'argument': truncation from 'double' to 'GLfloat'
D:\Do Hoa May Tinh\ThucHanh_BTVN\BTL_DHMT_Nhom08\OpenGL\main.cpp(439,25): warning C4305: 'argument': truncation from 'double' to 'GLfloat'
D:\Do Hoa May Tinh\ThucHanh_BTVN\BTL_DHMT_Nhom08\OpenGL\main.cpp(440,59): warning C4305: 'argument': truncation from 'double' to 'const GLfloat'
D:\Do Hoa May Tinh\ThucHanh_BTVN\BTL_DHMT_Nhom08\OpenGL\main.cpp(442,28): warning C4305: 'argument': truncation from 'double' to 'GLfloat'
D:\Do Hoa May Tinh\ThucHanh_BTVN\BTL_DHMT_Nhom08\OpenGL\main.cpp(470,37): warning C4305: 'argument': truncation from 'double' to 'const GLfloat'
D:\Do Hoa May Tinh\ThucHanh_BTVN\BTL_DHMT_Nhom08\OpenGL\main.cpp(470,82): warning C4305: 'argument': truncation from 'double' to 'const GLfloat'
D:\Do Hoa May Tinh\ThucHanh_BTVN\BTL_DHMT_Nhom08\OpenGL\main.cpp(473,26): warning C4305: 'argument': truncation from 'double' to 'GLfloat'
D:\Do Hoa May Tinh\ThucHanh_BTVN\BTL_DHMT_Nhom08\OpenGL\main.cpp(475,49): warning C4305: 'argument': truncation from 'double' to 'const GLfloat'
D:\Do Hoa May Tinh\ThucHanh_BTVN\BTL_DHMT_Nhom08\OpenGL\main.cpp(476,25): warning C4305: 'argument': truncation from 'double' to 'GLfloat'
D:\Do Hoa May Tinh\ThucHanh_BTVN\BTL_DHMT_Nhom08\OpenGL\main.cpp(477,25): warning C4305: 'argument': truncation from 'double' to 'GLfloat'
D:\Do Hoa May Tinh\ThucHanh_BTVN\BTL_DHMT_Nhom08\OpenGL\main.cpp(479,37): warning C4305: 'argument': truncation from 'double' to 'const GLfloat'
D:\Do Hoa May Tinh\ThucHanh_BTVN\BTL_DHMT_Nhom08\OpenGL\main.cpp(480,25): warning C4305: 'argument': truncation from 'double' to 'GLfloat'
D:\Do Hoa May Tinh\ThucHanh_BTVN\BTL_DHMT_Nhom08\OpenGL\main.cpp(481,24): warning C4305: 'argument': truncation from 'double' to 'GLfloat'
D:\Do Hoa May Tinh\ThucHanh_BTVN\BTL_DHMT_Nhom08\OpenGL\main.cpp(483,41): warning C4305: 'argument': truncation from 'double' to 'const GLfloat'
D:\Do Hoa May Tinh\ThucHanh_BTVN\BTL_DHMT_Nhom08\OpenGL\main.cpp(484,25): warning C4305: 'argument': truncation from 'double' to 'GLfloat'
D:\Do Hoa May Tinh\ThucHanh_BTVN\BTL_DHMT_Nhom08\OpenGL\main.cpp(485,24): warning C4305: 'argument': truncation from 'double' to 'GLfloat'
D:\Do Hoa May Tinh\ThucHanh_BTVN\BTL_DHMT_Nhom08\OpenGL\main.cpp(487,42): warning C4305: 'argument': truncation from 'double' to 'const GLfloat'
D:\Do Hoa May Tinh\ThucHanh_BTVN\BTL_DHMT_Nhom08\OpenGL\main.cpp(488,25): warning C4305: 'argument': truncation from 'double' to 'GLfloat'
D:\Do Hoa May Tinh\ThucHanh_BTVN\BTL_DHMT_Nhom08\OpenGL\main.cpp(489,24): warning C4305: 'argument': truncation from 'double' to 'GLfloat'
D:\Do Hoa May Tinh\ThucHanh_BTVN\BTL_DHMT_Nhom08\OpenGL\main.cpp(491,41): warning C4305: 'argument': truncation from 'double' to 'const GLfloat'
D:\Do Hoa May Tinh\ThucHanh_BTVN\BTL_DHMT_Nhom08\OpenGL\main.cpp(492,25): warning C4305: 'argument': truncation from 'double' to 'GLfloat'
D:\Do Hoa May Tinh\ThucHanh_BTVN\BTL_DHMT_Nhom08\OpenGL\main.cpp(493,24): warning C4305: 'argument': truncation from 'double' to 'GLfloat'
D:\Do Hoa May Tinh\ThucHanh_BTVN\BTL_DHMT_Nhom08\OpenGL\main.cpp(495,42): warning C4305: 'argument': truncation from 'double' to 'const GLfloat'
D:\Do Hoa May Tinh\ThucHanh_BTVN\BTL_DHMT_Nhom08\OpenGL\main.cpp(496,25): warning C4305: 'argument': truncation from 'double' to 'GLfloat'
D:\Do Hoa May Tinh\ThucHanh_BTVN\BTL_DHMT_Nhom08\OpenGL\main.cpp(497,24): warning C4305: 'argument': truncation from 'double' to 'GLfloat'
D:\Do Hoa May Tinh\ThucHanh_BTVN\BTL_DHMT_Nhom08\OpenGL\main.cpp(500,36): warning C4305: 'argument': truncation from 'double' to 'const GLfloat'
D:\Do Hoa May Tinh\ThucHanh_BTVN\BTL_DHMT_Nhom08\OpenGL\main.cpp(502,26): warning C4305: 'argument': truncation from 'double' to 'GLfloat'
D:\Do Hoa May Tinh\ThucHanh_BTVN\BTL_DHMT_Nhom08\OpenGL\main.cpp(504,36): warning C4305: 'argument': truncation from 'double' to 'const GLfloat'
D:\Do Hoa May Tinh\ThucHanh_BTVN\BTL_DHMT_Nhom08\OpenGL\main.cpp(505,25): warning C4305: 'argument': truncation from 'double' to 'GLfloat'
D:\Do Hoa May Tinh\ThucHanh_BTVN\BTL_DHMT_Nhom08\OpenGL\main.cpp(506,25): warning C4305: 'argument': truncation from 'double' to 'GLfloat'
D:\Do Hoa May Tinh\ThucHanh_BTVN\BTL_DHMT_Nhom08\OpenGL\main.cpp(508,40): warning C4305: 'argument': truncation from 'double' to 'const GLfloat'
D:\Do Hoa May Tinh\ThucHanh_BTVN\BTL_DHMT_Nhom08\OpenGL\main.cpp(509,25): warning C4305: 'argument': truncation from 'double' to 'GLfloat'
D:\Do Hoa May Tinh\ThucHanh_BTVN\BTL_DHMT_Nhom08\OpenGL\main.cpp(510,24): warning C4305: 'argument': truncation from 'double' to 'GLfloat'
D:\Do Hoa May Tinh\ThucHanh_BTVN\BTL_DHMT_Nhom08\OpenGL\main.cpp(516,40): warning C4305: 'argument': truncation from 'double' to 'const GLfloat'
D:\Do Hoa May Tinh\ThucHanh_BTVN\BTL_DHMT_Nhom08\OpenGL\main.cpp(517,25): warning C4305: 'argument': truncation from 'double' to 'GLfloat'
D:\Do Hoa May Tinh\ThucHanh_BTVN\BTL_DHMT_Nhom08\OpenGL\main.cpp(518,24): warning C4305: 'argument': truncation from 'double' to 'GLfloat'
D:\Do Hoa May Tinh\ThucHanh_BTVN\BTL_DHMT_Nhom08\OpenGL\main.cpp(520,44): warning C4305: 'argument': truncation from 'double' to 'const GLfloat'
D:\Do Hoa May Tinh\ThucHanh_BTVN\BTL_DHMT_Nhom08\OpenGL\main.cpp(521,25): warning C4305: 'argument': truncation from 'double' to 'GLfloat'
D:\Do Hoa May Tinh\ThucHanh_BTVN\BTL_DHMT_Nhom08\OpenGL\main.cpp(522,24): warning C4305: 'argument': truncation from 'double' to 'GLfloat'
D:\Do Hoa May Tinh\ThucHanh_BTVN\BTL_DHMT_Nhom08\OpenGL\main.cpp(524,45): warning C4305: 'argument': truncation from 'double' to 'const GLfloat'
D:\Do Hoa May Tinh\ThucHanh_BTVN\BTL_DHMT_Nhom08\OpenGL\main.cpp(525,25): warning C4305: 'argument': truncation from 'double' to 'GLfloat'
D:\Do Hoa May Tinh\ThucHanh_BTVN\BTL_DHMT_Nhom08\OpenGL\main.cpp(526,24): warning C4305: 'argument': truncation from 'double' to 'GLfloat'
D:\Do Hoa May Tinh\ThucHanh_BTVN\BTL_DHMT_Nhom08\OpenGL\main.cpp(529,35): warning C4305: 'argument': truncation from 'double' to 'const GLfloat'
D:\Do Hoa May Tinh\ThucHanh_BTVN\BTL_DHMT_Nhom08\OpenGL\main.cpp(531,26): warning C4305: 'argument': truncation from 'double' to 'GLfloat'
D:\Do Hoa May Tinh\ThucHanh_BTVN\BTL_DHMT_Nhom08\OpenGL\main.cpp(533,35): warning C4305: 'argument': truncation from 'double' to 'const GLfloat'
D:\Do Hoa May Tinh\ThucHanh_BTVN\BTL_DHMT_Nhom08\OpenGL\main.cpp(534,25): warning C4305: 'argument': truncation from 'double' to 'GLfloat'
D:\Do Hoa May Tinh\ThucHanh_BTVN\BTL_DHMT_Nhom08\OpenGL\main.cpp(535,25): warning C4305: 'argument': truncation from 'double' to 'GLfloat'
D:\Do Hoa May Tinh\ThucHanh_BTVN\BTL_DHMT_Nhom08\OpenGL\main.cpp(537,39): warning C4305: 'argument': truncation from 'double' to 'const GLfloat'
D:\Do Hoa May Tinh\ThucHanh_BTVN\BTL_DHMT_Nhom08\OpenGL\main.cpp(538,25): warning C4305: 'argument': truncation from 'double' to 'GLfloat'
D:\Do Hoa May Tinh\ThucHanh_BTVN\BTL_DHMT_Nhom08\OpenGL\main.cpp(539,24): warning C4305: 'argument': truncation from 'double' to 'GLfloat'
D:\Do Hoa May Tinh\ThucHanh_BTVN\BTL_DHMT_Nhom08\OpenGL\main.cpp(541,39): warning C4305: 'argument': truncation from 'double' to 'const GLfloat'
D:\Do Hoa May Tinh\ThucHanh_BTVN\BTL_DHMT_Nhom08\OpenGL\main.cpp(542,25): warning C4305: 'argument': truncation from 'double' to 'GLfloat'
D:\Do Hoa May Tinh\ThucHanh_BTVN\BTL_DHMT_Nhom08\OpenGL\main.cpp(543,24): warning C4305: 'argument': truncation from 'double' to 'GLfloat'
D:\Do Hoa May Tinh\ThucHanh_BTVN\BTL_DHMT_Nhom08\OpenGL\main.cpp(549,43): warning C4305: 'argument': truncation from 'double' to 'const GLfloat'
D:\Do Hoa May Tinh\ThucHanh_BTVN\BTL_DHMT_Nhom08\OpenGL\main.cpp(550,25): warning C4305: 'argument': truncation from 'double' to 'GLfloat'
D:\Do Hoa May Tinh\ThucHanh_BTVN\BTL_DHMT_Nhom08\OpenGL\main.cpp(551,24): warning C4305: 'argument': truncation from 'double' to 'GLfloat'
D:\Do Hoa May Tinh\ThucHanh_BTVN\BTL_DHMT_Nhom08\OpenGL\main.cpp(553,44): warning C4305: 'argument': truncation from 'double' to 'const GLfloat'
D:\Do Hoa May Tinh\ThucHanh_BTVN\BTL_DHMT_Nhom08\OpenGL\main.cpp(554,25): warning C4305: 'argument': truncation from 'double' to 'GLfloat'
D:\Do Hoa May Tinh\ThucHanh_BTVN\BTL_DHMT_Nhom08\OpenGL\main.cpp(555,24): warning C4305: 'argument': truncation from 'double' to 'GLfloat'
D:\Do Hoa May Tinh\ThucHanh_BTVN\BTL_DHMT_Nhom08\OpenGL\main.cpp(558,36): warning C4305: 'argument': truncation from 'double' to 'const GLfloat'
D:\Do Hoa May Tinh\ThucHanh_BTVN\BTL_DHMT_Nhom08\OpenGL\main.cpp(558,81): warning C4305: 'argument': truncation from 'double' to 'const GLfloat'
D:\Do Hoa May Tinh\ThucHanh_BTVN\BTL_DHMT_Nhom08\OpenGL\main.cpp(560,26): warning C4305: 'argument': truncation from 'double' to 'GLfloat'
D:\Do Hoa May Tinh\ThucHanh_BTVN\BTL_DHMT_Nhom08\OpenGL\main.cpp(562,49): warning C4305: 'argument': truncation from 'double' to 'const GLfloat'
D:\Do Hoa May Tinh\ThucHanh_BTVN\BTL_DHMT_Nhom08\OpenGL\main.cpp(563,25): warning C4305: 'argument': truncation from 'double' to 'GLfloat'
D:\Do Hoa May Tinh\ThucHanh_BTVN\BTL_DHMT_Nhom08\OpenGL\main.cpp(564,25): warning C4305: 'argument': truncation from 'double' to 'GLfloat'
D:\Do Hoa May Tinh\ThucHanh_BTVN\BTL_DHMT_Nhom08\OpenGL\main.cpp(566,39): warning C4305: 'argument': truncation from 'double' to 'const GLfloat'
D:\Do Hoa May Tinh\ThucHanh_BTVN\BTL_DHMT_Nhom08\OpenGL\main.cpp(567,25): warning C4305: 'argument': truncation from 'double' to 'GLfloat'
D:\Do Hoa May Tinh\ThucHanh_BTVN\BTL_DHMT_Nhom08\OpenGL\main.cpp(568,24): warning C4305: 'argument': truncation from 'double' to 'GLfloat'
D:\Do Hoa May Tinh\ThucHanh_BTVN\BTL_DHMT_Nhom08\OpenGL\main.cpp(570,39): warning C4305: 'argument': truncation from 'double' to 'const GLfloat'
D:\Do Hoa May Tinh\ThucHanh_BTVN\BTL_DHMT_Nhom08\OpenGL\main.cpp(571,25): warning C4305: 'argument': truncation from 'double' to 'GLfloat'
D:\Do Hoa May Tinh\ThucHanh_BTVN\BTL_DHMT_Nhom08\OpenGL\main.cpp(572,24): warning C4305: 'argument': truncation from 'double' to 'GLfloat'
D:\Do Hoa May Tinh\ThucHanh_BTVN\BTL_DHMT_Nhom08\OpenGL\main.cpp(578,43): warning C4305: 'argument': truncation from 'double' to 'const GLfloat'
D:\Do Hoa May Tinh\ThucHanh_BTVN\BTL_DHMT_Nhom08\OpenGL\main.cpp(579,25): warning C4305: 'argument': truncation from 'double' to 'GLfloat'
D:\Do Hoa May Tinh\ThucHanh_BTVN\BTL_DHMT_Nhom08\OpenGL\main.cpp(580,24): warning C4305: 'argument': truncation from 'double' to 'GLfloat'
D:\Do Hoa May Tinh\ThucHanh_BTVN\BTL_DHMT_Nhom08\OpenGL\main.cpp(582,44): warning C4305: 'argument': truncation from 'double' to 'const GLfloat'
D:\Do Hoa May Tinh\ThucHanh_BTVN\BTL_DHMT_Nhom08\OpenGL\main.cpp(583,25): warning C4305: 'argument': truncation from 'double' to 'GLfloat'
D:\Do Hoa May Tinh\ThucHanh_BTVN\BTL_DHMT_Nhom08\OpenGL\main.cpp(584,24): warning C4305: 'argument': truncation from 'double' to 'GLfloat'
D:\Do Hoa May Tinh\ThucHanh_BTVN\BTL_DHMT_Nhom08\OpenGL\main.cpp(589,26): warning C4305: 'argument': truncation from 'double' to 'GLfloat'
D:\Do Hoa May Tinh\ThucHanh_BTVN\BTL_DHMT_Nhom08\OpenGL\main.cpp(591,37): warning C4305: 'argument': truncation from 'double' to 'const GLfloat'
D:\Do Hoa May Tinh\ThucHanh_BTVN\BTL_DHMT_Nhom08\OpenGL\main.cpp(592,25): warning C4305: 'argument': truncation from 'double' to 'GLfloat'
D:\Do Hoa May Tinh\ThucHanh_BTVN\BTL_DHMT_Nhom08\OpenGL\main.cpp(593,25): warning C4305: 'argument': truncation from 'double' to 'GLfloat'
D:\Do Hoa May Tinh\ThucHanh_BTVN\BTL_DHMT_Nhom08\OpenGL\main.cpp(595,39): warning C4305: 'argument': truncation from 'double' to 'const GLfloat'
D:\Do Hoa May Tinh\ThucHanh_BTVN\BTL_DHMT_Nhom08\OpenGL\main.cpp(596,25): warning C4305: 'argument': truncation from 'double' to 'GLfloat'
D:\Do Hoa May Tinh\ThucHanh_BTVN\BTL_DHMT_Nhom08\OpenGL\main.cpp(597,24): warning C4305: 'argument': truncation from 'double' to 'GLfloat'
D:\Do Hoa May Tinh\ThucHanh_BTVN\BTL_DHMT_Nhom08\OpenGL\main.cpp(599,43): warning C4305: 'argument': truncation from 'double' to 'const GLfloat'
D:\Do Hoa May Tinh\ThucHanh_BTVN\BTL_DHMT_Nhom08\OpenGL\main.cpp(600,25): warning C4305: 'argument': truncation from 'double' to 'GLfloat'
D:\Do Hoa May Tinh\ThucHanh_BTVN\BTL_DHMT_Nhom08\OpenGL\main.cpp(601,24): warning C4305: 'argument': truncation from 'double' to 'GLfloat'
D:\Do Hoa May Tinh\ThucHanh_BTVN\BTL_DHMT_Nhom08\OpenGL\main.cpp(603,44): warning C4305: 'argument': truncation from 'double' to 'const GLfloat'
D:\Do Hoa May Tinh\ThucHanh_BTVN\BTL_DHMT_Nhom08\OpenGL\main.cpp(604,25): warning C4305: 'argument': truncation from 'double' to 'GLfloat'
D:\Do Hoa May Tinh\ThucHanh_BTVN\BTL_DHMT_Nhom08\OpenGL\main.cpp(605,24): warning C4305: 'argument': truncation from 'double' to 'GLfloat'
D:\Do Hoa May Tinh\ThucHanh_BTVN\BTL_DHMT_Nhom08\OpenGL\main.cpp(607,39): warning C4305: 'argument': truncation from 'double' to 'const GLfloat'
D:\Do Hoa May Tinh\ThucHanh_BTVN\BTL_DHMT_Nhom08\OpenGL\main.cpp(608,25): warning C4305: 'argument': truncation from 'double' to 'GLfloat'
D:\Do Hoa May Tinh\ThucHanh_BTVN\BTL_DHMT_Nhom08\OpenGL\main.cpp(609,24): warning C4305: 'argument': truncation from 'double' to 'GLfloat'
D:\Do Hoa May Tinh\ThucHanh_BTVN\BTL_DHMT_Nhom08\OpenGL\main.cpp(616,39): warning C4305: 'argument': truncation from 'double' to 'const GLfloat'
D:\Do Hoa May Tinh\ThucHanh_BTVN\BTL_DHMT_Nhom08\OpenGL\main.cpp(616,84): warning C4305: 'argument': truncation from 'double' to 'const GLfloat'
D:\Do Hoa May Tinh\ThucHanh_BTVN\BTL_DHMT_Nhom08\OpenGL\main.cpp(618,26): warning C4305: 'argument': truncation from 'double' to 'GLfloat'
D:\Do Hoa May Tinh\ThucHanh_BTVN\BTL_DHMT_Nhom08\OpenGL\main.cpp(620,49): warning C4305: 'argument': truncation from 'double' to 'const GLfloat'
D:\Do Hoa May Tinh\ThucHanh_BTVN\BTL_DHMT_Nhom08\OpenGL\main.cpp(621,25): warning C4305: 'argument': truncation from 'double' to 'GLfloat'
D:\Do Hoa May Tinh\ThucHanh_BTVN\BTL_DHMT_Nhom08\OpenGL\main.cpp(622,25): warning C4305: 'argument': truncation from 'double' to 'GLfloat'
D:\Do Hoa May Tinh\ThucHanh_BTVN\BTL_DHMT_Nhom08\OpenGL\main.cpp(624,42): warning C4305: 'argument': truncation from 'double' to 'const GLfloat'
D:\Do Hoa May Tinh\ThucHanh_BTVN\BTL_DHMT_Nhom08\OpenGL\main.cpp(625,25): warning C4305: 'argument': truncation from 'double' to 'GLfloat'
D:\Do Hoa May Tinh\ThucHanh_BTVN\BTL_DHMT_Nhom08\OpenGL\main.cpp(626,24): warning C4305: 'argument': truncation from 'double' to 'GLfloat'
D:\Do Hoa May Tinh\ThucHanh_BTVN\BTL_DHMT_Nhom08\OpenGL\main.cpp(632,42): warning C4305: 'argument': truncation from 'double' to 'const GLfloat'
D:\Do Hoa May Tinh\ThucHanh_BTVN\BTL_DHMT_Nhom08\OpenGL\main.cpp(633,25): warning C4305: 'argument': truncation from 'double' to 'GLfloat'
D:\Do Hoa May Tinh\ThucHanh_BTVN\BTL_DHMT_Nhom08\OpenGL\main.cpp(634,24): warning C4305: 'argument': truncation from 'double' to 'GLfloat'
D:\Do Hoa May Tinh\ThucHanh_BTVN\BTL_DHMT_Nhom08\OpenGL\main.cpp(636,42): warning C4305: 'argument': truncation from 'double' to 'const GLfloat'
D:\Do Hoa May Tinh\ThucHanh_BTVN\BTL_DHMT_Nhom08\OpenGL\main.cpp(637,25): warning C4305: 'argument': truncation from 'double' to 'GLfloat'
D:\Do Hoa May Tinh\ThucHanh_BTVN\BTL_DHMT_Nhom08\OpenGL\main.cpp(638,24): warning C4305: 'argument': truncation from 'double' to 'GLfloat'
D:\Do Hoa May Tinh\ThucHanh_BTVN\BTL_DHMT_Nhom08\OpenGL\main.cpp(645,38): warning C4305: 'argument': truncation from 'double' to 'const GLfloat'
D:\Do Hoa May Tinh\ThucHanh_BTVN\BTL_DHMT_Nhom08\OpenGL\main.cpp(645,83): warning C4305: 'argument': truncation from 'double' to 'const GLfloat'
D:\Do Hoa May Tinh\ThucHanh_BTVN\BTL_DHMT_Nhom08\OpenGL\main.cpp(647,26): warning C4305: 'argument': truncation from 'double' to 'GLfloat'
D:\Do Hoa May Tinh\ThucHanh_BTVN\BTL_DHMT_Nhom08\OpenGL\main.cpp(649,49): warning C4305: 'argument': truncation from 'double' to 'const GLfloat'
D:\Do Hoa May Tinh\ThucHanh_BTVN\BTL_DHMT_Nhom08\OpenGL\main.cpp(650,25): warning C4305: 'argument': truncation from 'double' to 'GLfloat'
D:\Do Hoa May Tinh\ThucHanh_BTVN\BTL_DHMT_Nhom08\OpenGL\main.cpp(651,25): warning C4305: 'argument': truncation from 'double' to 'GLfloat'
D:\Do Hoa May Tinh\ThucHanh_BTVN\BTL_DHMT_Nhom08\OpenGL\main.cpp(653,41): warning C4305: 'argument': truncation from 'double' to 'const GLfloat'
D:\Do Hoa May Tinh\ThucHanh_BTVN\BTL_DHMT_Nhom08\OpenGL\main.cpp(654,25): warning C4305: 'argument': truncation from 'double' to 'GLfloat'
D:\Do Hoa May Tinh\ThucHanh_BTVN\BTL_DHMT_Nhom08\OpenGL\main.cpp(655,24): warning C4305: 'argument': truncation from 'double' to 'GLfloat'
D:\Do Hoa May Tinh\ThucHanh_BTVN\BTL_DHMT_Nhom08\OpenGL\main.cpp(657,41): warning C4305: 'argument': truncation from 'double' to 'const GLfloat'
D:\Do Hoa May Tinh\ThucHanh_BTVN\BTL_DHMT_Nhom08\OpenGL\main.cpp(658,25): warning C4305: 'argument': truncation from 'double' to 'GLfloat'
D:\Do Hoa May Tinh\ThucHanh_BTVN\BTL_DHMT_Nhom08\OpenGL\main.cpp(659,24): warning C4305: 'argument': truncation from 'double' to 'GLfloat'
D:\Do Hoa May Tinh\ThucHanh_BTVN\BTL_DHMT_Nhom08\OpenGL\main.cpp(665,41): warning C4305: 'argument': truncation from 'double' to 'const GLfloat'
D:\Do Hoa May Tinh\ThucHanh_BTVN\BTL_DHMT_Nhom08\OpenGL\main.cpp(666,25): warning C4305: 'argument': truncation from 'double' to 'GLfloat'
D:\Do Hoa May Tinh\ThucHanh_BTVN\BTL_DHMT_Nhom08\OpenGL\main.cpp(667,24): warning C4305: 'argument': truncation from 'double' to 'GLfloat'
D:\Do Hoa May Tinh\ThucHanh_BTVN\BTL_DHMT_Nhom08\OpenGL\main.cpp(674,37): warning C4305: 'argument': truncation from 'double' to 'const GLfloat'
D:\Do Hoa May Tinh\ThucHanh_BTVN\BTL_DHMT_Nhom08\OpenGL\main.cpp(676,26): warning C4305: 'argument': truncation from 'double' to 'GLfloat'
D:\Do Hoa May Tinh\ThucHanh_BTVN\BTL_DHMT_Nhom08\OpenGL\main.cpp(678,37): warning C4305: 'argument': truncation from 'double' to 'const GLfloat'
D:\Do Hoa May Tinh\ThucHanh_BTVN\BTL_DHMT_Nhom08\OpenGL\main.cpp(679,25): warning C4305: 'argument': truncation from 'double' to 'GLfloat'
D:\Do Hoa May Tinh\ThucHanh_BTVN\BTL_DHMT_Nhom08\OpenGL\main.cpp(680,25): warning C4305: 'argument': truncation from 'double' to 'GLfloat'
D:\Do Hoa May Tinh\ThucHanh_BTVN\BTL_DHMT_Nhom08\OpenGL\main.cpp(682,41): warning C4305: 'argument': truncation from 'double' to 'const GLfloat'
D:\Do Hoa May Tinh\ThucHanh_BTVN\BTL_DHMT_Nhom08\OpenGL\main.cpp(683,25): warning C4305: 'argument': truncation from 'double' to 'GLfloat'
D:\Do Hoa May Tinh\ThucHanh_BTVN\BTL_DHMT_Nhom08\OpenGL\main.cpp(684,24): warning C4305: 'argument': truncation from 'double' to 'GLfloat'
D:\Do Hoa May Tinh\ThucHanh_BTVN\BTL_DHMT_Nhom08\OpenGL\main.cpp(686,41): warning C4305: 'argument': truncation from 'double' to 'const GLfloat'
D:\Do Hoa May Tinh\ThucHanh_BTVN\BTL_DHMT_Nhom08\OpenGL\main.cpp(687,25): warning C4305: 'argument': truncation from 'double' to 'GLfloat'
D:\Do Hoa May Tinh\ThucHanh_BTVN\BTL_DHMT_Nhom08\OpenGL\main.cpp(688,24): warning C4305: 'argument': truncation from 'double' to 'GLfloat'
D:\Do Hoa May Tinh\ThucHanh_BTVN\BTL_DHMT_Nhom08\OpenGL\main.cpp(694,41): warning C4305: 'argument': truncation from 'double' to 'const GLfloat'
D:\Do Hoa May Tinh\ThucHanh_BTVN\BTL_DHMT_Nhom08\OpenGL\main.cpp(695,25): warning C4305: 'argument': truncation from 'double' to 'GLfloat'
D:\Do Hoa May Tinh\ThucHanh_BTVN\BTL_DHMT_Nhom08\OpenGL\main.cpp(696,24): warning C4305: 'argument': truncation from 'double' to 'GLfloat'
D:\Do Hoa May Tinh\ThucHanh_BTVN\BTL_DHMT_Nhom08\OpenGL\main.cpp(705,26): warning C4305: 'argument': truncation from 'double' to 'GLfloat'
D:\Do Hoa May Tinh\ThucHanh_BTVN\BTL_DHMT_Nhom08\OpenGL\main.cpp(707,38): warning C4305: 'argument': truncation from 'double' to 'const GLfloat'
D:\Do Hoa May Tinh\ThucHanh_BTVN\BTL_DHMT_Nhom08\OpenGL\main.cpp(708,25): warning C4305: 'argument': truncation from 'double' to 'GLfloat'
D:\Do Hoa May Tinh\ThucHanh_BTVN\BTL_DHMT_Nhom08\OpenGL\main.cpp(709,25): warning C4305: 'argument': truncation from 'double' to 'GLfloat'
D:\Do Hoa May Tinh\ThucHanh_BTVN\BTL_DHMT_Nhom08\OpenGL\main.cpp(711,40): warning C4305: 'argument': truncation from 'double' to 'const GLfloat'
D:\Do Hoa May Tinh\ThucHanh_BTVN\BTL_DHMT_Nhom08\OpenGL\main.cpp(712,25): warning C4305: 'argument': truncation from 'double' to 'GLfloat'
D:\Do Hoa May Tinh\ThucHanh_BTVN\BTL_DHMT_Nhom08\OpenGL\main.cpp(713,24): warning C4305: 'argument': truncation from 'double' to 'GLfloat'
D:\Do Hoa May Tinh\ThucHanh_BTVN\BTL_DHMT_Nhom08\OpenGL\main.cpp(715,44): warning C4305: 'argument': truncation from 'double' to 'const GLfloat'
D:\Do Hoa May Tinh\ThucHanh_BTVN\BTL_DHMT_Nhom08\OpenGL\main.cpp(716,25): warning C4305: 'argument': truncation from 'double' to 'GLfloat'
D:\Do Hoa May Tinh\ThucHanh_BTVN\BTL_DHMT_Nhom08\OpenGL\main.cpp(717,24): warning C4305: 'argument': truncation from 'double' to 'GLfloat'
D:\Do Hoa May Tinh\ThucHanh_BTVN\BTL_DHMT_Nhom08\OpenGL\main.cpp(719,45): warning C4305: 'argument': truncation from 'double' to 'const GLfloat'
D:\Do Hoa May Tinh\ThucHanh_BTVN\BTL_DHMT_Nhom08\OpenGL\main.cpp(720,25): warning C4305: 'argument': truncation from 'double' to 'GLfloat'
D:\Do Hoa May Tinh\ThucHanh_BTVN\BTL_DHMT_Nhom08\OpenGL\main.cpp(721,24): warning C4305: 'argument': truncation from 'double' to 'GLfloat'
D:\Do Hoa May Tinh\ThucHanh_BTVN\BTL_DHMT_Nhom08\OpenGL\main.cpp(727,40): warning C4305: 'argument': truncation from 'double' to 'const GLfloat'
D:\Do Hoa May Tinh\ThucHanh_BTVN\BTL_DHMT_Nhom08\OpenGL\main.cpp(728,25): warning C4305: 'argument': truncation from 'double' to 'GLfloat'
D:\Do Hoa May Tinh\ThucHanh_BTVN\BTL_DHMT_Nhom08\OpenGL\main.cpp(729,24): warning C4305: 'argument': truncation from 'double' to 'GLfloat'
D:\Do Hoa May Tinh\ThucHanh_BTVN\BTL_DHMT_Nhom08\OpenGL\main.cpp(732,40): warning C4305: 'argument': truncation from 'double' to 'const GLfloat'
D:\Do Hoa May Tinh\ThucHanh_BTVN\BTL_DHMT_Nhom08\OpenGL\main.cpp(732,85): warning C4305: 'argument': truncation from 'double' to 'const GLfloat'
D:\Do Hoa May Tinh\ThucHanh_BTVN\BTL_DHMT_Nhom08\OpenGL\main.cpp(734,26): warning C4305: 'argument': truncation from 'double' to 'GLfloat'
D:\Do Hoa May Tinh\ThucHanh_BTVN\BTL_DHMT_Nhom08\OpenGL\main.cpp(736,49): warning C4305: 'argument': truncation from 'double' to 'const GLfloat'
D:\Do Hoa May Tinh\ThucHanh_BTVN\BTL_DHMT_Nhom08\OpenGL\main.cpp(737,25): warning C4305: 'argument': truncation from 'double' to 'GLfloat'
D:\Do Hoa May Tinh\ThucHanh_BTVN\BTL_DHMT_Nhom08\OpenGL\main.cpp(738,25): warning C4305: 'argument': truncation from 'double' to 'GLfloat'
D:\Do Hoa May Tinh\ThucHanh_BTVN\BTL_DHMT_Nhom08\OpenGL\main.cpp(740,43): warning C4305: 'argument': truncation from 'double' to 'const GLfloat'
D:\Do Hoa May Tinh\ThucHanh_BTVN\BTL_DHMT_Nhom08\OpenGL\main.cpp(741,25): warning C4305: 'argument': truncation from 'double' to 'GLfloat'
D:\Do Hoa May Tinh\ThucHanh_BTVN\BTL_DHMT_Nhom08\OpenGL\main.cpp(742,24): warning C4305: 'argument': truncation from 'double' to 'GLfloat'
D:\Do Hoa May Tinh\ThucHanh_BTVN\BTL_DHMT_Nhom08\OpenGL\main.cpp(748,43): warning C4305: 'argument': truncation from 'double' to 'const GLfloat'
D:\Do Hoa May Tinh\ThucHanh_BTVN\BTL_DHMT_Nhom08\OpenGL\main.cpp(749,25): warning C4305: 'argument': truncation from 'double' to 'GLfloat'
D:\Do Hoa May Tinh\ThucHanh_BTVN\BTL_DHMT_Nhom08\OpenGL\main.cpp(750,24): warning C4305: 'argument': truncation from 'double' to 'GLfloat'
D:\Do Hoa May Tinh\ThucHanh_BTVN\BTL_DHMT_Nhom08\OpenGL\main.cpp(756,43): warning C4305: 'argument': truncation from 'double' to 'const GLfloat'
D:\Do Hoa May Tinh\ThucHanh_BTVN\BTL_DHMT_Nhom08\OpenGL\main.cpp(757,25): warning C4305: 'argument': truncation from 'double' to 'GLfloat'
D:\Do Hoa May Tinh\ThucHanh_BTVN\BTL_DHMT_Nhom08\OpenGL\main.cpp(758,24): warning C4305: 'argument': truncation from 'double' to 'GLfloat'
D:\Do Hoa May Tinh\ThucHanh_BTVN\BTL_DHMT_Nhom08\OpenGL\main.cpp(761,39): warning C4305: 'argument': truncation from 'double' to 'const GLfloat'
D:\Do Hoa May Tinh\ThucHanh_BTVN\BTL_DHMT_Nhom08\OpenGL\main.cpp(761,84): warning C4305: 'argument': truncation from 'double' to 'const GLfloat'
D:\Do Hoa May Tinh\ThucHanh_BTVN\BTL_DHMT_Nhom08\OpenGL\main.cpp(763,26): warning C4305: 'argument': truncation from 'double' to 'GLfloat'
D:\Do Hoa May Tinh\ThucHanh_BTVN\BTL_DHMT_Nhom08\OpenGL\main.cpp(765,49): warning C4305: 'argument': truncation from 'double' to 'const GLfloat'
D:\Do Hoa May Tinh\ThucHanh_BTVN\BTL_DHMT_Nhom08\OpenGL\main.cpp(766,25): warning C4305: 'argument': truncation from 'double' to 'GLfloat'
D:\Do Hoa May Tinh\ThucHanh_BTVN\BTL_DHMT_Nhom08\OpenGL\main.cpp(767,25): warning C4305: 'argument': truncation from 'double' to 'GLfloat'
D:\Do Hoa May Tinh\ThucHanh_BTVN\BTL_DHMT_Nhom08\OpenGL\main.cpp(769,42): warning C4305: 'argument': truncation from 'double' to 'const GLfloat'
D:\Do Hoa May Tinh\ThucHanh_BTVN\BTL_DHMT_Nhom08\OpenGL\main.cpp(770,25): warning C4305: 'argument': truncation from 'double' to 'GLfloat'
D:\Do Hoa May Tinh\ThucHanh_BTVN\BTL_DHMT_Nhom08\OpenGL\main.cpp(771,24): warning C4305: 'argument': truncation from 'double' to 'GLfloat'
D:\Do Hoa May Tinh\ThucHanh_BTVN\BTL_DHMT_Nhom08\OpenGL\main.cpp(773,42): warning C4305: 'argument': truncation from 'double' to 'const GLfloat'
D:\Do Hoa May Tinh\ThucHanh_BTVN\BTL_DHMT_Nhom08\OpenGL\main.cpp(774,25): warning C4305: 'argument': truncation from 'double' to 'GLfloat'
D:\Do Hoa May Tinh\ThucHanh_BTVN\BTL_DHMT_Nhom08\OpenGL\main.cpp(775,24): warning C4305: 'argument': truncation from 'double' to 'GLfloat'
D:\Do Hoa May Tinh\ThucHanh_BTVN\BTL_DHMT_Nhom08\OpenGL\main.cpp(781,42): warning C4305: 'argument': truncation from 'double' to 'const GLfloat'
D:\Do Hoa May Tinh\ThucHanh_BTVN\BTL_DHMT_Nhom08\OpenGL\main.cpp(782,25): warning C4305: 'argument': truncation from 'double' to 'GLfloat'
D:\Do Hoa May Tinh\ThucHanh_BTVN\BTL_DHMT_Nhom08\OpenGL\main.cpp(783,24): warning C4305: 'argument': truncation from 'double' to 'GLfloat'
D:\Do Hoa May Tinh\ThucHanh_BTVN\BTL_DHMT_Nhom08\OpenGL\main.cpp(790,38): warning C4305: 'argument': truncation from 'double' to 'const GLfloat'
D:\Do Hoa May Tinh\ThucHanh_BTVN\BTL_DHMT_Nhom08\OpenGL\main.cpp(792,26): warning C4305: 'argument': truncation from 'double' to 'GLfloat'
D:\Do Hoa May Tinh\ThucHanh_BTVN\BTL_DHMT_Nhom08\OpenGL\main.cpp(794,38): warning C4305: 'argument': truncation from 'double' to 'const GLfloat'
D:\Do Hoa May Tinh\ThucHanh_BTVN\BTL_DHMT_Nhom08\OpenGL\main.cpp(795,25): warning C4305: 'argument': truncation from 'double' to 'GLfloat'
D:\Do Hoa May Tinh\ThucHanh_BTVN\BTL_DHMT_Nhom08\OpenGL\main.cpp(796,25): warning C4305: 'argument': truncation from 'double' to 'GLfloat'
D:\Do Hoa May Tinh\ThucHanh_BTVN\BTL_DHMT_Nhom08\OpenGL\main.cpp(798,42): warning C4305: 'argument': truncation from 'double' to 'const GLfloat'
D:\Do Hoa May Tinh\ThucHanh_BTVN\BTL_DHMT_Nhom08\OpenGL\main.cpp(799,25): warning C4305: 'argument': truncation from 'double' to 'GLfloat'
D:\Do Hoa May Tinh\ThucHanh_BTVN\BTL_DHMT_Nhom08\OpenGL\main.cpp(800,24): warning C4305: 'argument': truncation from 'double' to 'GLfloat'
D:\Do Hoa May Tinh\ThucHanh_BTVN\BTL_DHMT_Nhom08\OpenGL\main.cpp(802,42): warning C4305: 'argument': truncation from 'double' to 'const GLfloat'
D:\Do Hoa May Tinh\ThucHanh_BTVN\BTL_DHMT_Nhom08\OpenGL\main.cpp(803,25): warning C4305: 'argument': truncation from 'double' to 'GLfloat'
D:\Do Hoa May Tinh\ThucHanh_BTVN\BTL_DHMT_Nhom08\OpenGL\main.cpp(804,24): warning C4305: 'argument': truncation from 'double' to 'GLfloat'
D:\Do Hoa May Tinh\ThucHanh_BTVN\BTL_DHMT_Nhom08\OpenGL\main.cpp(810,42): warning C4305: 'argument': truncation from 'double' to 'const GLfloat'
D:\Do Hoa May Tinh\ThucHanh_BTVN\BTL_DHMT_Nhom08\OpenGL\main.cpp(811,25): warning C4305: 'argument': truncation from 'double' to 'GLfloat'
D:\Do Hoa May Tinh\ThucHanh_BTVN\BTL_DHMT_Nhom08\OpenGL\main.cpp(812,24): warning C4305: 'argument': truncation from 'double' to 'GLfloat'
D:\Do Hoa May Tinh\ThucHanh_BTVN\BTL_DHMT_Nhom08\OpenGL\main.cpp(821,26): warning C4305: 'argument': truncation from 'double' to 'GLfloat'
D:\Do Hoa May Tinh\ThucHanh_BTVN\BTL_DHMT_Nhom08\OpenGL\main.cpp(823,37): warning C4305: 'argument': truncation from 'double' to 'const GLfloat'
D:\Do Hoa May Tinh\ThucHanh_BTVN\BTL_DHMT_Nhom08\OpenGL\main.cpp(824,25): warning C4305: 'argument': truncation from 'double' to 'GLfloat'
D:\Do Hoa May Tinh\ThucHanh_BTVN\BTL_DHMT_Nhom08\OpenGL\main.cpp(825,25): warning C4305: 'argument': truncation from 'double' to 'GLfloat'
D:\Do Hoa May Tinh\ThucHanh_BTVN\BTL_DHMT_Nhom08\OpenGL\main.cpp(827,39): warning C4305: 'argument': truncation from 'double' to 'const GLfloat'
D:\Do Hoa May Tinh\ThucHanh_BTVN\BTL_DHMT_Nhom08\OpenGL\main.cpp(828,25): warning C4305: 'argument': truncation from 'double' to 'GLfloat'
D:\Do Hoa May Tinh\ThucHanh_BTVN\BTL_DHMT_Nhom08\OpenGL\main.cpp(829,24): warning C4305: 'argument': truncation from 'double' to 'GLfloat'
D:\Do Hoa May Tinh\ThucHanh_BTVN\BTL_DHMT_Nhom08\OpenGL\main.cpp(831,43): warning C4305: 'argument': truncation from 'double' to 'const GLfloat'
D:\Do Hoa May Tinh\ThucHanh_BTVN\BTL_DHMT_Nhom08\OpenGL\main.cpp(832,25): warning C4305: 'argument': truncation from 'double' to 'GLfloat'
D:\Do Hoa May Tinh\ThucHanh_BTVN\BTL_DHMT_Nhom08\OpenGL\main.cpp(833,24): warning C4305: 'argument': truncation from 'double' to 'GLfloat'
D:\Do Hoa May Tinh\ThucHanh_BTVN\BTL_DHMT_Nhom08\OpenGL\main.cpp(835,44): warning C4305: 'argument': truncation from 'double' to 'const GLfloat'
D:\Do Hoa May Tinh\ThucHanh_BTVN\BTL_DHMT_Nhom08\OpenGL\main.cpp(836,25): warning C4305: 'argument': truncation from 'double' to 'GLfloat'
D:\Do Hoa May Tinh\ThucHanh_BTVN\BTL_DHMT_Nhom08\OpenGL\main.cpp(837,24): warning C4305: 'argument': truncation from 'double' to 'GLfloat'
D:\Do Hoa May Tinh\ThucHanh_BTVN\BTL_DHMT_Nhom08\OpenGL\main.cpp(839,39): warning C4305: 'argument': truncation from 'double' to 'const GLfloat'
D:\Do Hoa May Tinh\ThucHanh_BTVN\BTL_DHMT_Nhom08\OpenGL\main.cpp(840,25): warning C4305: 'argument': truncation from 'double' to 'GLfloat'
D:\Do Hoa May Tinh\ThucHanh_BTVN\BTL_DHMT_Nhom08\OpenGL\main.cpp(841,24): warning C4305: 'argument': truncation from 'double' to 'GLfloat'
D:\Do Hoa May Tinh\ThucHanh_BTVN\BTL_DHMT_Nhom08\OpenGL\main.cpp(848,38): warning C4305: 'argument': truncation from 'double' to 'const GLfloat'
D:\Do Hoa May Tinh\ThucHanh_BTVN\BTL_DHMT_Nhom08\OpenGL\main.cpp(850,26): warning C4305: 'argument': truncation from 'double' to 'GLfloat'
D:\Do Hoa May Tinh\ThucHanh_BTVN\BTL_DHMT_Nhom08\OpenGL\main.cpp(852,38): warning C4305: 'argument': truncation from 'double' to 'const GLfloat'
D:\Do Hoa May Tinh\ThucHanh_BTVN\BTL_DHMT_Nhom08\OpenGL\main.cpp(853,25): warning C4305: 'argument': truncation from 'double' to 'GLfloat'
D:\Do Hoa May Tinh\ThucHanh_BTVN\BTL_DHMT_Nhom08\OpenGL\main.cpp(854,25): warning C4305: 'argument': truncation from 'double' to 'GLfloat'
D:\Do Hoa May Tinh\ThucHanh_BTVN\BTL_DHMT_Nhom08\OpenGL\main.cpp(856,42): warning C4305: 'argument': truncation from 'double' to 'const GLfloat'
D:\Do Hoa May Tinh\ThucHanh_BTVN\BTL_DHMT_Nhom08\OpenGL\main.cpp(857,25): warning C4305: 'argument': truncation from 'double' to 'GLfloat'
D:\Do Hoa May Tinh\ThucHanh_BTVN\BTL_DHMT_Nhom08\OpenGL\main.cpp(858,24): warning C4305: 'argument': truncation from 'double' to 'GLfloat'
D:\Do Hoa May Tinh\ThucHanh_BTVN\BTL_DHMT_Nhom08\OpenGL\main.cpp(864,42): warning C4305: 'argument': truncation from 'double' to 'const GLfloat'
D:\Do Hoa May Tinh\ThucHanh_BTVN\BTL_DHMT_Nhom08\OpenGL\main.cpp(865,25): warning C4305: 'argument': truncation from 'double' to 'GLfloat'
D:\Do Hoa May Tinh\ThucHanh_BTVN\BTL_DHMT_Nhom08\OpenGL\main.cpp(866,24): warning C4305: 'argument': truncation from 'double' to 'GLfloat'
D:\Do Hoa May Tinh\ThucHanh_BTVN\BTL_DHMT_Nhom08\OpenGL\main.cpp(868,42): warning C4305: 'argument': truncation from 'double' to 'const GLfloat'
D:\Do Hoa May Tinh\ThucHanh_BTVN\BTL_DHMT_Nhom08\OpenGL\main.cpp(869,25): warning C4305: 'argument': truncation from 'double' to 'GLfloat'
D:\Do Hoa May Tinh\ThucHanh_BTVN\BTL_DHMT_Nhom08\OpenGL\main.cpp(870,24): warning C4305: 'argument': truncation from 'double' to 'GLfloat'
D:\Do Hoa May Tinh\ThucHanh_BTVN\BTL_DHMT_Nhom08\OpenGL\main.cpp(877,37): warning C4305: 'argument': truncation from 'double' to 'const GLfloat'
D:\Do Hoa May Tinh\ThucHanh_BTVN\BTL_DHMT_Nhom08\OpenGL\main.cpp(879,26): warning C4305: 'argument': truncation from 'double' to 'GLfloat'
D:\Do Hoa May Tinh\ThucHanh_BTVN\BTL_DHMT_Nhom08\OpenGL\main.cpp(881,37): warning C4305: 'argument': truncation from 'double' to 'const GLfloat'
D:\Do Hoa May Tinh\ThucHanh_BTVN\BTL_DHMT_Nhom08\OpenGL\main.cpp(882,25): warning C4305: 'argument': truncation from 'double' to 'GLfloat'
D:\Do Hoa May Tinh\ThucHanh_BTVN\BTL_DHMT_Nhom08\OpenGL\main.cpp(883,25): warning C4305: 'argument': truncation from 'double' to 'GLfloat'
D:\Do Hoa May Tinh\ThucHanh_BTVN\BTL_DHMT_Nhom08\OpenGL\main.cpp(885,41): warning C4305: 'argument': truncation from 'double' to 'const GLfloat'
D:\Do Hoa May Tinh\ThucHanh_BTVN\BTL_DHMT_Nhom08\OpenGL\main.cpp(886,25): warning C4305: 'argument': truncation from 'double' to 'GLfloat'
D:\Do Hoa May Tinh\ThucHanh_BTVN\BTL_DHMT_Nhom08\OpenGL\main.cpp(887,24): warning C4305: 'argument': truncation from 'double' to 'GLfloat'
D:\Do Hoa May Tinh\ThucHanh_BTVN\BTL_DHMT_Nhom08\OpenGL\main.cpp(889,41): warning C4305: 'argument': truncation from 'double' to 'const GLfloat'
D:\Do Hoa May Tinh\ThucHanh_BTVN\BTL_DHMT_Nhom08\OpenGL\main.cpp(890,25): warning C4305: 'argument': truncation from 'double' to 'GLfloat'
D:\Do Hoa May Tinh\ThucHanh_BTVN\BTL_DHMT_Nhom08\OpenGL\main.cpp(891,24): warning C4305: 'argument': truncation from 'double' to 'GLfloat'
D:\Do Hoa May Tinh\ThucHanh_BTVN\BTL_DHMT_Nhom08\OpenGL\main.cpp(897,41): warning C4305: 'argument': truncation from 'double' to 'const GLfloat'
D:\Do Hoa May Tinh\ThucHanh_BTVN\BTL_DHMT_Nhom08\OpenGL\main.cpp(898,25): warning C4305: 'argument': truncation from 'double' to 'GLfloat'
D:\Do Hoa May Tinh\ThucHanh_BTVN\BTL_DHMT_Nhom08\OpenGL\main.cpp(899,24): warning C4305: 'argument': truncation from 'double' to 'GLfloat'
D:\Do Hoa May Tinh\ThucHanh_BTVN\BTL_DHMT_Nhom08\OpenGL\main.cpp(906,37): warning C4305: 'argument': truncation from 'double' to 'const GLfloat'
D:\Do Hoa May Tinh\ThucHanh_BTVN\BTL_DHMT_Nhom08\OpenGL\main.cpp(908,26): warning C4305: 'argument': truncation from 'double' to 'GLfloat'
D:\Do Hoa May Tinh\ThucHanh_BTVN\BTL_DHMT_Nhom08\OpenGL\main.cpp(910,37): warning C4305: 'argument': truncation from 'double' to 'const GLfloat'
D:\Do Hoa May Tinh\ThucHanh_BTVN\BTL_DHMT_Nhom08\OpenGL\main.cpp(911,25): warning C4305: 'argument': truncation from 'double' to 'GLfloat'
D:\Do Hoa May Tinh\ThucHanh_BTVN\BTL_DHMT_Nhom08\OpenGL\main.cpp(912,25): warning C4305: 'argument': truncation from 'double' to 'GLfloat'
D:\Do Hoa May Tinh\ThucHanh_BTVN\BTL_DHMT_Nhom08\OpenGL\main.cpp(914,41): warning C4305: 'argument': truncation from 'double' to 'const GLfloat'
D:\Do Hoa May Tinh\ThucHanh_BTVN\BTL_DHMT_Nhom08\OpenGL\main.cpp(915,25): warning C4305: 'argument': truncation from 'double' to 'GLfloat'
D:\Do Hoa May Tinh\ThucHanh_BTVN\BTL_DHMT_Nhom08\OpenGL\main.cpp(916,24): warning C4305: 'argument': truncation from 'double' to 'GLfloat'
D:\Do Hoa May Tinh\ThucHanh_BTVN\BTL_DHMT_Nhom08\OpenGL\main.cpp(918,41): warning C4305: 'argument': truncation from 'double' to 'const GLfloat'
D:\Do Hoa May Tinh\ThucHanh_BTVN\BTL_DHMT_Nhom08\OpenGL\main.cpp(919,25): warning C4305: 'argument': truncation from 'double' to 'GLfloat'
D:\Do Hoa May Tinh\ThucHanh_BTVN\BTL_DHMT_Nhom08\OpenGL\main.cpp(920,24): warning C4305: 'argument': truncation from 'double' to 'GLfloat'
D:\Do Hoa May Tinh\ThucHanh_BTVN\BTL_DHMT_Nhom08\OpenGL\main.cpp(926,41): warning C4305: 'argument': truncation from 'double' to 'const GLfloat'
D:\Do Hoa May Tinh\ThucHanh_BTVN\BTL_DHMT_Nhom08\OpenGL\main.cpp(927,25): warning C4305: 'argument': truncation from 'double' to 'GLfloat'
D:\Do Hoa May Tinh\ThucHanh_BTVN\BTL_DHMT_Nhom08\OpenGL\main.cpp(928,24): warning C4305: 'argument': truncation from 'double' to 'GLfloat'
D:\Do Hoa May Tinh\ThucHanh_BTVN\BTL_DHMT_Nhom08\OpenGL\main.cpp(935,39): warning C4305: 'argument': truncation from 'double' to 'const GLfloat'
D:\Do Hoa May Tinh\ThucHanh_BTVN\BTL_DHMT_Nhom08\OpenGL\main.cpp(935,84): warning C4305: 'argument': truncation from 'double' to 'const GLfloat'
D:\Do Hoa May Tinh\ThucHanh_BTVN\BTL_DHMT_Nhom08\OpenGL\main.cpp(937,26): warning C4305: 'argument': truncation from 'double' to 'GLfloat'
D:\Do Hoa May Tinh\ThucHanh_BTVN\BTL_DHMT_Nhom08\OpenGL\main.cpp(939,49): warning C4305: 'argument': truncation from 'double' to 'const GLfloat'
D:\Do Hoa May Tinh\ThucHanh_BTVN\BTL_DHMT_Nhom08\OpenGL\main.cpp(940,25): warning C4305: 'argument': truncation from 'double' to 'GLfloat'
D:\Do Hoa May Tinh\ThucHanh_BTVN\BTL_DHMT_Nhom08\OpenGL\main.cpp(941,25): warning C4305: 'argument': truncation from 'double' to 'GLfloat'
D:\Do Hoa May Tinh\ThucHanh_BTVN\BTL_DHMT_Nhom08\OpenGL\main.cpp(943,39): warning C4305: 'argument': truncation from 'double' to 'const GLfloat'
D:\Do Hoa May Tinh\ThucHanh_BTVN\BTL_DHMT_Nhom08\OpenGL\main.cpp(944,25): warning C4305: 'argument': truncation from 'double' to 'GLfloat'
D:\Do Hoa May Tinh\ThucHanh_BTVN\BTL_DHMT_Nhom08\OpenGL\main.cpp(945,24): warning C4305: 'argument': truncation from 'double' to 'GLfloat'
D:\Do Hoa May Tinh\ThucHanh_BTVN\BTL_DHMT_Nhom08\OpenGL\main.cpp(947,43): warning C4305: 'argument': truncation from 'double' to 'const GLfloat'
D:\Do Hoa May Tinh\ThucHanh_BTVN\BTL_DHMT_Nhom08\OpenGL\main.cpp(948,25): warning C4305: 'argument': truncation from 'double' to 'GLfloat'
D:\Do Hoa May Tinh\ThucHanh_BTVN\BTL_DHMT_Nhom08\OpenGL\main.cpp(949,24): warning C4305: 'argument': truncation from 'double' to 'GLfloat'
D:\Do Hoa May Tinh\ThucHanh_BTVN\BTL_DHMT_Nhom08\OpenGL\main.cpp(951,44): warning C4305: 'argument': truncation from 'double' to 'const GLfloat'
D:\Do Hoa May Tinh\ThucHanh_BTVN\BTL_DHMT_Nhom08\OpenGL\main.cpp(952,25): warning C4305: 'argument': truncation from 'double' to 'GLfloat'
D:\Do Hoa May Tinh\ThucHanh_BTVN\BTL_DHMT_Nhom08\OpenGL\main.cpp(953,24): warning C4305: 'argument': truncation from 'double' to 'GLfloat'
D:\Do Hoa May Tinh\ThucHanh_BTVN\BTL_DHMT_Nhom08\OpenGL\main.cpp(955,39): warning C4305: 'argument': truncation from 'double' to 'const GLfloat'
D:\Do Hoa May Tinh\ThucHanh_BTVN\BTL_DHMT_Nhom08\OpenGL\main.cpp(956,25): warning C4305: 'argument': truncation from 'double' to 'GLfloat'
D:\Do Hoa May Tinh\ThucHanh_BTVN\BTL_DHMT_Nhom08\OpenGL\main.cpp(957,24): warning C4305: 'argument': truncation from 'double' to 'GLfloat'
D:\Do Hoa May Tinh\ThucHanh_BTVN\BTL_DHMT_Nhom08\OpenGL\main.cpp(964,38): warning C4305: 'argument': truncation from 'double' to 'const GLfloat'
D:\Do Hoa May Tinh\ThucHanh_BTVN\BTL_DHMT_Nhom08\OpenGL\main.cpp(966,26): warning C4305: 'argument': truncation from 'double' to 'GLfloat'
D:\Do Hoa May Tinh\ThucHanh_BTVN\BTL_DHMT_Nhom08\OpenGL\main.cpp(968,38): warning C4305: 'argument': truncation from 'double' to 'const GLfloat'
D:\Do Hoa May Tinh\ThucHanh_BTVN\BTL_DHMT_Nhom08\OpenGL\main.cpp(969,25): warning C4305: 'argument': truncation from 'double' to 'GLfloat'
D:\Do Hoa May Tinh\ThucHanh_BTVN\BTL_DHMT_Nhom08\OpenGL\main.cpp(970,25): warning C4305: 'argument': truncation from 'double' to 'GLfloat'
D:\Do Hoa May Tinh\ThucHanh_BTVN\BTL_DHMT_Nhom08\OpenGL\main.cpp(972,42): warning C4305: 'argument': truncation from 'double' to 'const GLfloat'
D:\Do Hoa May Tinh\ThucHanh_BTVN\BTL_DHMT_Nhom08\OpenGL\main.cpp(973,25): warning C4305: 'argument': truncation from 'double' to 'GLfloat'
D:\Do Hoa May Tinh\ThucHanh_BTVN\BTL_DHMT_Nhom08\OpenGL\main.cpp(974,24): warning C4305: 'argument': truncation from 'double' to 'GLfloat'
D:\Do Hoa May Tinh\ThucHanh_BTVN\BTL_DHMT_Nhom08\OpenGL\main.cpp(980,42): warning C4305: 'argument': truncation from 'double' to 'const GLfloat'
D:\Do Hoa May Tinh\ThucHanh_BTVN\BTL_DHMT_Nhom08\OpenGL\main.cpp(981,25): warning C4305: 'argument': truncation from 'double' to 'GLfloat'
D:\Do Hoa May Tinh\ThucHanh_BTVN\BTL_DHMT_Nhom08\OpenGL\main.cpp(982,24): warning C4305: 'argument': truncation from 'double' to 'GLfloat'
D:\Do Hoa May Tinh\ThucHanh_BTVN\BTL_DHMT_Nhom08\OpenGL\main.cpp(984,42): warning C4305: 'argument': truncation from 'double' to 'const GLfloat'
D:\Do Hoa May Tinh\ThucHanh_BTVN\BTL_DHMT_Nhom08\OpenGL\main.cpp(985,25): warning C4305: 'argument': truncation from 'double' to 'GLfloat'
D:\Do Hoa May Tinh\ThucHanh_BTVN\BTL_DHMT_Nhom08\OpenGL\main.cpp(986,24): warning C4305: 'argument': truncation from 'double' to 'GLfloat'
D:\Do Hoa May Tinh\ThucHanh_BTVN\BTL_DHMT_Nhom08\OpenGL\main.cpp(993,37): warning C4305: 'argument': truncation from 'double' to 'const GLfloat'
D:\Do Hoa May Tinh\ThucHanh_BTVN\BTL_DHMT_Nhom08\OpenGL\main.cpp(995,26): warning C4305: 'argument': truncation from 'double' to 'GLfloat'
D:\Do Hoa May Tinh\ThucHanh_BTVN\BTL_DHMT_Nhom08\OpenGL\main.cpp(997,37): warning C4305: 'argument': truncation from 'double' to 'const GLfloat'
D:\Do Hoa May Tinh\ThucHanh_BTVN\BTL_DHMT_Nhom08\OpenGL\main.cpp(998,25): warning C4305: 'argument': truncation from 'double' to 'GLfloat'
D:\Do Hoa May Tinh\ThucHanh_BTVN\BTL_DHMT_Nhom08\OpenGL\main.cpp(999,25): warning C4305: 'argument': truncation from 'double' to 'GLfloat'
D:\Do Hoa May Tinh\ThucHanh_BTVN\BTL_DHMT_Nhom08\OpenGL\main.cpp(1001,41): warning C4305: 'argument': truncation from 'double' to 'const GLfloat'
D:\Do Hoa May Tinh\ThucHanh_BTVN\BTL_DHMT_Nhom08\OpenGL\main.cpp(1002,25): warning C4305: 'argument': truncation from 'double' to 'GLfloat'
D:\Do Hoa May Tinh\ThucHanh_BTVN\BTL_DHMT_Nhom08\OpenGL\main.cpp(1003,24): warning C4305: 'argument': truncation from 'double' to 'GLfloat'
D:\Do Hoa May Tinh\ThucHanh_BTVN\BTL_DHMT_Nhom08\OpenGL\main.cpp(1005,41): warning C4305: 'argument': truncation from 'double' to 'const GLfloat'
D:\Do Hoa May Tinh\ThucHanh_BTVN\BTL_DHMT_Nhom08\OpenGL\main.cpp(1006,25): warning C4305: 'argument': truncation from 'double' to 'GLfloat'
D:\Do Hoa May Tinh\ThucHanh_BTVN\BTL_DHMT_Nhom08\OpenGL\main.cpp(1007,24): warning C4305: 'argument': truncation from 'double' to 'GLfloat'
D:\Do Hoa May Tinh\ThucHanh_BTVN\BTL_DHMT_Nhom08\OpenGL\main.cpp(1013,41): warning C4305: 'argument': truncation from 'double' to 'const GLfloat'
D:\Do Hoa May Tinh\ThucHanh_BTVN\BTL_DHMT_Nhom08\OpenGL\main.cpp(1014,25): warning C4305: 'argument': truncation from 'double' to 'GLfloat'
D:\Do Hoa May Tinh\ThucHanh_BTVN\BTL_DHMT_Nhom08\OpenGL\main.cpp(1015,24): warning C4305: 'argument': truncation from 'double' to 'GLfloat'
D:\Do Hoa May Tinh\ThucHanh_BTVN\BTL_DHMT_Nhom08\OpenGL\main.cpp(1022,37): warning C4305: 'argument': truncation from 'double' to 'const GLfloat'
D:\Do Hoa May Tinh\ThucHanh_BTVN\BTL_DHMT_Nhom08\OpenGL\main.cpp(1024,26): warning C4305: 'argument': truncation from 'double' to 'GLfloat'
D:\Do Hoa May Tinh\ThucHanh_BTVN\BTL_DHMT_Nhom08\OpenGL\main.cpp(1026,37): warning C4305: 'argument': truncation from 'double' to 'const GLfloat'
D:\Do Hoa May Tinh\ThucHanh_BTVN\BTL_DHMT_Nhom08\OpenGL\main.cpp(1027,25): warning C4305: 'argument': truncation from 'double' to 'GLfloat'
D:\Do Hoa May Tinh\ThucHanh_BTVN\BTL_DHMT_Nhom08\OpenGL\main.cpp(1028,25): warning C4305: 'argument': truncation from 'double' to 'GLfloat'
D:\Do Hoa May Tinh\ThucHanh_BTVN\BTL_DHMT_Nhom08\OpenGL\main.cpp(1030,41): warning C4305: 'argument': truncation from 'double' to 'const GLfloat'
D:\Do Hoa May Tinh\ThucHanh_BTVN\BTL_DHMT_Nhom08\OpenGL\main.cpp(1031,25): warning C4305: 'argument': truncation from 'double' to 'GLfloat'
D:\Do Hoa May Tinh\ThucHanh_BTVN\BTL_DHMT_Nhom08\OpenGL\main.cpp(1032,24): warning C4305: 'argument': truncation from 'double' to 'GLfloat'
D:\Do Hoa May Tinh\ThucHanh_BTVN\BTL_DHMT_Nhom08\OpenGL\main.cpp(1034,41): warning C4305: 'argument': truncation from 'double' to 'const GLfloat'
D:\Do Hoa May Tinh\ThucHanh_BTVN\BTL_DHMT_Nhom08\OpenGL\main.cpp(1035,25): warning C4305: 'argument': truncation from 'double' to 'GLfloat'
D:\Do Hoa May Tinh\ThucHanh_BTVN\BTL_DHMT_Nhom08\OpenGL\main.cpp(1036,24): warning C4305: 'argument': truncation from 'double' to 'GLfloat'
D:\Do Hoa May Tinh\ThucHanh_BTVN\BTL_DHMT_Nhom08\OpenGL\main.cpp(1042,41): warning C4305: 'argument': truncation from 'double' to 'const GLfloat'
D:\Do Hoa May Tinh\ThucHanh_BTVN\BTL_DHMT_Nhom08\OpenGL\main.cpp(1043,25): warning C4305: 'argument': truncation from 'double' to 'GLfloat'
D:\Do Hoa May Tinh\ThucHanh_BTVN\BTL_DHMT_Nhom08\OpenGL\main.cpp(1044,24): warning C4305: 'argument': truncation from 'double' to 'GLfloat'
D:\Do Hoa May Tinh\ThucHanh_BTVN\BTL_DHMT_Nhom08\OpenGL\main.cpp(1064,21): warning C4305: 'argument': truncation from 'double' to 'GLfloat'
D:\Do Hoa May Tinh\ThucHanh_BTVN\BTL_DHMT_Nhom08\OpenGL\main.cpp(1065,42): warning C4305: 'argument': truncation from 'double' to 'const GLfloat'
D:\Do Hoa May Tinh\ThucHanh_BTVN\BTL_DHMT_Nhom08\OpenGL\main.cpp(1068,20): warning C4305: 'argument': truncation from 'double' to 'GLfloat'
D:\Do Hoa May Tinh\ThucHanh_BTVN\BTL_DHMT_Nhom08\OpenGL\main.cpp(1069,43): warning C4305: 'argument': truncation from 'double' to 'const GLfloat'
D:\Do Hoa May Tinh\ThucHanh_BTVN\BTL_DHMT_Nhom08\OpenGL\main.cpp(1071,20): warning C4305: 'argument': truncation from 'double' to 'GLfloat'
D:\Do Hoa May Tinh\ThucHanh_BTVN\BTL_DHMT_Nhom08\OpenGL\main.cpp(1072,42): warning C4305: 'argument': truncation from 'double' to 'const GLfloat'
D:\Do Hoa May Tinh\ThucHanh_BTVN\BTL_DHMT_Nhom08\OpenGL\main.cpp(1074,20): warning C4305: 'argument': truncation from 'double' to 'GLfloat'
D:\Do Hoa May Tinh\ThucHanh_BTVN\BTL_DHMT_Nhom08\OpenGL\main.cpp(1075,43): warning C4305: 'argument': truncation from 'double' to 'const GLfloat'
D:\Do Hoa May Tinh\ThucHanh_BTVN\BTL_DHMT_Nhom08\OpenGL\main.cpp(1077,20): warning C4305: 'argument': truncation from 'double' to 'GLfloat'
D:\Do Hoa May Tinh\ThucHanh_BTVN\BTL_DHMT_Nhom08\OpenGL\main.cpp(1117,20): warning C4305: 'argument': truncation from 'double' to 'GLfloat'
D:\Do Hoa May Tinh\ThucHanh_BTVN\BTL_DHMT_Nhom08\OpenGL\main.cpp(1120,47): warning C4305: 'argument': truncation from 'double' to 'const GLfloat'
D:\Do Hoa May Tinh\ThucHanh_BTVN\BTL_DHMT_Nhom08\OpenGL\main.cpp(1121,23): warning C4305: 'argument': truncation from 'double' to 'GLfloat'
D:\Do Hoa May Tinh\ThucHanh_BTVN\BTL_DHMT_Nhom08\OpenGL\main.cpp(1123,48): warning C4305: 'argument': truncation from 'double' to 'const GLfloat'
D:\Do Hoa May Tinh\ThucHanh_BTVN\BTL_DHMT_Nhom08\OpenGL\main.cpp(1124,23): warning C4305: 'argument': truncation from 'double' to 'GLfloat'
D:\Do Hoa May Tinh\ThucHanh_BTVN\BTL_DHMT_Nhom08\OpenGL\main.cpp(1126,46): warning C4305: 'argument': truncation from 'double' to 'const GLfloat'
D:\Do Hoa May Tinh\ThucHanh_BTVN\BTL_DHMT_Nhom08\OpenGL\main.cpp(1127,23): warning C4305: 'argument': truncation from 'double' to 'GLfloat'
D:\Do Hoa May Tinh\ThucHanh_BTVN\BTL_DHMT_Nhom08\OpenGL\main.cpp(1129,47): warning C4305: 'argument': truncation from 'double' to 'const GLfloat'
D:\Do Hoa May Tinh\ThucHanh_BTVN\BTL_DHMT_Nhom08\OpenGL\main.cpp(1130,23): warning C4305: 'argument': truncation from 'double' to 'GLfloat'
D:\Do Hoa May Tinh\ThucHanh_BTVN\BTL_DHMT_Nhom08\OpenGL\main.cpp(1134,43): warning C4305: 'argument': truncation from 'double' to 'const GLfloat'
D:\Do Hoa May Tinh\ThucHanh_BTVN\BTL_DHMT_Nhom08\OpenGL\main.cpp(1135,22): warning C4305: 'argument': truncation from 'double' to 'GLfloat'
D:\Do Hoa May Tinh\ThucHanh_BTVN\BTL_DHMT_Nhom08\OpenGL\main.cpp(1137,42): warning C4305: 'argument': truncation from 'double' to 'const GLfloat'
D:\Do Hoa May Tinh\ThucHanh_BTVN\BTL_DHMT_Nhom08\OpenGL\main.cpp(1138,22): warning C4305: 'argument': truncation from 'double' to 'GLfloat'
D:\Do Hoa May Tinh\ThucHanh_BTVN\BTL_DHMT_Nhom08\OpenGL\main.cpp(1140,42): warning C4305: 'argument': truncation from 'double' to 'const GLfloat'
D:\Do Hoa May Tinh\ThucHanh_BTVN\BTL_DHMT_Nhom08\OpenGL\main.cpp(1141,20): warning C4305: 'argument': truncation from 'double' to 'GLfloat'
D:\Do Hoa May Tinh\ThucHanh_BTVN\BTL_DHMT_Nhom08\OpenGL\main.cpp(1146,40): warning C4305: 'argument': truncation from 'double' to 'const GLfloat'
D:\Do Hoa May Tinh\ThucHanh_BTVN\BTL_DHMT_Nhom08\OpenGL\main.cpp(1147,23): warning C4305: 'argument': truncation from 'double' to 'GLfloat'
D:\Do Hoa May Tinh\ThucHanh_BTVN\BTL_DHMT_Nhom08\OpenGL\main.cpp(1149,39): warning C4305: 'argument': truncation from 'double' to 'const GLfloat'
D:\Do Hoa May Tinh\ThucHanh_BTVN\BTL_DHMT_Nhom08\OpenGL\main.cpp(1150,23): warning C4305: 'argument': truncation from 'double' to 'GLfloat'
D:\Do Hoa May Tinh\ThucHanh_BTVN\BTL_DHMT_Nhom08\OpenGL\main.cpp(1152,40): warning C4305: 'argument': truncation from 'double' to 'const GLfloat'
D:\Do Hoa May Tinh\ThucHanh_BTVN\BTL_DHMT_Nhom08\OpenGL\main.cpp(1153,23): warning C4305: 'argument': truncation from 'double' to 'GLfloat'
D:\Do Hoa May Tinh\ThucHanh_BTVN\BTL_DHMT_Nhom08\OpenGL\main.cpp(1155,39): warning C4305: 'argument': truncation from 'double' to 'const GLfloat'
D:\Do Hoa May Tinh\ThucHanh_BTVN\BTL_DHMT_Nhom08\OpenGL\main.cpp(1156,23): warning C4305: 'argument': truncation from 'double' to 'GLfloat'
D:\Do Hoa May Tinh\ThucHanh_BTVN\BTL_DHMT_Nhom08\OpenGL\main.cpp(1158,41): warning C4305: 'argument': truncation from 'double' to 'const GLfloat'
D:\Do Hoa May Tinh\ThucHanh_BTVN\BTL_DHMT_Nhom08\OpenGL\main.cpp(1159,22): warning C4305: 'argument': truncation from 'double' to 'GLfloat'
D:\Do Hoa May Tinh\ThucHanh_BTVN\BTL_DHMT_Nhom08\OpenGL\main.cpp(1162,27): warning C4244: 'argument': conversion from 'GLdouble' to 'const GLfloat', possible loss of data
D:\Do Hoa May Tinh\ThucHanh_BTVN\BTL_DHMT_Nhom08\OpenGL\main.cpp(1162,57): warning C4305: 'argument': truncation from 'double' to 'const GLfloat'
D:\Do Hoa May Tinh\ThucHanh_BTVN\BTL_DHMT_Nhom08\OpenGL\main.cpp(1163,24): warning C4305: 'argument': truncation from 'double' to 'GLfloat'
D:\Do Hoa May Tinh\ThucHanh_BTVN\BTL_DHMT_Nhom08\OpenGL\main.cpp(1167,40): warning C4305: 'argument': truncation from 'double' to 'const GLfloat'
D:\Do Hoa May Tinh\ThucHanh_BTVN\BTL_DHMT_Nhom08\OpenGL\main.cpp(1168,25): warning C4305: 'argument': truncation from 'double' to 'GLfloat'
D:\Do Hoa May Tinh\ThucHanh_BTVN\BTL_DHMT_Nhom08\OpenGL\main.cpp(1170,39): warning C4305: 'argument': truncation from 'double' to 'const GLfloat'
D:\Do Hoa May Tinh\ThucHanh_BTVN\BTL_DHMT_Nhom08\OpenGL\main.cpp(1171,25): warning C4305: 'argument': truncation from 'double' to 'GLfloat'
D:\Do Hoa May Tinh\ThucHanh_BTVN\BTL_DHMT_Nhom08\OpenGL\main.cpp(1173,40): warning C4305: 'argument': truncation from 'double' to 'const GLfloat'
D:\Do Hoa May Tinh\ThucHanh_BTVN\BTL_DHMT_Nhom08\OpenGL\main.cpp(1174,25): warning C4305: 'argument': truncation from 'double' to 'GLfloat'
D:\Do Hoa May Tinh\ThucHanh_BTVN\BTL_DHMT_Nhom08\OpenGL\main.cpp(1177,43): warning C4305: 'argument': truncation from 'double' to 'const GLfloat'
D:\Do Hoa May Tinh\ThucHanh_BTVN\BTL_DHMT_Nhom08\OpenGL\main.cpp(1178,28): warning C4244: 'argument': conversion from 'GLdouble' to 'const GLfloat', possible loss of data
D:\Do Hoa May Tinh\ThucHanh_BTVN\BTL_DHMT_Nhom08\OpenGL\main.cpp(1179,27): warning C4305: 'argument': truncation from 'double' to 'GLfloat'
D:\Do Hoa May Tinh\ThucHanh_BTVN\BTL_DHMT_Nhom08\OpenGL\main.cpp(1181,39): warning C4305: 'argument': truncation from 'double' to 'const GLfloat'
D:\Do Hoa May Tinh\ThucHanh_BTVN\BTL_DHMT_Nhom08\OpenGL\main.cpp(1182,25): warning C4305: 'argument': truncation from 'double' to 'GLfloat'
D:\Do Hoa May Tinh\ThucHanh_BTVN\BTL_DHMT_Nhom08\OpenGL\main.cpp(1184,40): warning C4305: 'argument': truncation from 'double' to 'const GLfloat'
D:\Do Hoa May Tinh\ThucHanh_BTVN\BTL_DHMT_Nhom08\OpenGL\main.cpp(1185,25): warning C4305: 'argument': truncation from 'double' to 'GLfloat'
D:\Do Hoa May Tinh\ThucHanh_BTVN\BTL_DHMT_Nhom08\OpenGL\main.cpp(1189,40): warning C4305: 'argument': truncation from 'double' to 'const GLfloat'
D:\Do Hoa May Tinh\ThucHanh_BTVN\BTL_DHMT_Nhom08\OpenGL\main.cpp(1190,28): warning C4305: 'argument': truncation from 'double' to 'GLfloat'
D:\Do Hoa May Tinh\ThucHanh_BTVN\BTL_DHMT_Nhom08\OpenGL\main.cpp(1192,39): warning C4305: 'argument': truncation from 'double' to 'const GLfloat'
D:\Do Hoa May Tinh\ThucHanh_BTVN\BTL_DHMT_Nhom08\OpenGL\main.cpp(1193,28): warning C4305: 'argument': truncation from 'double' to 'GLfloat'
D:\Do Hoa May Tinh\ThucHanh_BTVN\BTL_DHMT_Nhom08\OpenGL\main.cpp(1195,40): warning C4305: 'argument': truncation from 'double' to 'const GLfloat'
D:\Do Hoa May Tinh\ThucHanh_BTVN\BTL_DHMT_Nhom08\OpenGL\main.cpp(1196,27): warning C4305: 'argument': truncation from 'double' to 'GLfloat'
D:\Do Hoa May Tinh\ThucHanh_BTVN\BTL_DHMT_Nhom08\OpenGL\main.cpp(1198,41): warning C4305: 'argument': truncation from 'double' to 'const GLfloat'
D:\Do Hoa May Tinh\ThucHanh_BTVN\BTL_DHMT_Nhom08\OpenGL\main.cpp(1199,27): warning C4305: 'argument': truncation from 'double' to 'GLfloat'
D:\Do Hoa May Tinh\ThucHanh_BTVN\BTL_DHMT_Nhom08\OpenGL\main.cpp(1203,26): warning C4244: 'argument': conversion from 'int' to 'GLfloat', possible loss of data
D:\Do Hoa May Tinh\ThucHanh_BTVN\BTL_DHMT_Nhom08\OpenGL\main.cpp(1203,20): warning C4244: 'argument': conversion from 'int' to 'GLfloat', possible loss of data
D:\Do Hoa May Tinh\ThucHanh_BTVN\BTL_DHMT_Nhom08\OpenGL\main.cpp(1203,14): warning C4244: 'argument': conversion from 'int' to 'GLfloat', possible loss of data
D:\Do Hoa May Tinh\ThucHanh_BTVN\BTL_DHMT_Nhom08\OpenGL\main.cpp(1205,27): warning C4305: 'argument': truncation from 'double' to 'GLfloat'
D:\Do Hoa May Tinh\ThucHanh_BTVN\BTL_DHMT_Nhom08\OpenGL\main.cpp(1207,49): warning C4305: 'argument': truncation from 'double' to 'const GLfloat'
D:\Do Hoa May Tinh\ThucHanh_BTVN\BTL_DHMT_Nhom08\OpenGL\main.cpp(1208,28): warning C4305: 'argument': truncation from 'double' to 'GLfloat'
D:\Do Hoa May Tinh\ThucHanh_BTVN\BTL_DHMT_Nhom08\OpenGL\main.cpp(1210,50): warning C4305: 'argument': truncation from 'double' to 'const GLfloat'
D:\Do Hoa May Tinh\ThucHanh_BTVN\BTL_DHMT_Nhom08\OpenGL\main.cpp(1211,28): warning C4305: 'argument': truncation from 'double' to 'GLfloat'
D:\Do Hoa May Tinh\ThucHanh_BTVN\BTL_DHMT_Nhom08\OpenGL\main.cpp(1213,51): warning C4305: 'argument': truncation from 'double' to 'const GLfloat'
D:\Do Hoa May Tinh\ThucHanh_BTVN\BTL_DHMT_Nhom08\OpenGL\main.cpp(1214,28): warning C4305: 'argument': truncation from 'double' to 'GLfloat'
D:\Do Hoa May Tinh\ThucHanh_BTVN\BTL_DHMT_Nhom08\OpenGL\main.cpp(1216,50): warning C4305: 'argument': truncation from 'double' to 'const GLfloat'
D:\Do Hoa May Tinh\ThucHanh_BTVN\BTL_DHMT_Nhom08\OpenGL\main.cpp(1217,28): warning C4305: 'argument': truncation from 'double' to 'GLfloat'
D:\Do Hoa May Tinh\ThucHanh_BTVN\BTL_DHMT_Nhom08\OpenGL\main.cpp(1220,42): warning C4305: 'argument': truncation from 'double' to 'const GLfloat'
D:\Do Hoa May Tinh\ThucHanh_BTVN\BTL_DHMT_Nhom08\OpenGL\main.cpp(1221,27): warning C4305: 'argument': truncation from 'double' to 'GLfloat'
D:\Do Hoa May Tinh\ThucHanh_BTVN\BTL_DHMT_Nhom08\OpenGL\main.cpp(1227,48): warning C4305: 'argument': truncation from 'double' to 'const GLfloat'
D:\Do Hoa May Tinh\ThucHanh_BTVN\BTL_DHMT_Nhom08\OpenGL\main.cpp(1229,29): warning C4244: 'argument': conversion from 'GLdouble' to 'const GLfloat', possible loss of data
D:\Do Hoa May Tinh\ThucHanh_BTVN\BTL_DHMT_Nhom08\OpenGL\main.cpp(1230,47): warning C4305: 'argument': truncation from 'double' to 'const GLfloat'
D:\Do Hoa May Tinh\ThucHanh_BTVN\BTL_DHMT_Nhom08\OpenGL\main.cpp(1231,37): warning C4305: 'argument': truncation from 'double' to 'const GLfloat'
D:\Do Hoa May Tinh\ThucHanh_BTVN\BTL_DHMT_Nhom08\OpenGL\main.cpp(1231,49): warning C4244: 'argument': conversion from 'GLdouble' to 'const GLfloat', possible loss of data
D:\Do Hoa May Tinh\ThucHanh_BTVN\BTL_DHMT_Nhom08\OpenGL\main.cpp(1231,85): warning C4305: 'argument': truncation from 'double' to 'const GLfloat'
D:\Do Hoa May Tinh\ThucHanh_BTVN\BTL_DHMT_Nhom08\OpenGL\main.cpp(1233,48): warning C4305: 'argument': truncation from 'double' to 'const GLfloat'
D:\Do Hoa May Tinh\ThucHanh_BTVN\BTL_DHMT_Nhom08\OpenGL\main.cpp(1235,43): warning C4305: 'argument': truncation from 'double' to 'const GLfloat'
D:\Do Hoa May Tinh\ThucHanh_BTVN\BTL_DHMT_Nhom08\OpenGL\main.cpp(1237,33): warning C4305: 'argument': truncation from 'double' to 'const GLfloat'
D:\Do Hoa May Tinh\ThucHanh_BTVN\BTL_DHMT_Nhom08\OpenGL\main.cpp(1237,45): warning C4244: 'argument': conversion from 'GLdouble' to 'const GLfloat', possible loss of data
D:\Do Hoa May Tinh\ThucHanh_BTVN\BTL_DHMT_Nhom08\OpenGL\main.cpp(1237,74): warning C4305: 'argument': truncation from 'double' to 'const GLfloat'
D:\Do Hoa May Tinh\ThucHanh_BTVN\BTL_DHMT_Nhom08\OpenGL\main.cpp(1253,42): warning C4305: 'argument': truncation from 'double' to 'const GLfloat'
D:\Do Hoa May Tinh\ThucHanh_BTVN\BTL_DHMT_Nhom08\OpenGL\main.cpp(1254,25): warning C4305: 'argument': truncation from 'double' to 'GLfloat'
D:\Do Hoa May Tinh\ThucHanh_BTVN\BTL_DHMT_Nhom08\OpenGL\main.cpp(1256,41): warning C4305: 'argument': truncation from 'double' to 'const GLfloat'
D:\Do Hoa May Tinh\ThucHanh_BTVN\BTL_DHMT_Nhom08\OpenGL\main.cpp(1257,25): warning C4305: 'argument': truncation from 'double' to 'GLfloat'
D:\Do Hoa May Tinh\ThucHanh_BTVN\BTL_DHMT_Nhom08\OpenGL\main.cpp(1259,41): warning C4305: 'argument': truncation from 'double' to 'const GLfloat'
D:\Do Hoa May Tinh\ThucHanh_BTVN\BTL_DHMT_Nhom08\OpenGL\main.cpp(1260,24): warning C4305: 'argument': truncation from 'double' to 'GLfloat'
D:\Do Hoa May Tinh\ThucHanh_BTVN\BTL_DHMT_Nhom08\OpenGL\main.cpp(1262,40): warning C4305: 'argument': truncation from 'double' to 'const GLfloat'
D:\Do Hoa May Tinh\ThucHanh_BTVN\BTL_DHMT_Nhom08\OpenGL\main.cpp(1263,24): warning C4305: 'argument': truncation from 'double' to 'GLfloat'
D:\Do Hoa May Tinh\ThucHanh_BTVN\BTL_DHMT_Nhom08\OpenGL\main.cpp(1265,41): warning C4305: 'argument': truncation from 'double' to 'const GLfloat'
D:\Do Hoa May Tinh\ThucHanh_BTVN\BTL_DHMT_Nhom08\OpenGL\main.cpp(1266,25): warning C4305: 'argument': truncation from 'double' to 'GLfloat'
D:\Do Hoa May Tinh\ThucHanh_BTVN\BTL_DHMT_Nhom08\OpenGL\main.cpp(1269,26): warning C4305: 'argument': truncation from 'double' to 'GLfloat'
D:\Do Hoa May Tinh\ThucHanh_BTVN\BTL_DHMT_Nhom08\OpenGL\main.cpp(1271,45): warning C4305: 'argument': truncation from 'double' to 'const GLfloat'
D:\Do Hoa May Tinh\ThucHanh_BTVN\BTL_DHMT_Nhom08\OpenGL\main.cpp(1272,26): warning C4305: 'argument': truncation from 'double' to 'GLfloat'
D:\Do Hoa May Tinh\ThucHanh_BTVN\BTL_DHMT_Nhom08\OpenGL\main.cpp(1274,35): warning C4305: 'argument': truncation from 'double' to 'const GLfloat'
D:\Do Hoa May Tinh\ThucHanh_BTVN\BTL_DHMT_Nhom08\OpenGL\main.cpp(1274,47): warning C4244: 'argument': conversion from 'GLdouble' to 'const GLfloat', possible loss of data
D:\Do Hoa May Tinh\ThucHanh_BTVN\BTL_DHMT_Nhom08\OpenGL\main.cpp(1274,76): warning C4305: 'argument': truncation from 'double' to 'const GLfloat'
D:\Do Hoa May Tinh\ThucHanh_BTVN\BTL_DHMT_Nhom08\OpenGL\main.cpp(1275,54): warning C4305: 'argument': truncation from 'double' to 'const GLfloat'
D:\Do Hoa May Tinh\ThucHanh_BTVN\BTL_DHMT_Nhom08\OpenGL\main.cpp(1276,26): warning C4305: 'argument': truncation from 'double' to 'GLfloat'
D:\Do Hoa May Tinh\ThucHanh_BTVN\BTL_DHMT_Nhom08\OpenGL\main.cpp(1281,42): warning C4244: 'argument': conversion from 'double' to 'const GLfloat', possible loss of data
D:\Do Hoa May Tinh\ThucHanh_BTVN\BTL_DHMT_Nhom08\OpenGL\main.cpp(1283,44): warning C4244: 'argument': conversion from 'double' to 'const GLfloat', possible loss of data
D:\Do Hoa May Tinh\ThucHanh_BTVN\BTL_DHMT_Nhom08\OpenGL\main.cpp(1300,37): warning C4305: 'argument': truncation from 'double' to 'const GLfloat'
D:\Do Hoa May Tinh\ThucHanh_BTVN\BTL_DHMT_Nhom08\OpenGL\main.cpp(1301,22): warning C4305: 'argument': truncation from 'double' to 'GLfloat'
D:\Do Hoa May Tinh\ThucHanh_BTVN\BTL_DHMT_Nhom08\OpenGL\main.cpp(1303,39): warning C4305: 'argument': truncation from 'double' to 'const GLfloat'
D:\Do Hoa May Tinh\ThucHanh_BTVN\BTL_DHMT_Nhom08\OpenGL\main.cpp(1304,21): warning C4305: 'argument': truncation from 'double' to 'GLfloat'
D:\Do Hoa May Tinh\ThucHanh_BTVN\BTL_DHMT_Nhom08\OpenGL\main.cpp(1307,38): warning C4305: 'argument': truncation from 'double' to 'const GLfloat'
D:\Do Hoa May Tinh\ThucHanh_BTVN\BTL_DHMT_Nhom08\OpenGL\main.cpp(1308,21): warning C4305: 'argument': truncation from 'double' to 'GLfloat'
D:\Do Hoa May Tinh\ThucHanh_BTVN\BTL_DHMT_Nhom08\OpenGL\main.cpp(1310,37): warning C4305: 'argument': truncation from 'double' to 'const GLfloat'
D:\Do Hoa May Tinh\ThucHanh_BTVN\BTL_DHMT_Nhom08\OpenGL\main.cpp(1311,22): warning C4305: 'argument': truncation from 'double' to 'GLfloat'
D:\Do Hoa May Tinh\ThucHanh_BTVN\BTL_DHMT_Nhom08\OpenGL\main.cpp(1313,36): warning C4305: 'argument': truncation from 'double' to 'const GLfloat'
D:\Do Hoa May Tinh\ThucHanh_BTVN\BTL_DHMT_Nhom08\OpenGL\main.cpp(1314,22): warning C4305: 'argument': truncation from 'double' to 'GLfloat'
D:\Do Hoa May Tinh\ThucHanh_BTVN\BTL_DHMT_Nhom08\OpenGL\main.cpp(1317,38): warning C4305: 'argument': truncation from 'double' to 'const GLfloat'
D:\Do Hoa May Tinh\ThucHanh_BTVN\BTL_DHMT_Nhom08\OpenGL\main.cpp(1318,20): warning C4305: 'argument': truncation from 'double' to 'GLfloat'
D:\Do Hoa May Tinh\ThucHanh_BTVN\BTL_DHMT_Nhom08\OpenGL\main.cpp(1323,44): warning C4244: 'argument': conversion from 'double' to 'const GLfloat', possible loss of data
D:\Do Hoa May Tinh\ThucHanh_BTVN\BTL_DHMT_Nhom08\OpenGL\main.cpp(1323,47): warning C4305: 'argument': truncation from 'double' to 'const GLfloat'
D:\Do Hoa May Tinh\ThucHanh_BTVN\BTL_DHMT_Nhom08\OpenGL\main.cpp(1325,45): warning C4244: 'argument': conversion from 'double' to 'const GLfloat', possible loss of data
D:\Do Hoa May Tinh\ThucHanh_BTVN\BTL_DHMT_Nhom08\OpenGL\main.cpp(1325,48): warning C4305: 'argument': truncation from 'double' to 'const GLfloat'
D:\Do Hoa May Tinh\ThucHanh_BTVN\BTL_DHMT_Nhom08\OpenGL\main.cpp(1344,23): warning C4305: 'argument': truncation from 'double' to 'GLfloat'
D:\Do Hoa May Tinh\ThucHanh_BTVN\BTL_DHMT_Nhom08\OpenGL\main.cpp(1347,47): warning C4305: 'argument': truncation from 'double' to 'const GLfloat'
D:\Do Hoa May Tinh\ThucHanh_BTVN\BTL_DHMT_Nhom08\OpenGL\main.cpp(1348,24): warning C4305: 'argument': truncation from 'double' to 'GLfloat'
D:\Do Hoa May Tinh\ThucHanh_BTVN\BTL_DHMT_Nhom08\OpenGL\main.cpp(1350,46): warning C4305: 'argument': truncation from 'double' to 'const GLfloat'
D:\Do Hoa May Tinh\ThucHanh_BTVN\BTL_DHMT_Nhom08\OpenGL\main.cpp(1351,24): warning C4305: 'argument': truncation from 'double' to 'GLfloat'
D:\Do Hoa May Tinh\ThucHanh_BTVN\BTL_DHMT_Nhom08\OpenGL\main.cpp(1353,45): warning C4305: 'argument': truncation from 'double' to 'const GLfloat'
D:\Do Hoa May Tinh\ThucHanh_BTVN\BTL_DHMT_Nhom08\OpenGL\main.cpp(1354,24): warning C4305: 'argument': truncation from 'double' to 'GLfloat'
D:\Do Hoa May Tinh\ThucHanh_BTVN\BTL_DHMT_Nhom08\OpenGL\main.cpp(1356,46): warning C4305: 'argument': truncation from 'double' to 'const GLfloat'
D:\Do Hoa May Tinh\ThucHanh_BTVN\BTL_DHMT_Nhom08\OpenGL\main.cpp(1357,24): warning C4305: 'argument': truncation from 'double' to 'GLfloat'
D:\Do Hoa May Tinh\ThucHanh_BTVN\BTL_DHMT_Nhom08\OpenGL\main.cpp(1360,41): warning C4305: 'argument': truncation from 'double' to 'const GLfloat'
D:\Do Hoa May Tinh\ThucHanh_BTVN\BTL_DHMT_Nhom08\OpenGL\main.cpp(1361,21): warning C4305: 'argument': truncation from 'double' to 'GLfloat'
D:\Do Hoa May Tinh\ThucHanh_BTVN\BTL_DHMT_Nhom08\OpenGL\main.cpp(1363,42): warning C4305: 'argument': truncation from 'double' to 'const GLfloat'
D:\Do Hoa May Tinh\ThucHanh_BTVN\BTL_DHMT_Nhom08\OpenGL\main.cpp(1364,24): warning C4305: 'argument': truncation from 'double' to 'GLfloat'
D:\Do Hoa May Tinh\ThucHanh_BTVN\BTL_DHMT_Nhom08\OpenGL\main.cpp(1366,46): warning C4305: 'argument': truncation from 'double' to 'const GLfloat'
D:\Do Hoa May Tinh\ThucHanh_BTVN\BTL_DHMT_Nhom08\OpenGL\main.cpp(1367,22): warning C4305: 'argument': truncation from 'double' to 'GLfloat'
D:\Do Hoa May Tinh\ThucHanh_BTVN\BTL_DHMT_Nhom08\OpenGL\main.cpp(1369,45): warning C4305: 'argument': truncation from 'double' to 'const GLfloat'
D:\Do Hoa May Tinh\ThucHanh_BTVN\BTL_DHMT_Nhom08\OpenGL\main.cpp(1370,24): warning C4305: 'argument': truncation from 'double' to 'GLfloat'
D:\Do Hoa May Tinh\ThucHanh_BTVN\BTL_DHMT_Nhom08\OpenGL\main.cpp(1387,52): warning C4305: 'argument': truncation from 'double' to 'const GLfloat'
D:\Do Hoa May Tinh\ThucHanh_BTVN\BTL_DHMT_Nhom08\OpenGL\main.cpp(1388,28): warning C4305: 'argument': truncation from 'double' to 'float'
D:\Do Hoa May Tinh\ThucHanh_BTVN\BTL_DHMT_Nhom08\OpenGL\main.cpp(1389,83): warning C4305: 'argument': truncation from 'double' to 'const GLfloat'
D:\Do Hoa May Tinh\ThucHanh_BTVN\BTL_DHMT_Nhom08\OpenGL\main.cpp(1391,30): warning C4305: 'argument': truncation from 'double' to 'float'
D:\Do Hoa May Tinh\ThucHanh_BTVN\BTL_DHMT_Nhom08\OpenGL\main.cpp(1415,27): warning C4305: 'argument': truncation from 'double' to 'float'
D:\Do Hoa May Tinh\ThucHanh_BTVN\BTL_DHMT_Nhom08\OpenGL\main.cpp(1416,63): warning C4305: 'argument': truncation from 'double' to 'const GLfloat'
D:\Do Hoa May Tinh\ThucHanh_BTVN\BTL_DHMT_Nhom08\OpenGL\main.cpp(1417,25): warning C4305: 'argument': truncation from 'double' to 'float'
D:\Do Hoa May Tinh\ThucHanh_BTVN\BTL_DHMT_Nhom08\OpenGL\main.cpp(1421,54): warning C4305: 'argument': truncation from 'double' to 'const GLfloat'
D:\Do Hoa May Tinh\ThucHanh_BTVN\BTL_DHMT_Nhom08\OpenGL\main.cpp(1422,32): warning C4305: 'argument': truncation from 'double' to 'float'
D:\Do Hoa May Tinh\ThucHanh_BTVN\BTL_DHMT_Nhom08\OpenGL\main.cpp(1425,36): warning C4305: 'argument': truncation from 'double' to 'float'
D:\Do Hoa May Tinh\ThucHanh_BTVN\BTL_DHMT_Nhom08\OpenGL\main.cpp(1443,23): warning C4305: 'argument': truncation from 'double' to 'GLfloat'
D:\Do Hoa May Tinh\ThucHanh_BTVN\BTL_DHMT_Nhom08\OpenGL\main.cpp(1444,39): warning C4305: 'argument': truncation from 'double' to 'const GLfloat'
D:\Do Hoa May Tinh\ThucHanh_BTVN\BTL_DHMT_Nhom08\OpenGL\main.cpp(1445,23): warning C4305: 'argument': truncation from 'double' to 'GLfloat'
D:\Do Hoa May Tinh\ThucHanh_BTVN\BTL_DHMT_Nhom08\OpenGL\main.cpp(1446,48): warning C4305: 'argument': truncation from 'double' to 'const GLfloat'
D:\Do Hoa May Tinh\ThucHanh_BTVN\BTL_DHMT_Nhom08\OpenGL\main.cpp(1447,25): warning C4305: 'argument': truncation from 'double' to 'GLfloat'
D:\Do Hoa May Tinh\ThucHanh_BTVN\BTL_DHMT_Nhom08\OpenGL\main.cpp(1448,47): warning C4305: 'argument': truncation from 'double' to 'const GLfloat'
D:\Do Hoa May Tinh\ThucHanh_BTVN\BTL_DHMT_Nhom08\OpenGL\main.cpp(1449,25): warning C4305: 'argument': truncation from 'double' to 'GLfloat'
D:\Do Hoa May Tinh\ThucHanh_BTVN\BTL_DHMT_Nhom08\OpenGL\main.cpp(1450,47): warning C4305: 'argument': truncation from 'double' to 'const GLfloat'
D:\Do Hoa May Tinh\ThucHanh_BTVN\BTL_DHMT_Nhom08\OpenGL\main.cpp(1451,25): warning C4305: 'argument': truncation from 'double' to 'GLfloat'
D:\Do Hoa May Tinh\ThucHanh_BTVN\BTL_DHMT_Nhom08\OpenGL\main.cpp(1452,46): warning C4305: 'argument': truncation from 'double' to 'const GLfloat'
D:\Do Hoa May Tinh\ThucHanh_BTVN\BTL_DHMT_Nhom08\OpenGL\main.cpp(1453,25): warning C4305: 'argument': truncation from 'double' to 'GLfloat'
D:\Do Hoa May Tinh\ThucHanh_BTVN\BTL_DHMT_Nhom08\OpenGL\main.cpp(1455,18): warning C4305: 'initializing': truncation from 'double' to 'GLfloat'
D:\Do Hoa May Tinh\ThucHanh_BTVN\BTL_DHMT_Nhom08\OpenGL\main.cpp(1456,18): warning C4305: 'initializing': truncation from 'double' to 'GLfloat'
D:\Do Hoa May Tinh\ThucHanh_BTVN\BTL_DHMT_Nhom08\OpenGL\main.cpp(1465,90): warning C4305: 'argument': truncation from 'double' to 'const GLfloat'
D:\Do Hoa May Tinh\ThucHanh_BTVN\BTL_DHMT_Nhom08\OpenGL\main.cpp(1470,91): warning C4305: 'argument': truncation from 'double' to 'const GLfloat'
D:\Do Hoa May Tinh\ThucHanh_BTVN\BTL_DHMT_Nhom08\OpenGL\main.cpp(1474,118): warning C4305: 'argument': truncation from 'double' to 'const GLfloat'
D:\Do Hoa May Tinh\ThucHanh_BTVN\BTL_DHMT_Nhom08\OpenGL\main.cpp(1479,92): warning C4305: 'argument': truncation from 'double' to 'const GLfloat'
D:\Do Hoa May Tinh\ThucHanh_BTVN\BTL_DHMT_Nhom08\OpenGL\main.cpp(1511,23): warning C4305: 'argument': truncation from 'double' to 'GLfloat'
D:\Do Hoa May Tinh\ThucHanh_BTVN\BTL_DHMT_Nhom08\OpenGL\main.cpp(1512,40): warning C4305: 'argument': truncation from 'double' to 'const GLfloat'
D:\Do Hoa May Tinh\ThucHanh_BTVN\BTL_DHMT_Nhom08\OpenGL\main.cpp(1513,23): warning C4305: 'argument': truncation from 'double' to 'GLfloat'
D:\Do Hoa May Tinh\ThucHanh_BTVN\BTL_DHMT_Nhom08\OpenGL\main.cpp(1514,46): warning C4305: 'argument': truncation from 'double' to 'const GLfloat'
D:\Do Hoa May Tinh\ThucHanh_BTVN\BTL_DHMT_Nhom08\OpenGL\main.cpp(1515,23): warning C4305: 'argument': truncation from 'double' to 'GLfloat'
D:\Do Hoa May Tinh\ThucHanh_BTVN\BTL_DHMT_Nhom08\OpenGL\main.cpp(1516,45): warning C4305: 'argument': truncation from 'double' to 'const GLfloat'
D:\Do Hoa May Tinh\ThucHanh_BTVN\BTL_DHMT_Nhom08\OpenGL\main.cpp(1517,23): warning C4305: 'argument': truncation from 'double' to 'GLfloat'
D:\Do Hoa May Tinh\ThucHanh_BTVN\BTL_DHMT_Nhom08\OpenGL\main.cpp(1519,75): warning C4305: 'argument': truncation from 'double' to 'const GLfloat'
D:\Do Hoa May Tinh\ThucHanh_BTVN\BTL_DHMT_Nhom08\OpenGL\main.cpp(1521,21): warning C4305: 'argument': truncation from 'double' to 'GLfloat'
D:\Do Hoa May Tinh\ThucHanh_BTVN\BTL_DHMT_Nhom08\OpenGL\main.cpp(1523,64): warning C4305: 'argument': truncation from 'double' to 'const GLfloat'
D:\Do Hoa May Tinh\ThucHanh_BTVN\BTL_DHMT_Nhom08\OpenGL\main.cpp(1523,88): warning C4305: 'argument': truncation from 'double' to 'const GLfloat'
D:\Do Hoa May Tinh\ThucHanh_BTVN\BTL_DHMT_Nhom08\OpenGL\main.cpp(1524,25): warning C4305: 'argument': truncation from 'double' to 'GLfloat'
D:\Do Hoa May Tinh\ThucHanh_BTVN\BTL_DHMT_Nhom08\OpenGL\main.cpp(1525,62): warning C4305: 'argument': truncation from 'double' to 'const GLfloat'
D:\Do Hoa May Tinh\ThucHanh_BTVN\BTL_DHMT_Nhom08\OpenGL\main.cpp(1526,24): warning C4305: 'argument': truncation from 'double' to 'GLfloat'
D:\Do Hoa May Tinh\ThucHanh_BTVN\BTL_DHMT_Nhom08\OpenGL\main.cpp(1528,72): warning C4305: 'argument': truncation from 'double' to 'const GLfloat'
D:\Do Hoa May Tinh\ThucHanh_BTVN\BTL_DHMT_Nhom08\OpenGL\main.cpp(1530,21): warning C4305: 'argument': truncation from 'double' to 'GLfloat'
D:\Do Hoa May Tinh\ThucHanh_BTVN\BTL_DHMT_Nhom08\OpenGL\main.cpp(1531,65): warning C4305: 'argument': truncation from 'double' to 'const GLfloat'
D:\Do Hoa May Tinh\ThucHanh_BTVN\BTL_DHMT_Nhom08\OpenGL\main.cpp(1531,89): warning C4305: 'argument': truncation from 'double' to 'const GLfloat'
D:\Do Hoa May Tinh\ThucHanh_BTVN\BTL_DHMT_Nhom08\OpenGL\main.cpp(1533,25): warning C4305: 'argument': truncation from 'double' to 'GLfloat'
D:\Do Hoa May Tinh\ThucHanh_BTVN\BTL_DHMT_Nhom08\OpenGL\main.cpp(1534,62): warning C4305: 'argument': truncation from 'double' to 'const GLfloat'
D:\Do Hoa May Tinh\ThucHanh_BTVN\BTL_DHMT_Nhom08\OpenGL\main.cpp(1535,24): warning C4305: 'argument': truncation from 'double' to 'GLfloat'
D:\Do Hoa May Tinh\ThucHanh_BTVN\BTL_DHMT_Nhom08\OpenGL\main.cpp(1539,56): warning C4305: 'argument': truncation from 'double' to 'const GLfloat'
D:\Do Hoa May Tinh\ThucHanh_BTVN\BTL_DHMT_Nhom08\OpenGL\main.cpp(1539,92): warning C4305: 'argument': truncation from 'double' to 'const GLfloat'
D:\Do Hoa May Tinh\ThucHanh_BTVN\BTL_DHMT_Nhom08\OpenGL\main.cpp(1541,54): warning C4305: 'argument': truncation from 'double' to 'const GLfloat'
D:\Do Hoa May Tinh\ThucHanh_BTVN\BTL_DHMT_Nhom08\OpenGL\main.cpp(1543,54): warning C4305: 'argument': truncation from 'double' to 'const GLfloat'
D:\Do Hoa May Tinh\ThucHanh_BTVN\BTL_DHMT_Nhom08\OpenGL\main.cpp(1545,54): warning C4305: 'argument': truncation from 'double' to 'const GLfloat'
D:\Do Hoa May Tinh\ThucHanh_BTVN\BTL_DHMT_Nhom08\OpenGL\main.cpp(1549,54): warning C4305: 'argument': truncation from 'double' to 'const GLfloat'
D:\Do Hoa May Tinh\ThucHanh_BTVN\BTL_DHMT_Nhom08\OpenGL\main.cpp(1565,25): warning C4305: 'argument': truncation from 'double' to 'GLfloat'
D:\Do Hoa May Tinh\ThucHanh_BTVN\BTL_DHMT_Nhom08\OpenGL\main.cpp(1566,41): warning C4305: 'argument': truncation from 'double' to 'const GLfloat'
D:\Do Hoa May Tinh\ThucHanh_BTVN\BTL_DHMT_Nhom08\OpenGL\main.cpp(1567,25): warning C4305: 'argument': truncation from 'double' to 'GLfloat'
D:\Do Hoa May Tinh\ThucHanh_BTVN\BTL_DHMT_Nhom08\OpenGL\main.cpp(1568,47): warning C4305: 'argument': truncation from 'double' to 'const GLfloat'
D:\Do Hoa May Tinh\ThucHanh_BTVN\BTL_DHMT_Nhom08\OpenGL\main.cpp(1569,25): warning C4305: 'argument': truncation from 'double' to 'GLfloat'
D:\Do Hoa May Tinh\ThucHanh_BTVN\BTL_DHMT_Nhom08\OpenGL\main.cpp(1570,46): warning C4305: 'argument': truncation from 'double' to 'const GLfloat'
D:\Do Hoa May Tinh\ThucHanh_BTVN\BTL_DHMT_Nhom08\OpenGL\main.cpp(1571,25): warning C4305: 'argument': truncation from 'double' to 'GLfloat'
D:\Do Hoa May Tinh\ThucHanh_BTVN\BTL_DHMT_Nhom08\OpenGL\main.cpp(1572,67): warning C4305: 'argument': truncation from 'double' to 'const GLfloat'
D:\Do Hoa May Tinh\ThucHanh_BTVN\BTL_DHMT_Nhom08\OpenGL\main.cpp(1575,24): warning C4305: 'argument': truncation from 'double' to 'GLfloat'
D:\Do Hoa May Tinh\ThucHanh_BTVN\BTL_DHMT_Nhom08\OpenGL\main.cpp(1576,65): warning C4305: 'argument': truncation from 'double' to 'const GLfloat'
D:\Do Hoa May Tinh\ThucHanh_BTVN\BTL_DHMT_Nhom08\OpenGL\main.cpp(1576,90): warning C4305: 'argument': truncation from 'double' to 'const GLfloat'
D:\Do Hoa May Tinh\ThucHanh_BTVN\BTL_DHMT_Nhom08\OpenGL\main.cpp(1578,26): warning C4305: 'argument': truncation from 'double' to 'GLfloat'
D:\Do Hoa May Tinh\ThucHanh_BTVN\BTL_DHMT_Nhom08\OpenGL\main.cpp(1579,63): warning C4305: 'argument': truncation from 'double' to 'const GLfloat'
D:\Do Hoa May Tinh\ThucHanh_BTVN\BTL_DHMT_Nhom08\OpenGL\main.cpp(1580,25): warning C4305: 'argument': truncation from 'double' to 'GLfloat'
D:\Do Hoa May Tinh\ThucHanh_BTVN\BTL_DHMT_Nhom08\OpenGL\main.cpp(1583,57): warning C4305: 'argument': truncation from 'double' to 'const GLfloat'
D:\Do Hoa May Tinh\ThucHanh_BTVN\BTL_DHMT_Nhom08\OpenGL\main.cpp(1583,97): warning C4305: 'argument': truncation from 'double' to 'const GLfloat'
D:\Do Hoa May Tinh\ThucHanh_BTVN\BTL_DHMT_Nhom08\OpenGL\main.cpp(1586,53): warning C4305: 'argument': truncation from 'double' to 'const GLfloat'
D:\Do Hoa May Tinh\ThucHanh_BTVN\BTL_DHMT_Nhom08\OpenGL\main.cpp(1588,53): warning C4305: 'argument': truncation from 'double' to 'const GLfloat'
D:\Do Hoa May Tinh\ThucHanh_BTVN\BTL_DHMT_Nhom08\OpenGL\main.cpp(1593,53): warning C4305: 'argument': truncation from 'double' to 'const GLfloat'
D:\Do Hoa May Tinh\ThucHanh_BTVN\BTL_DHMT_Nhom08\OpenGL\main.cpp(1595,53): warning C4305: 'argument': truncation from 'double' to 'const GLfloat'
D:\Do Hoa May Tinh\ThucHanh_BTVN\BTL_DHMT_Nhom08\OpenGL\main.cpp(1598,53): warning C4305: 'argument': truncation from 'double' to 'const GLfloat'
D:\Do Hoa May Tinh\ThucHanh_BTVN\BTL_DHMT_Nhom08\OpenGL\main.cpp(1600,53): warning C4305: 'argument': truncation from 'double' to 'const GLfloat'
D:\Do Hoa May Tinh\ThucHanh_BTVN\BTL_DHMT_Nhom08\OpenGL\main.cpp(1602,53): warning C4305: 'argument': truncation from 'double' to 'const GLfloat'
D:\Do Hoa May Tinh\ThucHanh_BTVN\BTL_DHMT_Nhom08\OpenGL\main.cpp(1607,53): warning C4305: 'argument': truncation from 'double' to 'const GLfloat'
D:\Do Hoa May Tinh\ThucHanh_BTVN\BTL_DHMT_Nhom08\OpenGL\main.cpp(1609,53): warning C4305: 'argument': truncation from 'double' to 'const GLfloat'
D:\Do Hoa May Tinh\ThucHanh_BTVN\BTL_DHMT_Nhom08\OpenGL\main.cpp(1617,37): warning C4305: 'argument': truncation from 'double' to 'const GLfloat'
D:\Do Hoa May Tinh\ThucHanh_BTVN\BTL_DHMT_Nhom08\OpenGL\main.cpp(1617,60): warning C4305: 'argument': truncation from 'double' to 'const GLfloat'
D:\Do Hoa May Tinh\ThucHanh_BTVN\BTL_DHMT_Nhom08\OpenGL\main.cpp(1619,65): warning C4305: 'argument': truncation from 'double' to 'const GLfloat'
D:\Do Hoa May Tinh\ThucHanh_BTVN\BTL_DHMT_Nhom08\OpenGL\main.cpp(1619,89): warning C4305: 'argument': truncation from 'double' to 'const GLfloat'
D:\Do Hoa May Tinh\ThucHanh_BTVN\BTL_DHMT_Nhom08\OpenGL\main.cpp(1621,43): warning C4305: 'argument': truncation from 'double' to 'const GLfloat'
D:\Do Hoa May Tinh\ThucHanh_BTVN\BTL_DHMT_Nhom08\OpenGL\main.cpp(1625,43): warning C4305: 'argument': truncation from 'double' to 'const GLfloat'
D:\Do Hoa May Tinh\ThucHanh_BTVN\BTL_DHMT_Nhom08\OpenGL\main.cpp(1627,43): warning C4305: 'argument': truncation from 'double' to 'const GLfloat'
D:\Do Hoa May Tinh\ThucHanh_BTVN\BTL_DHMT_Nhom08\OpenGL\main.cpp(1629,40): warning C4305: 'argument': truncation from 'double' to 'const GLfloat'
D:\Do Hoa May Tinh\ThucHanh_BTVN\BTL_DHMT_Nhom08\OpenGL\main.cpp(1631,38): warning C4305: 'argument': truncation from 'double' to 'const GLfloat'
D:\Do Hoa May Tinh\ThucHanh_BTVN\BTL_DHMT_Nhom08\OpenGL\main.cpp(1633,40): warning C4305: 'argument': truncation from 'double' to 'const GLfloat'
D:\Do Hoa May Tinh\ThucHanh_BTVN\BTL_DHMT_Nhom08\OpenGL\main.cpp(1651,42): warning C4244: 'argument': conversion from 'GLdouble' to 'const GLfloat', possible loss of data
D:\Do Hoa May Tinh\ThucHanh_BTVN\BTL_DHMT_Nhom08\OpenGL\main.cpp(1651,33): warning C4244: 'argument': conversion from 'GLdouble' to 'const GLfloat', possible loss of data
D:\Do Hoa May Tinh\ThucHanh_BTVN\BTL_DHMT_Nhom08\OpenGL\main.cpp(1651,24): warning C4244: 'argument': conversion from 'GLdouble' to 'const GLfloat', possible loss of data
D:\Do Hoa May Tinh\ThucHanh_BTVN\BTL_DHMT_Nhom08\OpenGL\main.cpp(1651,61): warning C4244: 'argument': conversion from 'GLdouble' to 'const GLfloat', possible loss of data
D:\Do Hoa May Tinh\ThucHanh_BTVN\BTL_DHMT_Nhom08\OpenGL\main.cpp(1695,21): warning C4305: '+=': truncation from 'double' to 'GLfloat'
D:\Do Hoa May Tinh\ThucHanh_BTVN\BTL_DHMT_Nhom08\OpenGL\main.cpp(1696,59): warning C4244: '-=': conversion from 'double' to 'GLfloat', possible loss of data
D:\Do Hoa May Tinh\ThucHanh_BTVN\BTL_DHMT_Nhom08\OpenGL\main.cpp(1710,21): warning C4305: '+=': truncation from 'double' to 'float'
D:\Do Hoa May Tinh\ThucHanh_BTVN\BTL_DHMT_Nhom08\OpenGL\main.cpp(1711,60): warning C4244: '-=': conversion from 'double' to 'float', possible loss of data
D:\Do Hoa May Tinh\ThucHanh_BTVN\BTL_DHMT_Nhom08\OpenGL\main.cpp(1714,22): warning C4305: '+=': truncation from 'double' to 'float'
D:\Do Hoa May Tinh\ThucHanh_BTVN\BTL_DHMT_Nhom08\OpenGL\main.cpp(1715,61): warning C4244: '-=': conversion from 'double' to 'float', possible loss of data
D:\Do Hoa May Tinh\ThucHanh_BTVN\BTL_DHMT_Nhom08\OpenGL\main.cpp(1719,22): warning C4305: '-=': truncation from 'double' to 'float'
D:\Do Hoa May Tinh\ThucHanh_BTVN\BTL_DHMT_Nhom08\OpenGL\main.cpp(1720,19): warning C4305: '+=': truncation from 'double' to 'float'
D:\Do Hoa May Tinh\ThucHanh_BTVN\BTL_DHMT_Nhom08\OpenGL\main.cpp(1722,23): warning C4305: '+=': truncation from 'double' to 'float'
D:\Do Hoa May Tinh\ThucHanh_BTVN\BTL_DHMT_Nhom08\OpenGL\main.cpp(1723,20): warning C4305: '-=': truncation from 'double' to 'float'
D:\Do Hoa May Tinh\ThucHanh_BTVN\BTL_DHMT_Nhom08\OpenGL\main.cpp(1727,22): warning C4305: '+=': truncation from 'double' to 'float'
D:\Do Hoa May Tinh\ThucHanh_BTVN\BTL_DHMT_Nhom08\OpenGL\main.cpp(1728,19): warning C4305: '-=': truncation from 'double' to 'float'
D:\Do Hoa May Tinh\ThucHanh_BTVN\BTL_DHMT_Nhom08\OpenGL\main.cpp(1730,23): warning C4305: '-=': truncation from 'double' to 'float'
D:\Do Hoa May Tinh\ThucHanh_BTVN\BTL_DHMT_Nhom08\OpenGL\main.cpp(1731,20): warning C4305: '+=': truncation from 'double' to 'float'
D:\Do Hoa May Tinh\ThucHanh_BTVN\BTL_DHMT_Nhom08\OpenGL\main.cpp(1736,19): warning C4305: '-=': truncation from 'double' to 'float'
D:\Do Hoa May Tinh\ThucHanh_BTVN\BTL_DHMT_Nhom08\OpenGL\main.cpp(1737,19): warning C4305: '+=': truncation from 'double' to 'float'
D:\Do Hoa May Tinh\ThucHanh_BTVN\BTL_DHMT_Nhom08\OpenGL\main.cpp(1739,20): warning C4305: '+=': truncation from 'double' to 'float'
D:\Do Hoa May Tinh\ThucHanh_BTVN\BTL_DHMT_Nhom08\OpenGL\main.cpp(1740,20): warning C4305: '-=': truncation from 'double' to 'float'
D:\Do Hoa May Tinh\ThucHanh_BTVN\BTL_DHMT_Nhom08\OpenGL\main.cpp(1744,19): warning C4305: '+=': truncation from 'double' to 'float'
D:\Do Hoa May Tinh\ThucHanh_BTVN\BTL_DHMT_Nhom08\OpenGL\main.cpp(1745,19): warning C4305: '-=': truncation from 'double' to 'float'
D:\Do Hoa May Tinh\ThucHanh_BTVN\BTL_DHMT_Nhom08\OpenGL\main.cpp(1747,20): warning C4305: '-=': truncation from 'double' to 'float'
D:\Do Hoa May Tinh\ThucHanh_BTVN\BTL_DHMT_Nhom08\OpenGL\main.cpp(1748,20): warning C4305: '+=': truncation from 'double' to 'float'
D:\Do Hoa May Tinh\ThucHanh_BTVN\BTL_DHMT_Nhom08\OpenGL\main.cpp(1756,12): warning C4305: '-=': truncation from 'double' to 'GLfloat'
D:\Do Hoa May Tinh\ThucHanh_BTVN\BTL_DHMT_Nhom08\OpenGL\main.cpp(1772,20): warning C4305: '=': truncation from 'double' to 'GLfloat'
D:\Do Hoa May Tinh\ThucHanh_BTVN\BTL_DHMT_Nhom08\OpenGL\main.cpp(1849,23): warning C4305: '-=': truncation from 'double' to 'GLfloat'
D:\Do Hoa May Tinh\ThucHanh_BTVN\BTL_DHMT_Nhom08\OpenGL\main.cpp(1850,38): warning C4305: '+=': truncation from 'double' to 'GLfloat'
D:\Do Hoa May Tinh\ThucHanh_BTVN\BTL_DHMT_Nhom08\OpenGL\main.cpp(1872,15): warning C4305: '+=': truncation from 'double' to 'GLfloat'
D:\Do Hoa May Tinh\ThucHanh_BTVN\BTL_DHMT_Nhom08\OpenGL\main.cpp(1874,24): warning C4244: '-=': conversion from 'double' to 'GLfloat', possible loss of data
D:\Do Hoa May Tinh\ThucHanh_BTVN\BTL_DHMT_Nhom08\OpenGL\main.cpp(1878,15): warning C4305: '-=': truncation from 'double' to 'GLfloat'
D:\Do Hoa May Tinh\ThucHanh_BTVN\BTL_DHMT_Nhom08\OpenGL\main.cpp(1880,24): warning C4244: '-=': conversion from 'double' to 'GLfloat', possible loss of data
D:\Do Hoa May Tinh\ThucHanh_BTVN\BTL_DHMT_Nhom08\OpenGL\main.cpp(1897,17): warning C4305: '-=': truncation from 'double' to 'GLfloat'
D:\Do Hoa May Tinh\ThucHanh_BTVN\BTL_DHMT_Nhom08\OpenGL\main.cpp(1899,29): warning C4244: '-=': conversion from 'double' to 'GLfloat', possible loss of data
D:\Do Hoa May Tinh\ThucHanh_BTVN\BTL_DHMT_Nhom08\OpenGL\main.cpp(1903,17): warning C4305: '+=': truncation from 'double' to 'GLfloat'
D:\Do Hoa May Tinh\ThucHanh_BTVN\BTL_DHMT_Nhom08\OpenGL\main.cpp(1908,20): warning C4305: '*=': truncation from 'double' to 'GLfloat'
D:\Do Hoa May Tinh\ThucHanh_BTVN\BTL_DHMT_Nhom08\OpenGL\main.cpp(1908,30): warning C4305: '*=': truncation from 'double' to 'GLfloat'
D:\Do Hoa May Tinh\ThucHanh_BTVN\BTL_DHMT_Nhom08\OpenGL\main.cpp(1909,20): warning C4305: '*=': truncation from 'double' to 'GLfloat'
D:\Do Hoa May Tinh\ThucHanh_BTVN\BTL_DHMT_Nhom08\OpenGL\main.cpp(1909,30): warning C4305: '*=': truncation from 'double' to 'GLfloat'
D:\Do Hoa May Tinh\ThucHanh_BTVN\BTL_DHMT_Nhom08\OpenGL\main.cpp(1910,25): warning C4305: '*=': truncation from 'double' to 'GLfloat'
D:\Do Hoa May Tinh\ThucHanh_BTVN\BTL_DHMT_Nhom08\OpenGL\main.cpp(1910,37): warning C4305: '*=': truncation from 'double' to 'GLfloat'
D:\Do Hoa May Tinh\ThucHanh_BTVN\BTL_DHMT_Nhom08\OpenGL\main.cpp(1911,25): warning C4305: '*=': truncation from 'double' to 'GLfloat'
D:\Do Hoa May Tinh\ThucHanh_BTVN\BTL_DHMT_Nhom08\OpenGL\main.cpp(1911,37): warning C4305: '*=': truncation from 'double' to 'GLfloat'
D:\Do Hoa May Tinh\ThucHanh_BTVN\BTL_DHMT_Nhom08\OpenGL\main.cpp(1912,24): warning C4305: '*=': truncation from 'double' to 'GLfloat'
D:\Do Hoa May Tinh\ThucHanh_BTVN\BTL_DHMT_Nhom08\OpenGL\main.cpp(1912,37): warning C4305: '*=': truncation from 'double' to 'GLfloat'
D:\Do Hoa May Tinh\ThucHanh_BTVN\BTL_DHMT_Nhom08\OpenGL\main.cpp(1913,24): warning C4305: '*=': truncation from 'double' to 'GLfloat'
D:\Do Hoa May Tinh\ThucHanh_BTVN\BTL_DHMT_Nhom08\OpenGL\main.cpp(1913,37): warning C4305: '*=': truncation from 'double' to 'GLfloat'
  Generating Code...
  OpenGL.vcxproj -> D:\Do Hoa May Tinh\ThucHanh_BTVN\BTL_DHMT_Nhom08\Debug\OpenGL.exe
