  main.cpp
D:\Do Hoa May Tinh\ThucHanh_BTVN\De chinh sua\LamLai\BaiTH8_Hinhlapphuong_chieusang\OpenGL\main.cpp(143,6): error C2086: 'Angel::mat4 instance': redefinition
D:\Do Hoa May Tinh\ThucHanh_BTVN\De chinh sua\LamLai\BaiTH8_Hinhlapphuong_chieusang\OpenGL\main.cpp(39): message : see declaration of 'instance'
D:\Do Hoa May Tinh\ThucHanh_BTVN\De chinh sua\LamLai\BaiTH8_Hinhlapphuong_chieusang\OpenGL\main.cpp(148,41): warning C4305: 'argument': truncation from 'double' to 'GLfloat'
D:\Do Hoa May Tinh\ThucHanh_BTVN\De chinh sua\LamLai\BaiTH8_Hinhlapphuong_chieusang\OpenGL\main.cpp(149,47): warning C4244: 'argument': conversion from 'GLdouble' to 'GLfloat', possible loss of data
D:\Do Hoa May Tinh\ThucHanh_BTVN\De chinh sua\LamLai\BaiTH8_Hinhlapphuong_chieusang\OpenGL\main.cpp(149,35): warning C4244: 'argument': conversion from 'GLdouble' to 'GLfloat', possible loss of data
D:\Do Hoa May Tinh\ThucHanh_BTVN\De chinh sua\LamLai\BaiTH8_Hinhlapphuong_chieusang\OpenGL\main.cpp(149,23): warning C4244: 'argument': conversion from 'GLdouble' to 'GLfloat', possible loss of data
D:\Do Hoa May Tinh\ThucHanh_BTVN\De chinh sua\LamLai\BaiTH8_Hinhlapphuong_chieusang\OpenGL\main.cpp(153,50): warning C4244: 'argument': conversion from 'double' to 'GLfloat', possible loss of data
D:\Do Hoa May Tinh\ThucHanh_BTVN\De chinh sua\LamLai\BaiTH8_Hinhlapphuong_chieusang\OpenGL\main.cpp(153,39): warning C4244: 'argument': conversion from 'double' to 'GLfloat', possible loss of data
D:\Do Hoa May Tinh\ThucHanh_BTVN\De chinh sua\LamLai\BaiTH8_Hinhlapphuong_chieusang\OpenGL\main.cpp(153,28): warning C4244: 'argument': conversion from 'double' to 'GLfloat', possible loss of data
D:\Do Hoa May Tinh\ThucHanh_BTVN\De chinh sua\LamLai\BaiTH8_Hinhlapphuong_chieusang\OpenGL\main.cpp(172,51): warning C4305: 'argument': truncation from 'double' to 'const GLfloat'
D:\Do Hoa May Tinh\ThucHanh_BTVN\De chinh sua\LamLai\BaiTH8_Hinhlapphuong_chieusang\OpenGL\main.cpp(179,51): warning C4305: 'argument': truncation from 'double' to 'const GLfloat'
D:\Do Hoa May Tinh\ThucHanh_BTVN\De chinh sua\LamLai\BaiTH8_Hinhlapphuong_chieusang\OpenGL\main.cpp(186,50): warning C4305: 'argument': truncation from 'double' to 'const GLfloat'
D:\Do Hoa May Tinh\ThucHanh_BTVN\De chinh sua\LamLai\BaiTH8_Hinhlapphuong_chieusang\OpenGL\main.cpp(193,55): warning C4305: 'argument': truncation from 'double' to 'const GLfloat'
D:\Do Hoa May Tinh\ThucHanh_BTVN\De chinh sua\LamLai\BaiTH8_Hinhlapphuong_chieusang\OpenGL\main.cpp(200,54): warning C4305: 'argument': truncation from 'double' to 'const GLfloat'
D:\Do Hoa May Tinh\ThucHanh_BTVN\De chinh sua\LamLai\BaiTH8_Hinhlapphuong_chieusang\OpenGL\main.cpp(211,30): warning C4305: 'argument': truncation from 'double' to 'const GLfloat'
D:\Do Hoa May Tinh\ThucHanh_BTVN\De chinh sua\LamLai\BaiTH8_Hinhlapphuong_chieusang\OpenGL\main.cpp(218,32): warning C4305: 'argument': truncation from 'double' to 'const GLfloat'
D:\Do Hoa May Tinh\ThucHanh_BTVN\De chinh sua\LamLai\BaiTH8_Hinhlapphuong_chieusang\OpenGL\main.cpp(218,57): warning C4305: 'argument': truncation from 'double' to 'const GLfloat'
D:\Do Hoa May Tinh\ThucHanh_BTVN\De chinh sua\LamLai\BaiTH8_Hinhlapphuong_chieusang\OpenGL\main.cpp(225,39): warning C4305: 'argument': truncation from 'double' to 'const GLfloat'
D:\Do Hoa May Tinh\ThucHanh_BTVN\De chinh sua\LamLai\BaiTH8_Hinhlapphuong_chieusang\OpenGL\main.cpp(225,65): warning C4305: 'argument': truncation from 'double' to 'const GLfloat'
D:\Do Hoa May Tinh\ThucHanh_BTVN\De chinh sua\LamLai\BaiTH8_Hinhlapphuong_chieusang\OpenGL\main.cpp(232,38): warning C4305: 'argument': truncation from 'double' to 'const GLfloat'
D:\Do Hoa May Tinh\ThucHanh_BTVN\De chinh sua\LamLai\BaiTH8_Hinhlapphuong_chieusang\OpenGL\main.cpp(232,64): warning C4305: 'argument': truncation from 'double' to 'const GLfloat'
D:\Do Hoa May Tinh\ThucHanh_BTVN\De chinh sua\LamLai\BaiTH8_Hinhlapphuong_chieusang\OpenGL\main.cpp(238,32): warning C4305: 'argument': truncation from 'double' to 'const GLfloat'
D:\Do Hoa May Tinh\ThucHanh_BTVN\De chinh sua\LamLai\BaiTH8_Hinhlapphuong_chieusang\OpenGL\main.cpp(248,34): warning C4305: 'argument': truncation from 'double' to 'const GLfloat'
D:\Do Hoa May Tinh\ThucHanh_BTVN\De chinh sua\LamLai\BaiTH8_Hinhlapphuong_chieusang\OpenGL\main.cpp(252,44): warning C4305: 'argument': truncation from 'double' to 'const GLfloat'
D:\Do Hoa May Tinh\ThucHanh_BTVN\De chinh sua\LamLai\BaiTH8_Hinhlapphuong_chieusang\OpenGL\main.cpp(252,69): warning C4305: 'argument': truncation from 'double' to 'const GLfloat'
D:\Do Hoa May Tinh\ThucHanh_BTVN\De chinh sua\LamLai\BaiTH8_Hinhlapphuong_chieusang\OpenGL\main.cpp(256,43): warning C4305: 'argument': truncation from 'double' to 'const GLfloat'
D:\Do Hoa May Tinh\ThucHanh_BTVN\De chinh sua\LamLai\BaiTH8_Hinhlapphuong_chieusang\OpenGL\main.cpp(256,68): warning C4305: 'argument': truncation from 'double' to 'const GLfloat'
D:\Do Hoa May Tinh\ThucHanh_BTVN\De chinh sua\LamLai\BaiTH8_Hinhlapphuong_chieusang\OpenGL\main.cpp(260,43): warning C4305: 'argument': truncation from 'double' to 'const GLfloat'
D:\Do Hoa May Tinh\ThucHanh_BTVN\De chinh sua\LamLai\BaiTH8_Hinhlapphuong_chieusang\OpenGL\main.cpp(260,68): warning C4305: 'argument': truncation from 'double' to 'const GLfloat'
D:\Do Hoa May Tinh\ThucHanh_BTVN\De chinh sua\LamLai\BaiTH8_Hinhlapphuong_chieusang\OpenGL\main.cpp(264,42): warning C4305: 'argument': truncation from 'double' to 'const GLfloat'
D:\Do Hoa May Tinh\ThucHanh_BTVN\De chinh sua\LamLai\BaiTH8_Hinhlapphuong_chieusang\OpenGL\main.cpp(264,67): warning C4305: 'argument': truncation from 'double' to 'const GLfloat'
D:\Do Hoa May Tinh\ThucHanh_BTVN\De chinh sua\LamLai\BaiTH8_Hinhlapphuong_chieusang\OpenGL\main.cpp(269,38): warning C4305: 'argument': truncation from 'double' to 'const GLfloat'
D:\Do Hoa May Tinh\ThucHanh_BTVN\De chinh sua\LamLai\BaiTH8_Hinhlapphuong_chieusang\OpenGL\main.cpp(269,62): warning C4305: 'argument': truncation from 'double' to 'const GLfloat'
D:\Do Hoa May Tinh\ThucHanh_BTVN\De chinh sua\LamLai\BaiTH8_Hinhlapphuong_chieusang\OpenGL\main.cpp(273,36): warning C4305: 'argument': truncation from 'double' to 'const GLfloat'
D:\Do Hoa May Tinh\ThucHanh_BTVN\De chinh sua\LamLai\BaiTH8_Hinhlapphuong_chieusang\OpenGL\main.cpp(273,60): warning C4305: 'argument': truncation from 'double' to 'const GLfloat'
D:\Do Hoa May Tinh\ThucHanh_BTVN\De chinh sua\LamLai\BaiTH8_Hinhlapphuong_chieusang\OpenGL\main.cpp(277,37): warning C4305: 'argument': truncation from 'double' to 'const GLfloat'
D:\Do Hoa May Tinh\ThucHanh_BTVN\De chinh sua\LamLai\BaiTH8_Hinhlapphuong_chieusang\OpenGL\main.cpp(277,61): warning C4305: 'argument': truncation from 'double' to 'const GLfloat'
D:\Do Hoa May Tinh\ThucHanh_BTVN\De chinh sua\LamLai\BaiTH8_Hinhlapphuong_chieusang\OpenGL\main.cpp(282,31): warning C4305: 'argument': truncation from 'double' to 'const GLfloat'
D:\Do Hoa May Tinh\ThucHanh_BTVN\De chinh sua\LamLai\BaiTH8_Hinhlapphuong_chieusang\OpenGL\main.cpp(307,23): warning C4305: 'argument': truncation from 'double' to 'GLfloat'
