cl : command line warning D9035: option 'Gm' has been deprecated and will be removed in a future release
  example1.cpp
D:\Do Hoa May Tinh\ThucHanh_BTVN\De chinh sua\LamLai\bangap\BaiTHso3_2_project_Cube\GLSLExperiment\example1.cpp(127,33): warning C4305: 'argument': truncation from 'double' to 'const GLfloat'
D:\Do Hoa May Tinh\ThucHanh_BTVN\De chinh sua\LamLai\bangap\BaiTHso3_2_project_Cube\GLSLExperiment\example1.cpp(127,58): warning C4305: 'argument': truncation from 'double' to 'const GLfloat'
D:\Do Hoa May Tinh\ThucHanh_BTVN\De chinh sua\LamLai\bangap\BaiTHso3_2_project_Cube\GLSLExperiment\example1.cpp(131,36): warning C4305: 'argument': truncation from 'double' to 'const GLfloat'
D:\Do Hoa May Tinh\ThucHanh_BTVN\De chinh sua\LamLai\bangap\BaiTHso3_2_project_Cube\GLSLExperiment\example1.cpp(131,60): warning C4305: 'argument': truncation from 'double' to 'const GLfloat'
D:\Do Hoa May Tinh\ThucHanh_BTVN\De chinh sua\LamLai\bangap\BaiTHso3_2_project_Cube\GLSLExperiment\example1.cpp(135,32): warning C4305: 'argument': truncation from 'double' to 'const GLfloat'
D:\Do Hoa May Tinh\ThucHanh_BTVN\De chinh sua\LamLai\bangap\BaiTHso3_2_project_Cube\GLSLExperiment\example1.cpp(135,58): warning C4305: 'argument': truncation from 'double' to 'const GLfloat'
D:\Do Hoa May Tinh\ThucHanh_BTVN\De chinh sua\LamLai\bangap\BaiTHso3_2_project_Cube\GLSLExperiment\example1.cpp(141,31): warning C4305: 'argument': truncation from 'double' to 'const GLfloat'
D:\Do Hoa May Tinh\ThucHanh_BTVN\De chinh sua\LamLai\bangap\BaiTHso3_2_project_Cube\GLSLExperiment\example1.cpp(149,38): warning C4244: 'argument': conversion from 'GLdouble' to 'const GLfloat', possible loss of data
D:\Do Hoa May Tinh\ThucHanh_BTVN\De chinh sua\LamLai\bangap\BaiTHso3_2_project_Cube\GLSLExperiment\example1.cpp(149,34): warning C4244: 'argument': conversion from 'GLdouble' to 'const GLfloat', possible loss of data
D:\Do Hoa May Tinh\ThucHanh_BTVN\De chinh sua\LamLai\bangap\BaiTHso3_2_project_Cube\GLSLExperiment\example1.cpp(149,30): warning C4244: 'argument': conversion from 'GLdouble' to 'const GLfloat', possible loss of data
D:\Do Hoa May Tinh\ThucHanh_BTVN\De chinh sua\LamLai\bangap\BaiTHso3_2_project_Cube\GLSLExperiment\example1.cpp(151,36): warning C4305: 'argument': truncation from 'double' to 'const GLfloat'
D:\Do Hoa May Tinh\ThucHanh_BTVN\De chinh sua\LamLai\bangap\BaiTHso3_2_project_Cube\GLSLExperiment\example1.cpp(151,48): warning C4244: 'argument': conversion from 'GLdouble' to 'const GLfloat', possible loss of data
D:\Do Hoa May Tinh\ThucHanh_BTVN\De chinh sua\LamLai\bangap\BaiTHso3_2_project_Cube\GLSLExperiment\example1.cpp(151,75): warning C4305: 'argument': truncation from 'double' to 'const GLfloat'
D:\Do Hoa May Tinh\ThucHanh_BTVN\De chinh sua\LamLai\bangap\BaiTHso3_2_project_Cube\GLSLExperiment\example1.cpp(153,37): warning C4305: 'argument': truncation from 'double' to 'const GLfloat'
D:\Do Hoa May Tinh\ThucHanh_BTVN\De chinh sua\LamLai\bangap\BaiTHso3_2_project_Cube\GLSLExperiment\example1.cpp(153,49): warning C4244: 'argument': conversion from 'GLdouble' to 'const GLfloat', possible loss of data
D:\Do Hoa May Tinh\ThucHanh_BTVN\De chinh sua\LamLai\bangap\BaiTHso3_2_project_Cube\GLSLExperiment\example1.cpp(153,80): warning C4305: 'argument': truncation from 'double' to 'const GLfloat'
D:\Do Hoa May Tinh\ThucHanh_BTVN\De chinh sua\LamLai\bangap\BaiTHso3_2_project_Cube\GLSLExperiment\example1.cpp(163,45): warning C4244: 'argument': conversion from 'GLdouble' to 'const GLfloat', possible loss of data
D:\Do Hoa May Tinh\ThucHanh_BTVN\De chinh sua\LamLai\bangap\BaiTHso3_2_project_Cube\GLSLExperiment\example1.cpp(163,38): warning C4244: 'argument': conversion from 'GLdouble' to 'const GLfloat', possible loss of data
D:\Do Hoa May Tinh\ThucHanh_BTVN\De chinh sua\LamLai\bangap\BaiTHso3_2_project_Cube\GLSLExperiment\example1.cpp(163,33): warning C4244: 'argument': conversion from 'GLdouble' to 'const GLfloat', possible loss of data
D:\Do Hoa May Tinh\ThucHanh_BTVN\De chinh sua\LamLai\bangap\BaiTHso3_2_project_Cube\GLSLExperiment\example1.cpp(163,25): warning C4244: 'argument': conversion from 'GLdouble' to 'const GLfloat', possible loss of data
D:\Do Hoa May Tinh\ThucHanh_BTVN\De chinh sua\LamLai\bangap\BaiTHso3_2_project_Cube\GLSLExperiment\example1.cpp(163,22): warning C4244: 'argument': conversion from 'GLdouble' to 'const GLfloat', possible loss of data
D:\Do Hoa May Tinh\ThucHanh_BTVN\De chinh sua\LamLai\bangap\BaiTHso3_2_project_Cube\GLSLExperiment\example1.cpp(163,19): warning C4244: 'argument': conversion from 'GLdouble' to 'const GLfloat', possible loss of data
  GLSLExperiment.vcxproj -> D:\Do Hoa May Tinh\ThucHanh_BTVN\De chinh sua\LamLai\bangap\BaiTHso3_2_project_Cube\Debug\GLSLExperiment.exe
