cl : command line warning D9035: option 'Gm' has been deprecated and will be removed in a future release
  example1.cpp
D:\Do Hoa May Tinh\ThucHanh_BTVN\De chinh sua\LamLai\update_BanGV\BaiTHso3_2_project_Cube\GLSLExperiment\example1.cpp(34,10): error C2086: 'GLdouble anpha': redefinition
D:\Do Hoa May Tinh\ThucHanh_BTVN\De chinh sua\LamLai\update_BanGV\BaiTHso3_2_project_Cube\GLSLExperiment\example1.cpp(31): message : see declaration of 'anpha'
D:\Do Hoa May Tinh\ThucHanh_BTVN\De chinh sua\LamLai\update_BanGV\BaiTHso3_2_project_Cube\GLSLExperiment\example1.cpp(34,17): error C2086: 'GLdouble z_nk': redefinition
D:\Do Hoa May Tinh\ThucHanh_BTVN\De chinh sua\LamLai\update_BanGV\BaiTHso3_2_project_Cube\GLSLExperiment\example1.cpp(31): message : see declaration of 'z_nk'
D:\Do Hoa May Tinh\ThucHanh_BTVN\De chinh sua\LamLai\update_BanGV\BaiTHso3_2_project_Cube\GLSLExperiment\example1.cpp(34,23): error C2086: 'GLdouble tuGV_quay': redefinition
D:\Do Hoa May Tinh\ThucHanh_BTVN\De chinh sua\LamLai\update_BanGV\BaiTHso3_2_project_Cube\GLSLExperiment\example1.cpp(31): message : see declaration of 'tuGV_quay'
D:\Do Hoa May Tinh\ThucHanh_BTVN\De chinh sua\LamLai\update_BanGV\BaiTHso3_2_project_Cube\GLSLExperiment\example1.cpp(34,34): error C2086: 'GLdouble mt_gap': redefinition
D:\Do Hoa May Tinh\ThucHanh_BTVN\De chinh sua\LamLai\update_BanGV\BaiTHso3_2_project_Cube\GLSLExperiment\example1.cpp(31): message : see declaration of 'mt_gap'
D:\Do Hoa May Tinh\ThucHanh_BTVN\De chinh sua\LamLai\update_BanGV\BaiTHso3_2_project_Cube\GLSLExperiment\example1.cpp(150,20): warning C4305: 'argument': truncation from 'double' to 'GLfloat'
D:\Do Hoa May Tinh\ThucHanh_BTVN\De chinh sua\LamLai\update_BanGV\BaiTHso3_2_project_Cube\GLSLExperiment\example1.cpp(152,47): warning C4305: 'argument': truncation from 'double' to 'const GLfloat'
D:\Do Hoa May Tinh\ThucHanh_BTVN\De chinh sua\LamLai\update_BanGV\BaiTHso3_2_project_Cube\GLSLExperiment\example1.cpp(153,23): warning C4305: 'argument': truncation from 'double' to 'GLfloat'
D:\Do Hoa May Tinh\ThucHanh_BTVN\De chinh sua\LamLai\update_BanGV\BaiTHso3_2_project_Cube\GLSLExperiment\example1.cpp(155,48): warning C4305: 'argument': truncation from 'double' to 'const GLfloat'
D:\Do Hoa May Tinh\ThucHanh_BTVN\De chinh sua\LamLai\update_BanGV\BaiTHso3_2_project_Cube\GLSLExperiment\example1.cpp(156,23): warning C4305: 'argument': truncation from 'double' to 'GLfloat'
D:\Do Hoa May Tinh\ThucHanh_BTVN\De chinh sua\LamLai\update_BanGV\BaiTHso3_2_project_Cube\GLSLExperiment\example1.cpp(158,46): warning C4305: 'argument': truncation from 'double' to 'const GLfloat'
D:\Do Hoa May Tinh\ThucHanh_BTVN\De chinh sua\LamLai\update_BanGV\BaiTHso3_2_project_Cube\GLSLExperiment\example1.cpp(159,23): warning C4305: 'argument': truncation from 'double' to 'GLfloat'
D:\Do Hoa May Tinh\ThucHanh_BTVN\De chinh sua\LamLai\update_BanGV\BaiTHso3_2_project_Cube\GLSLExperiment\example1.cpp(161,47): warning C4305: 'argument': truncation from 'double' to 'const GLfloat'
D:\Do Hoa May Tinh\ThucHanh_BTVN\De chinh sua\LamLai\update_BanGV\BaiTHso3_2_project_Cube\GLSLExperiment\example1.cpp(162,23): warning C4305: 'argument': truncation from 'double' to 'GLfloat'
D:\Do Hoa May Tinh\ThucHanh_BTVN\De chinh sua\LamLai\update_BanGV\BaiTHso3_2_project_Cube\GLSLExperiment\example1.cpp(165,43): warning C4305: 'argument': truncation from 'double' to 'const GLfloat'
D:\Do Hoa May Tinh\ThucHanh_BTVN\De chinh sua\LamLai\update_BanGV\BaiTHso3_2_project_Cube\GLSLExperiment\example1.cpp(166,20): warning C4305: 'argument': truncation from 'double' to 'GLfloat'
D:\Do Hoa May Tinh\ThucHanh_BTVN\De chinh sua\LamLai\update_BanGV\BaiTHso3_2_project_Cube\GLSLExperiment\example1.cpp(168,42): warning C4305: 'argument': truncation from 'double' to 'const GLfloat'
D:\Do Hoa May Tinh\ThucHanh_BTVN\De chinh sua\LamLai\update_BanGV\BaiTHso3_2_project_Cube\GLSLExperiment\example1.cpp(169,22): warning C4305: 'argument': truncation from 'double' to 'GLfloat'
D:\Do Hoa May Tinh\ThucHanh_BTVN\De chinh sua\LamLai\update_BanGV\BaiTHso3_2_project_Cube\GLSLExperiment\example1.cpp(171,42): warning C4305: 'argument': truncation from 'double' to 'const GLfloat'
D:\Do Hoa May Tinh\ThucHanh_BTVN\De chinh sua\LamLai\update_BanGV\BaiTHso3_2_project_Cube\GLSLExperiment\example1.cpp(172,20): warning C4305: 'argument': truncation from 'double' to 'GLfloat'
D:\Do Hoa May Tinh\ThucHanh_BTVN\De chinh sua\LamLai\update_BanGV\BaiTHso3_2_project_Cube\GLSLExperiment\example1.cpp(175,40): warning C4305: 'argument': truncation from 'double' to 'const GLfloat'
D:\Do Hoa May Tinh\ThucHanh_BTVN\De chinh sua\LamLai\update_BanGV\BaiTHso3_2_project_Cube\GLSLExperiment\example1.cpp(176,23): warning C4305: 'argument': truncation from 'double' to 'GLfloat'
D:\Do Hoa May Tinh\ThucHanh_BTVN\De chinh sua\LamLai\update_BanGV\BaiTHso3_2_project_Cube\GLSLExperiment\example1.cpp(178,39): warning C4305: 'argument': truncation from 'double' to 'const GLfloat'
D:\Do Hoa May Tinh\ThucHanh_BTVN\De chinh sua\LamLai\update_BanGV\BaiTHso3_2_project_Cube\GLSLExperiment\example1.cpp(179,23): warning C4305: 'argument': truncation from 'double' to 'GLfloat'
D:\Do Hoa May Tinh\ThucHanh_BTVN\De chinh sua\LamLai\update_BanGV\BaiTHso3_2_project_Cube\GLSLExperiment\example1.cpp(181,40): warning C4305: 'argument': truncation from 'double' to 'const GLfloat'
D:\Do Hoa May Tinh\ThucHanh_BTVN\De chinh sua\LamLai\update_BanGV\BaiTHso3_2_project_Cube\GLSLExperiment\example1.cpp(182,21): warning C4305: 'argument': truncation from 'double' to 'GLfloat'
D:\Do Hoa May Tinh\ThucHanh_BTVN\De chinh sua\LamLai\update_BanGV\BaiTHso3_2_project_Cube\GLSLExperiment\example1.cpp(184,39): warning C4305: 'argument': truncation from 'double' to 'const GLfloat'
D:\Do Hoa May Tinh\ThucHanh_BTVN\De chinh sua\LamLai\update_BanGV\BaiTHso3_2_project_Cube\GLSLExperiment\example1.cpp(185,23): warning C4305: 'argument': truncation from 'double' to 'GLfloat'
D:\Do Hoa May Tinh\ThucHanh_BTVN\De chinh sua\LamLai\update_BanGV\BaiTHso3_2_project_Cube\GLSLExperiment\example1.cpp(187,39): warning C4305: 'argument': truncation from 'double' to 'const GLfloat'
D:\Do Hoa May Tinh\ThucHanh_BTVN\De chinh sua\LamLai\update_BanGV\BaiTHso3_2_project_Cube\GLSLExperiment\example1.cpp(188,22): warning C4305: 'argument': truncation from 'double' to 'GLfloat'
D:\Do Hoa May Tinh\ThucHanh_BTVN\De chinh sua\LamLai\update_BanGV\BaiTHso3_2_project_Cube\GLSLExperiment\example1.cpp(190,40): warning C4305: 'argument': truncation from 'double' to 'const GLfloat'
D:\Do Hoa May Tinh\ThucHanh_BTVN\De chinh sua\LamLai\update_BanGV\BaiTHso3_2_project_Cube\GLSLExperiment\example1.cpp(191,24): warning C4305: 'argument': truncation from 'double' to 'GLfloat'
D:\Do Hoa May Tinh\ThucHanh_BTVN\De chinh sua\LamLai\update_BanGV\BaiTHso3_2_project_Cube\GLSLExperiment\example1.cpp(194,40): warning C4305: 'argument': truncation from 'double' to 'const GLfloat'
D:\Do Hoa May Tinh\ThucHanh_BTVN\De chinh sua\LamLai\update_BanGV\BaiTHso3_2_project_Cube\GLSLExperiment\example1.cpp(195,25): warning C4305: 'argument': truncation from 'double' to 'GLfloat'
D:\Do Hoa May Tinh\ThucHanh_BTVN\De chinh sua\LamLai\update_BanGV\BaiTHso3_2_project_Cube\GLSLExperiment\example1.cpp(197,39): warning C4305: 'argument': truncation from 'double' to 'const GLfloat'
D:\Do Hoa May Tinh\ThucHanh_BTVN\De chinh sua\LamLai\update_BanGV\BaiTHso3_2_project_Cube\GLSLExperiment\example1.cpp(198,25): warning C4305: 'argument': truncation from 'double' to 'GLfloat'
D:\Do Hoa May Tinh\ThucHanh_BTVN\De chinh sua\LamLai\update_BanGV\BaiTHso3_2_project_Cube\GLSLExperiment\example1.cpp(200,40): warning C4305: 'argument': truncation from 'double' to 'const GLfloat'
D:\Do Hoa May Tinh\ThucHanh_BTVN\De chinh sua\LamLai\update_BanGV\BaiTHso3_2_project_Cube\GLSLExperiment\example1.cpp(201,23): warning C4305: 'argument': truncation from 'double' to 'GLfloat'
D:\Do Hoa May Tinh\ThucHanh_BTVN\De chinh sua\LamLai\update_BanGV\BaiTHso3_2_project_Cube\GLSLExperiment\example1.cpp(204,42): warning C4305: 'argument': truncation from 'double' to 'const GLfloat'
D:\Do Hoa May Tinh\ThucHanh_BTVN\De chinh sua\LamLai\update_BanGV\BaiTHso3_2_project_Cube\GLSLExperiment\example1.cpp(205,27): warning C4305: 'argument': truncation from 'double' to 'GLfloat'
D:\Do Hoa May Tinh\ThucHanh_BTVN\De chinh sua\LamLai\update_BanGV\BaiTHso3_2_project_Cube\GLSLExperiment\example1.cpp(207,37): warning C4305: 'argument': truncation from 'double' to 'const GLfloat'
D:\Do Hoa May Tinh\ThucHanh_BTVN\De chinh sua\LamLai\update_BanGV\BaiTHso3_2_project_Cube\GLSLExperiment\example1.cpp(208,25): warning C4305: 'argument': truncation from 'double' to 'GLfloat'
D:\Do Hoa May Tinh\ThucHanh_BTVN\De chinh sua\LamLai\update_BanGV\BaiTHso3_2_project_Cube\GLSLExperiment\example1.cpp(210,40): warning C4305: 'argument': truncation from 'double' to 'const GLfloat'
D:\Do Hoa May Tinh\ThucHanh_BTVN\De chinh sua\LamLai\update_BanGV\BaiTHso3_2_project_Cube\GLSLExperiment\example1.cpp(211,23): warning C4305: 'argument': truncation from 'double' to 'GLfloat'
D:\Do Hoa May Tinh\ThucHanh_BTVN\De chinh sua\LamLai\update_BanGV\BaiTHso3_2_project_Cube\GLSLExperiment\example1.cpp(214,38): warning C4305: 'argument': truncation from 'double' to 'const GLfloat'
D:\Do Hoa May Tinh\ThucHanh_BTVN\De chinh sua\LamLai\update_BanGV\BaiTHso3_2_project_Cube\GLSLExperiment\example1.cpp(215,26): warning C4305: 'argument': truncation from 'double' to 'GLfloat'
D:\Do Hoa May Tinh\ThucHanh_BTVN\De chinh sua\LamLai\update_BanGV\BaiTHso3_2_project_Cube\GLSLExperiment\example1.cpp(217,39): warning C4305: 'argument': truncation from 'double' to 'const GLfloat'
D:\Do Hoa May Tinh\ThucHanh_BTVN\De chinh sua\LamLai\update_BanGV\BaiTHso3_2_project_Cube\GLSLExperiment\example1.cpp(218,28): warning C4305: 'argument': truncation from 'double' to 'GLfloat'
D:\Do Hoa May Tinh\ThucHanh_BTVN\De chinh sua\LamLai\update_BanGV\BaiTHso3_2_project_Cube\GLSLExperiment\example1.cpp(220,38): warning C4305: 'argument': truncation from 'double' to 'const GLfloat'
D:\Do Hoa May Tinh\ThucHanh_BTVN\De chinh sua\LamLai\update_BanGV\BaiTHso3_2_project_Cube\GLSLExperiment\example1.cpp(221,25): warning C4305: 'argument': truncation from 'double' to 'GLfloat'
D:\Do Hoa May Tinh\ThucHanh_BTVN\De chinh sua\LamLai\update_BanGV\BaiTHso3_2_project_Cube\GLSLExperiment\example1.cpp(223,39): warning C4305: 'argument': truncation from 'double' to 'const GLfloat'
D:\Do Hoa May Tinh\ThucHanh_BTVN\De chinh sua\LamLai\update_BanGV\BaiTHso3_2_project_Cube\GLSLExperiment\example1.cpp(224,25): warning C4305: 'argument': truncation from 'double' to 'GLfloat'
D:\Do Hoa May Tinh\ThucHanh_BTVN\De chinh sua\LamLai\update_BanGV\BaiTHso3_2_project_Cube\GLSLExperiment\example1.cpp(229,27): warning C4305: 'argument': truncation from 'double' to 'GLfloat'
D:\Do Hoa May Tinh\ThucHanh_BTVN\De chinh sua\LamLai\update_BanGV\BaiTHso3_2_project_Cube\GLSLExperiment\example1.cpp(231,36): warning C4305: 'argument': truncation from 'double' to 'const GLfloat'
D:\Do Hoa May Tinh\ThucHanh_BTVN\De chinh sua\LamLai\update_BanGV\BaiTHso3_2_project_Cube\GLSLExperiment\example1.cpp(232,28): warning C4305: 'argument': truncation from 'double' to 'GLfloat'
D:\Do Hoa May Tinh\ThucHanh_BTVN\De chinh sua\LamLai\update_BanGV\BaiTHso3_2_project_Cube\GLSLExperiment\example1.cpp(234,39): warning C4305: 'argument': truncation from 'double' to 'const GLfloat'
D:\Do Hoa May Tinh\ThucHanh_BTVN\De chinh sua\LamLai\update_BanGV\BaiTHso3_2_project_Cube\GLSLExperiment\example1.cpp(235,28): warning C4305: 'argument': truncation from 'double' to 'GLfloat'
D:\Do Hoa May Tinh\ThucHanh_BTVN\De chinh sua\LamLai\update_BanGV\BaiTHso3_2_project_Cube\GLSLExperiment\example1.cpp(237,38): warning C4305: 'argument': truncation from 'double' to 'const GLfloat'
D:\Do Hoa May Tinh\ThucHanh_BTVN\De chinh sua\LamLai\update_BanGV\BaiTHso3_2_project_Cube\GLSLExperiment\example1.cpp(238,26): warning C4305: 'argument': truncation from 'double' to 'GLfloat'
D:\Do Hoa May Tinh\ThucHanh_BTVN\De chinh sua\LamLai\update_BanGV\BaiTHso3_2_project_Cube\GLSLExperiment\example1.cpp(240,37): warning C4305: 'argument': truncation from 'double' to 'const GLfloat'
D:\Do Hoa May Tinh\ThucHanh_BTVN\De chinh sua\LamLai\update_BanGV\BaiTHso3_2_project_Cube\GLSLExperiment\example1.cpp(241,28): warning C4305: 'argument': truncation from 'double' to 'GLfloat'
D:\Do Hoa May Tinh\ThucHanh_BTVN\De chinh sua\LamLai\update_BanGV\BaiTHso3_2_project_Cube\GLSLExperiment\example1.cpp(243,37): warning C4305: 'argument': truncation from 'double' to 'const GLfloat'
D:\Do Hoa May Tinh\ThucHanh_BTVN\De chinh sua\LamLai\update_BanGV\BaiTHso3_2_project_Cube\GLSLExperiment\example1.cpp(244,25): warning C4305: 'argument': truncation from 'double' to 'GLfloat'
D:\Do Hoa May Tinh\ThucHanh_BTVN\De chinh sua\LamLai\update_BanGV\BaiTHso3_2_project_Cube\GLSLExperiment\example1.cpp(247,31): warning C4244: 'argument': conversion from 'GLdouble' to 'const GLfloat', possible loss of data
D:\Do Hoa May Tinh\ThucHanh_BTVN\De chinh sua\LamLai\update_BanGV\BaiTHso3_2_project_Cube\GLSLExperiment\example1.cpp(249,48): warning C4305: 'argument': truncation from 'double' to 'const GLfloat'
D:\Do Hoa May Tinh\ThucHanh_BTVN\De chinh sua\LamLai\update_BanGV\BaiTHso3_2_project_Cube\GLSLExperiment\example1.cpp(251,36): warning C4305: 'argument': truncation from 'double' to 'const GLfloat'
D:\Do Hoa May Tinh\ThucHanh_BTVN\De chinh sua\LamLai\update_BanGV\BaiTHso3_2_project_Cube\GLSLExperiment\example1.cpp(251,52): warning C4244: 'argument': conversion from 'GLdouble' to 'const GLfloat', possible loss of data
D:\Do Hoa May Tinh\ThucHanh_BTVN\De chinh sua\LamLai\update_BanGV\BaiTHso3_2_project_Cube\GLSLExperiment\example1.cpp(251,82): warning C4305: 'argument': truncation from 'double' to 'const GLfloat'
D:\Do Hoa May Tinh\ThucHanh_BTVN\De chinh sua\LamLai\update_BanGV\BaiTHso3_2_project_Cube\GLSLExperiment\example1.cpp(252,47): warning C4305: 'argument': truncation from 'double' to 'const GLfloat'
D:\Do Hoa May Tinh\ThucHanh_BTVN\De chinh sua\LamLai\update_BanGV\BaiTHso3_2_project_Cube\GLSLExperiment\example1.cpp(253,37): warning C4305: 'argument': truncation from 'double' to 'const GLfloat'
D:\Do Hoa May Tinh\ThucHanh_BTVN\De chinh sua\LamLai\update_BanGV\BaiTHso3_2_project_Cube\GLSLExperiment\example1.cpp(253,47): warning C4244: 'argument': conversion from 'GLdouble' to 'const GLfloat', possible loss of data
D:\Do Hoa May Tinh\ThucHanh_BTVN\De chinh sua\LamLai\update_BanGV\BaiTHso3_2_project_Cube\GLSLExperiment\example1.cpp(253,81): warning C4305: 'argument': truncation from 'double' to 'const GLfloat'
D:\Do Hoa May Tinh\ThucHanh_BTVN\De chinh sua\LamLai\update_BanGV\BaiTHso3_2_project_Cube\GLSLExperiment\example1.cpp(255,48): warning C4305: 'argument': truncation from 'double' to 'const GLfloat'
D:\Do Hoa May Tinh\ThucHanh_BTVN\De chinh sua\LamLai\update_BanGV\BaiTHso3_2_project_Cube\GLSLExperiment\example1.cpp(257,42): warning C4305: 'argument': truncation from 'double' to 'const GLfloat'
D:\Do Hoa May Tinh\ThucHanh_BTVN\De chinh sua\LamLai\update_BanGV\BaiTHso3_2_project_Cube\GLSLExperiment\example1.cpp(258,21): warning C4244: 'argument': conversion from 'GLdouble' to 'const GLfloat', possible loss of data
D:\Do Hoa May Tinh\ThucHanh_BTVN\De chinh sua\LamLai\update_BanGV\BaiTHso3_2_project_Cube\GLSLExperiment\example1.cpp(258,53): warning C4305: 'argument': truncation from 'double' to 'const GLfloat'
D:\Do Hoa May Tinh\ThucHanh_BTVN\De chinh sua\LamLai\update_BanGV\BaiTHso3_2_project_Cube\GLSLExperiment\example1.cpp(271,40): warning C4305: 'argument': truncation from 'double' to 'const GLfloat'
D:\Do Hoa May Tinh\ThucHanh_BTVN\De chinh sua\LamLai\update_BanGV\BaiTHso3_2_project_Cube\GLSLExperiment\example1.cpp(272,23): warning C4305: 'argument': truncation from 'double' to 'GLfloat'
D:\Do Hoa May Tinh\ThucHanh_BTVN\De chinh sua\LamLai\update_BanGV\BaiTHso3_2_project_Cube\GLSLExperiment\example1.cpp(274,41): warning C4305: 'argument': truncation from 'double' to 'const GLfloat'
D:\Do Hoa May Tinh\ThucHanh_BTVN\De chinh sua\LamLai\update_BanGV\BaiTHso3_2_project_Cube\GLSLExperiment\example1.cpp(275,24): warning C4305: 'argument': truncation from 'double' to 'GLfloat'
D:\Do Hoa May Tinh\ThucHanh_BTVN\De chinh sua\LamLai\update_BanGV\BaiTHso3_2_project_Cube\GLSLExperiment\example1.cpp(277,39): warning C4305: 'argument': truncation from 'double' to 'const GLfloat'
D:\Do Hoa May Tinh\ThucHanh_BTVN\De chinh sua\LamLai\update_BanGV\BaiTHso3_2_project_Cube\GLSLExperiment\example1.cpp(278,22): warning C4305: 'argument': truncation from 'double' to 'GLfloat'
D:\Do Hoa May Tinh\ThucHanh_BTVN\De chinh sua\LamLai\update_BanGV\BaiTHso3_2_project_Cube\GLSLExperiment\example1.cpp(280,40): warning C4305: 'argument': truncation from 'double' to 'const GLfloat'
D:\Do Hoa May Tinh\ThucHanh_BTVN\De chinh sua\LamLai\update_BanGV\BaiTHso3_2_project_Cube\GLSLExperiment\example1.cpp(281,24): warning C4305: 'argument': truncation from 'double' to 'GLfloat'
